[2026-03-08 22:43:20,378][__main__][INFO] - 
model:
  dim_treatments: 2
  dim_vitals: 0
  dim_static_features: 1
  dim_outcomes: 1
  name: G-Net
  g_net:
    _target_: src.models.gnet.GNet
    seq_hidden_units: null
    num_layer: null
    r_size: null
    fc_hidden_units: null
    num_comp: 1
    mc_samples: 5
    fit_vitals: true
    comp_sizes: null
    batch_size: null
    dropout_rate: null
    optimizer:
      optimizer_cls: adam
      learning_rate: null
      weight_decay: 0.0
      lr_scheduler: false
    tune_hparams: true
    tune_range: 50
    hparams_grid:
      num_layer:
      - 1
      - 2
      learning_rate:
      - 0.01
      - 0.001
      - 0.0001
      batch_size:
      - 64
      - 128
      - 256
      seq_hidden_units:
      - 0.5
      - 1.0
      - 2.0
      - 3.0
      - 4.0
      r_size:
      - 0.5
      - 1.0
      - 2.0
      - 3.0
      - 4.0
      fc_hidden_units:
      - 0.5
      - 1.0
      - 2.0
      - 3.0
      - 4.0
      dropout_rate:
      - 0.1
      - 0.2
    resources_per_trial:
      cpu: 0.4
      gpu: 0.2
dataset:
  val_batch_size: 512
  treatment_mode: multiclass
  holdout_ratio: 0.1
  _target_: src.data.SyntheticCancerDatasetCollection
  name: tumor_growth
  coeff: 10.0
  chemo_coeff: 10.0
  radio_coeff: 10.0
  seed: 101
  num_patients:
    train: 1000
    val: 1000
    test: 1000
  window_size: 15
  lag: 0
  max_seq_length: 30
  projection_horizon: 2
  cf_seq_mode: fixed_treatment
  treatment_sequence:
  - - 1.0
    - 0.0
  - - 0.0
    - 1.0
  - - 0.0
    - 1.0
exp:
  seed: 101
  gpus:
  - 0
  max_epochs: 50
  logging: false
  mlflow_uri: http://127.0.0.1:3335
  unscale_rmse: true
  percentage_rmse: true
  alpha: 1.0
  update_alpha: false
  alpha_rate: exp
  balancing: null
  bce_weight: false
  weights_ema: null
  beta: 0.99

[2026-03-08 22:43:20,383][root][INFO] - Simulating initial volumes for stage I  with norm params: mu=1.72, sigma=4.7, lb=-0.6221218732608373, ub=-0.023523848418276528
[2026-03-08 22:43:20,384][root][INFO] - Simulating initial volumes for stage II  with norm params: mu=1.96, sigma=1.63, lb=-1.9410876100159118, ub=0.3711345751297772
[2026-03-08 22:43:20,384][root][INFO] - Simulating initial volumes for stage IIIA  with norm params: mu=1.91, sigma=9.4, lb=-0.33127370258786554, ub=0.06967546355973796
[2026-03-08 22:43:20,384][root][INFO] - Simulating initial volumes for stage IIIB  with norm params: mu=2.76, sigma=6.87, lb=-0.5769974969906748, ub=-0.02839165102452155
[2026-03-08 22:43:20,385][root][INFO] - Simulating initial volumes for stage IV  with norm params: mu=3.86, sigma=8.82, lb=-0.5741465764541877, ub=-0.14683113860980307
[2026-03-08 22:43:20,386][root][INFO] - Got correlated params for 457 patients
[2026-03-08 22:43:20,386][root][INFO] - Got correlated params for 916 patients
[2026-03-08 22:43:20,387][root][INFO] - Got correlated params for 1362 patients
[2026-03-08 22:43:20,387][root][INFO] - Randomising outputs
[2026-03-08 22:43:20,646][root][INFO] - Simulating initial volumes for stage I  with norm params: mu=1.72, sigma=4.7, lb=-0.6221218732608373, ub=-0.023523848418276528
[2026-03-08 22:43:20,646][root][INFO] - Simulating initial volumes for stage II  with norm params: mu=1.96, sigma=1.63, lb=-1.9410876100159118, ub=0.3711345751297772
[2026-03-08 22:43:20,647][root][INFO] - Simulating initial volumes for stage IIIA  with norm params: mu=1.91, sigma=9.4, lb=-0.33127370258786554, ub=0.06967546355973796
[2026-03-08 22:43:20,647][root][INFO] - Simulating initial volumes for stage IIIB  with norm params: mu=2.76, sigma=6.87, lb=-0.5769974969906748, ub=-0.02839165102452155
[2026-03-08 22:43:20,647][root][INFO] - Simulating initial volumes for stage IV  with norm params: mu=3.86, sigma=8.82, lb=-0.5741465764541877, ub=-0.14683113860980307
[2026-03-08 22:43:20,648][root][INFO] - Got correlated params for 452 patients
[2026-03-08 22:43:20,649][root][INFO] - Got correlated params for 893 patients
[2026-03-08 22:43:20,649][root][INFO] - Got correlated params for 1342 patients
[2026-03-08 22:43:20,649][root][INFO] - Randomising outputs
[2026-03-08 22:43:20,907][root][INFO] - Simulating initial volumes for stage I  with norm params: mu=1.72, sigma=4.7, lb=-0.6221218732608373, ub=-0.023523848418276528
[2026-03-08 22:43:20,908][root][INFO] - Simulating initial volumes for stage II  with norm params: mu=1.96, sigma=1.63, lb=-1.9410876100159118, ub=0.3711345751297772
[2026-03-08 22:43:20,908][root][INFO] - Simulating initial volumes for stage IIIA  with norm params: mu=1.91, sigma=9.4, lb=-0.33127370258786554, ub=0.06967546355973796
[2026-03-08 22:43:20,908][root][INFO] - Simulating initial volumes for stage IIIB  with norm params: mu=2.76, sigma=6.87, lb=-0.5769974969906748, ub=-0.02839165102452155
[2026-03-08 22:43:20,909][root][INFO] - Simulating initial volumes for stage IV  with norm params: mu=3.86, sigma=8.82, lb=-0.5741465764541877, ub=-0.14683113860980307
[2026-03-08 22:43:20,909][root][INFO] - Got correlated params for 436 patients
[2026-03-08 22:43:20,910][root][INFO] - Got correlated params for 892 patients
[2026-03-08 22:43:20,910][root][INFO] - Got correlated params for 1370 patients
[2026-03-08 22:43:20,911][root][INFO] - Randomising outputs
[2026-03-08 22:43:21,436][root][INFO] - Simulating initial volumes for stage I  with norm params: mu=1.72, sigma=4.7, lb=-0.6221218732608373, ub=-0.023523848418276528
[2026-03-08 22:43:21,436][root][INFO] - Simulating initial volumes for stage II  with norm params: mu=1.96, sigma=1.63, lb=-1.9410876100159118, ub=0.3711345751297772
[2026-03-08 22:43:21,437][root][INFO] - Simulating initial volumes for stage IIIA  with norm params: mu=1.91, sigma=9.4, lb=-0.33127370258786554, ub=0.06967546355973796
[2026-03-08 22:43:21,437][root][INFO] - Simulating initial volumes for stage IIIB  with norm params: mu=2.76, sigma=6.87, lb=-0.5769974969906748, ub=-0.02839165102452155
[2026-03-08 22:43:21,437][root][INFO] - Simulating initial volumes for stage IV  with norm params: mu=3.86, sigma=8.82, lb=-0.5741465764541877, ub=-0.14683113860980307
[2026-03-08 22:43:21,438][root][INFO] - Got correlated params for 472 patients
[2026-03-08 22:43:21,438][root][INFO] - Got correlated params for 913 patients
[2026-03-08 22:43:21,439][root][INFO] - Got correlated params for 1366 patients
[2026-03-08 22:43:21,439][root][INFO] - Randomising outputs
[2026-03-08 22:43:22,027][src.data.cancer_sim.dataset][INFO] - Processing train dataset before training
[2026-03-08 22:43:22,046][src.data.cancer_sim.dataset][INFO] - Shape of processed train data: {'cancer_volume': (1000, 30), 'radio_dosage': (1000, 30), 'radio_application': (1000, 30), 'radio_probabilities': (1000, 30), 'sequence_lengths': (1000,), 'death_flags': (1000, 30), 'recovery_flags': (1000, 30), 'patient_types': (1000,), 'prev_treatments': (1000, 29, 2), 'current_treatments': (1000, 29, 2), 'prev_treatment_times': (1000, 29, 1), 'current_treatment_times': (1000, 29, 1), 'current_covariates': (1000, 29, 2), 'outputs': (1000, 29, 1), 'active_entries': (1000, 29, 1), 'unscaled_outputs': (1000, 29, 1), 'prev_outputs': (1000, 29, 1), 'static_features': (1000, 1)}
[2026-03-08 22:43:22,047][src.data.cancer_sim.dataset][INFO] - Processing val dataset before training
[2026-03-08 22:43:22,063][src.data.cancer_sim.dataset][INFO] - Shape of processed val data: {'cancer_volume': (1000, 30), 'radio_dosage': (1000, 30), 'radio_application': (1000, 30), 'radio_probabilities': (1000, 30), 'sequence_lengths': (1000,), 'death_flags': (1000, 30), 'recovery_flags': (1000, 30), 'patient_types': (1000,), 'prev_treatments': (1000, 29, 2), 'current_treatments': (1000, 29, 2), 'prev_treatment_times': (1000, 29, 1), 'current_treatment_times': (1000, 29, 1), 'current_covariates': (1000, 29, 2), 'outputs': (1000, 29, 1), 'active_entries': (1000, 29, 1), 'unscaled_outputs': (1000, 29, 1), 'prev_outputs': (1000, 29, 1), 'static_features': (1000, 1)}
[2026-03-08 22:43:22,063][src.data.cancer_sim.dataset][INFO] - Processing test dataset before training
[2026-03-08 22:43:22,967][src.data.cancer_sim.dataset][INFO] - Shape of processed test data: {'cancer_volume': (56678, 30), 'radio_application': (56678, 30), 'sequence_lengths': (56678,), 'patient_types': (56678,), 'prev_treatments': (56678, 29, 2), 'current_treatments': (56678, 29, 2), 'prev_treatment_times': (56678, 29, 1), 'current_treatment_times': (56678, 29, 1), 'current_covariates': (56678, 29, 2), 'outputs': (56678, 29, 1), 'active_entries': (56678, 29, 1), 'unscaled_outputs': (56678, 29, 1), 'prev_outputs': (56678, 29, 1), 'static_features': (56678, 1)}
[2026-03-08 22:43:22,968][src.data.cancer_sim.dataset][INFO] - Processing test dataset before training
[2026-03-08 22:43:23,443][src.data.cancer_sim.dataset][INFO] - Shape of processed test data: {'cancer_volume': (28477, 32), 'radio_application': (28477, 32), 'sequence_lengths': (28477,), 'patient_types': (28477,), 'patient_ids_all_trajectories': (28477,), 'patient_current_t': (28477,), 'prev_treatments': (28477, 31, 2), 'current_treatments': (28477, 31, 2), 'prev_treatment_times': (28477, 31, 1), 'current_treatment_times': (28477, 31, 1), 'current_covariates': (28477, 31, 2), 'outputs': (28477, 31, 1), 'active_entries': (28477, 31, 1), 'unscaled_outputs': (28477, 31, 1), 'prev_outputs': (28477, 31, 1), 'static_features': (28477, 1)}
[2026-03-08 22:43:23,443][src.data.cancer_sim.dataset][INFO] - Processing test dataset before testing (multiple sequences)
[2026-03-08 22:43:23,640][src.data.cancer_sim.dataset][INFO] - Shape of processed test data: {'active_encoder_r': (28477, 29), 'prev_treatments': (28477, 2, 2), 'current_treatments': (28477, 2, 2), 'current_covariates': (28477, 2, 2), 'prev_outputs': (28477, 2, 1), 'static_features': (28477, 1), 'outputs': (28477, 2, 1), 'sequence_lengths': (28477,), 'active_entries': (28477, 2, 1), 'unscaled_outputs': (28477, 2, 1), 'patient_types': (28477,), 'patient_ids_all_trajectories': (28477,), 'patient_current_t': (28477,)}
[2026-03-08 22:43:23,688][src.models.gnet][INFO] - Input size of g_net: 5
[2026-03-08 22:43:23,688][src.models.gnet][WARNING] - g_net not fully initialised - some mandatory args are missing! (It's ok, if one will perform hyperparameters search afterward).
[2026-03-08 22:43:23,698][src.data.dataset_collection][INFO] - Splited train_f on train_f: 900 and train_f_holdout: 100
[2026-03-08 22:43:23,698][src.data.dataset_collection][INFO] - Exploding test_cf_treatment_seq 5 times
[2026-03-08 22:43:23,856][src.models.time_varying_model][INFO] - Running hyperparameters selection with 50 trials
[2026-03-08 22:47:23,332][src.models.time_varying_model][INFO] - Best hyperparameters found: {'num_layer': 1, 'learning_rate': 0.01, 'batch_size': 128, 'seq_hidden_units': 4.0, 'r_size': 4.0, 'fc_hidden_units': 0.5, 'dropout_rate': 0.1}.
[2026-03-08 22:47:23,333][src.models.time_varying_model][INFO] - Resetting current hyperparameters to best values.
[2026-03-08 22:47:23,345][src.models.gnet][INFO] - Input size of g_net: 5
[2026-03-08 22:47:37,362][src.models.gnet][INFO] - Fitting residuals based on train_f_holdout.
[2026-03-08 22:47:37,362][src.models.gnet][INFO] - Predictions for train.
[2026-03-08 22:47:37,379][src.models.time_varying_model][INFO] - RMSE calculation for val.
[2026-03-08 22:47:37,379][src.models.gnet][INFO] - Predictions for val.
[2026-03-08 22:47:37,453][__main__][INFO] - Val normalised RMSE (all): 1.0933080429430804; Val normalised RMSE (orig): 1.0909142912031493
[2026-03-08 22:47:37,453][src.models.time_varying_model][INFO] - RMSE calculation for test.
[2026-03-08 22:47:37,454][src.models.gnet][INFO] - Predictions for test.
[2026-03-08 22:47:40,334][__main__][INFO] - Test normalised RMSE (all): 2.7811281994172434; Test normalised RMSE (orig): 2.6198233388584256; Test normalised RMSE (only counterfactual): 4.23000749663807
[2026-03-08 22:47:40,335][src.models.time_varying_model][INFO] - RMSE calculation for test.
[2026-03-08 22:47:40,335][src.models.gnet][INFO] - Autoregressive Prediction for test with MC-sampling of trajectories.
[2026-03-08 22:47:40,335][src.models.gnet][INFO] - t = 1
[2026-03-08 22:47:40,336][src.models.gnet][INFO] - Predictions for test.
[2026-03-08 22:47:41,880][src.models.gnet][INFO] - Predictions for test.
[2026-03-08 22:47:43,367][src.models.gnet][INFO] - Predictions for test.
[2026-03-08 22:47:44,282][src.models.gnet][INFO] - Predictions for test.
[2026-03-08 22:47:45,048][src.models.gnet][INFO] - Predictions for test.
[2026-03-08 22:47:45,814][src.models.gnet][INFO] - t = 2
[2026-03-08 22:47:45,815][src.models.gnet][INFO] - Predictions for test.
[2026-03-08 22:47:46,581][src.models.gnet][INFO] - Predictions for test.
[2026-03-08 22:47:47,354][src.models.gnet][INFO] - Predictions for test.
[2026-03-08 22:47:48,121][src.models.gnet][INFO] - Predictions for test.
[2026-03-08 22:47:48,887][src.models.gnet][INFO] - Predictions for test.
[2026-03-08 22:47:49,655][src.models.gnet][INFO] - t = 3
[2026-03-08 22:47:49,656][src.models.gnet][INFO] - Predictions for test.
[2026-03-08 22:47:50,419][src.models.gnet][INFO] - Predictions for test.
[2026-03-08 22:47:51,184][src.models.gnet][INFO] - Predictions for test.
[2026-03-08 22:47:51,946][src.models.gnet][INFO] - Predictions for test.
[2026-03-08 22:47:52,709][src.models.gnet][INFO] - Predictions for test.
[2026-03-08 22:47:53,513][__main__][INFO] - Test normalised RMSE (n-step prediction): {'2-step': 5.111197725261307, '3-step': 6.755816010912688}
