[2026-03-08 17:12:40,341][__main__][INFO] - 
model:
  dim_treatments: 2
  dim_vitals: 0
  dim_static_features: 1
  dim_outcomes: 1
  name: DynamicCausalPFN
  dynamic_causal_pfn:
    _target_: src.models.dynamic_causal_pfn.DynamicCausalPFN
    max_seq_length: 32
    seq_hidden_units: 64
    hr_size: 16
    fc_hidden_units: 64
    dropout_rate: 0.1
    num_layer: 4
    num_heads: 4
    max_grad_norm: 0.0
    batch_size: 128
    attn_dropout: true
    disable_cross_attention: false
    isolate_subnetwork: _
    projection_horizon: 0
    self_positional_encoding:
      absolute: true
      trainable: false
    optimizer:
      optimizer_cls: adam
      learning_rate: 0.001
      weight_decay: 0.0
      lr_scheduler: false
    pretrained_ckpt: /data1/letternight/test_simple-1/outputs/2026-03-08/16-59-46/checkpoints/last.ckpt
    transfer_mode: few_shot
    few_shot_samples: 10
    tune_hparams: false
    tune_range: 50
    hparams_grid: null
    resources_per_trial: null
dataset:
  val_batch_size: 512
  treatment_mode: multiclass
  coeff: 10.0
  _target_: src.data.SyntheticCancerDatasetCollection
  name: tumor_growth
  chemo_coeff: 10.0
  radio_coeff: 10.0
  seed: 101
  num_patients:
    train: 1000
    val: 1000
    test: 1000
  window_size: 15
  lag: 0
  max_seq_length: 30
  projection_horizon: 2
  cf_seq_mode: fixed_treatment
  treatment_sequence:
  - - 1.0
    - 0.0
  - - 0.0
    - 1.0
  - - 0.0
    - 1.0
exp:
  seed: 101
  gpus:
  - 0
  max_epochs: 25
  logging: false
  mlflow_uri: http://127.0.0.1:3335
  unscale_rmse: true
  percentage_rmse: true
  alpha: 1.0
  update_alpha: false
  alpha_rate: exp
  balancing: null
  bce_weight: false
  weights_ema: null
  beta: 0.99

[2026-03-08 17:12:40,347][root][INFO] - Simulating initial volumes for stage I  with norm params: mu=1.72, sigma=4.7, lb=-0.6221218732608373, ub=-0.023523848418276528
[2026-03-08 17:12:40,347][root][INFO] - Simulating initial volumes for stage II  with norm params: mu=1.96, sigma=1.63, lb=-1.9410876100159118, ub=0.3711345751297772
[2026-03-08 17:12:40,348][root][INFO] - Simulating initial volumes for stage IIIA  with norm params: mu=1.91, sigma=9.4, lb=-0.33127370258786554, ub=0.06967546355973796
[2026-03-08 17:12:40,348][root][INFO] - Simulating initial volumes for stage IIIB  with norm params: mu=2.76, sigma=6.87, lb=-0.5769974969906748, ub=-0.02839165102452155
[2026-03-08 17:12:40,348][root][INFO] - Simulating initial volumes for stage IV  with norm params: mu=3.86, sigma=8.82, lb=-0.5741465764541877, ub=-0.14683113860980307
[2026-03-08 17:12:40,350][root][INFO] - Got correlated params for 457 patients
[2026-03-08 17:12:40,350][root][INFO] - Got correlated params for 916 patients
[2026-03-08 17:12:40,350][root][INFO] - Got correlated params for 1362 patients
[2026-03-08 17:12:40,351][root][INFO] - Randomising outputs
[2026-03-08 17:12:40,616][root][INFO] - Simulating initial volumes for stage I  with norm params: mu=1.72, sigma=4.7, lb=-0.6221218732608373, ub=-0.023523848418276528
[2026-03-08 17:12:40,616][root][INFO] - Simulating initial volumes for stage II  with norm params: mu=1.96, sigma=1.63, lb=-1.9410876100159118, ub=0.3711345751297772
[2026-03-08 17:12:40,616][root][INFO] - Simulating initial volumes for stage IIIA  with norm params: mu=1.91, sigma=9.4, lb=-0.33127370258786554, ub=0.06967546355973796
[2026-03-08 17:12:40,617][root][INFO] - Simulating initial volumes for stage IIIB  with norm params: mu=2.76, sigma=6.87, lb=-0.5769974969906748, ub=-0.02839165102452155
[2026-03-08 17:12:40,617][root][INFO] - Simulating initial volumes for stage IV  with norm params: mu=3.86, sigma=8.82, lb=-0.5741465764541877, ub=-0.14683113860980307
[2026-03-08 17:12:40,618][root][INFO] - Got correlated params for 452 patients
[2026-03-08 17:12:40,618][root][INFO] - Got correlated params for 893 patients
[2026-03-08 17:12:40,619][root][INFO] - Got correlated params for 1342 patients
[2026-03-08 17:12:40,619][root][INFO] - Randomising outputs
[2026-03-08 17:12:40,883][root][INFO] - Simulating initial volumes for stage I  with norm params: mu=1.72, sigma=4.7, lb=-0.6221218732608373, ub=-0.023523848418276528
[2026-03-08 17:12:40,884][root][INFO] - Simulating initial volumes for stage II  with norm params: mu=1.96, sigma=1.63, lb=-1.9410876100159118, ub=0.3711345751297772
[2026-03-08 17:12:40,884][root][INFO] - Simulating initial volumes for stage IIIA  with norm params: mu=1.91, sigma=9.4, lb=-0.33127370258786554, ub=0.06967546355973796
[2026-03-08 17:12:40,884][root][INFO] - Simulating initial volumes for stage IIIB  with norm params: mu=2.76, sigma=6.87, lb=-0.5769974969906748, ub=-0.02839165102452155
[2026-03-08 17:12:40,885][root][INFO] - Simulating initial volumes for stage IV  with norm params: mu=3.86, sigma=8.82, lb=-0.5741465764541877, ub=-0.14683113860980307
[2026-03-08 17:12:40,886][root][INFO] - Got correlated params for 436 patients
[2026-03-08 17:12:40,886][root][INFO] - Got correlated params for 892 patients
[2026-03-08 17:12:40,886][root][INFO] - Got correlated params for 1370 patients
[2026-03-08 17:12:40,887][root][INFO] - Randomising outputs
[2026-03-08 17:12:41,424][root][INFO] - Simulating initial volumes for stage I  with norm params: mu=1.72, sigma=4.7, lb=-0.6221218732608373, ub=-0.023523848418276528
[2026-03-08 17:12:41,424][root][INFO] - Simulating initial volumes for stage II  with norm params: mu=1.96, sigma=1.63, lb=-1.9410876100159118, ub=0.3711345751297772
[2026-03-08 17:12:41,424][root][INFO] - Simulating initial volumes for stage IIIA  with norm params: mu=1.91, sigma=9.4, lb=-0.33127370258786554, ub=0.06967546355973796
[2026-03-08 17:12:41,425][root][INFO] - Simulating initial volumes for stage IIIB  with norm params: mu=2.76, sigma=6.87, lb=-0.5769974969906748, ub=-0.02839165102452155
[2026-03-08 17:12:41,425][root][INFO] - Simulating initial volumes for stage IV  with norm params: mu=3.86, sigma=8.82, lb=-0.5741465764541877, ub=-0.14683113860980307
[2026-03-08 17:12:41,426][root][INFO] - Got correlated params for 472 patients
[2026-03-08 17:12:41,426][root][INFO] - Got correlated params for 913 patients
[2026-03-08 17:12:41,427][root][INFO] - Got correlated params for 1366 patients
[2026-03-08 17:12:41,427][root][INFO] - Randomising outputs
[2026-03-08 17:12:42,037][src.data.cancer_sim.dataset][INFO] - Processing train dataset before training
[2026-03-08 17:12:42,056][src.data.cancer_sim.dataset][INFO] - Shape of processed train data: {'cancer_volume': (1000, 30), 'radio_dosage': (1000, 30), 'radio_application': (1000, 30), 'radio_probabilities': (1000, 30), 'sequence_lengths': (1000,), 'death_flags': (1000, 30), 'recovery_flags': (1000, 30), 'patient_types': (1000,), 'prev_treatments': (1000, 29, 2), 'current_treatments': (1000, 29, 2), 'prev_treatment_times': (1000, 29, 1), 'current_treatment_times': (1000, 29, 1), 'current_covariates': (1000, 29, 2), 'outputs': (1000, 29, 1), 'active_entries': (1000, 29, 1), 'unscaled_outputs': (1000, 29, 1), 'prev_outputs': (1000, 29, 1), 'static_features': (1000, 1)}
[2026-03-08 17:12:42,056][src.data.cancer_sim.dataset][INFO] - Processing val dataset before training
[2026-03-08 17:12:42,073][src.data.cancer_sim.dataset][INFO] - Shape of processed val data: {'cancer_volume': (1000, 30), 'radio_dosage': (1000, 30), 'radio_application': (1000, 30), 'radio_probabilities': (1000, 30), 'sequence_lengths': (1000,), 'death_flags': (1000, 30), 'recovery_flags': (1000, 30), 'patient_types': (1000,), 'prev_treatments': (1000, 29, 2), 'current_treatments': (1000, 29, 2), 'prev_treatment_times': (1000, 29, 1), 'current_treatment_times': (1000, 29, 1), 'current_covariates': (1000, 29, 2), 'outputs': (1000, 29, 1), 'active_entries': (1000, 29, 1), 'unscaled_outputs': (1000, 29, 1), 'prev_outputs': (1000, 29, 1), 'static_features': (1000, 1)}
[2026-03-08 17:12:42,073][src.data.cancer_sim.dataset][INFO] - Processing test dataset before training
[2026-03-08 17:12:43,014][src.data.cancer_sim.dataset][INFO] - Shape of processed test data: {'cancer_volume': (56678, 30), 'radio_application': (56678, 30), 'sequence_lengths': (56678,), 'patient_types': (56678,), 'prev_treatments': (56678, 29, 2), 'current_treatments': (56678, 29, 2), 'prev_treatment_times': (56678, 29, 1), 'current_treatment_times': (56678, 29, 1), 'current_covariates': (56678, 29, 2), 'outputs': (56678, 29, 1), 'active_entries': (56678, 29, 1), 'unscaled_outputs': (56678, 29, 1), 'prev_outputs': (56678, 29, 1), 'static_features': (56678, 1)}
[2026-03-08 17:12:43,015][src.data.cancer_sim.dataset][INFO] - Processing test dataset before training
[2026-03-08 17:12:43,510][src.data.cancer_sim.dataset][INFO] - Shape of processed test data: {'cancer_volume': (28477, 32), 'radio_application': (28477, 32), 'sequence_lengths': (28477,), 'patient_types': (28477,), 'patient_ids_all_trajectories': (28477,), 'patient_current_t': (28477,), 'prev_treatments': (28477, 31, 2), 'current_treatments': (28477, 31, 2), 'prev_treatment_times': (28477, 31, 1), 'current_treatment_times': (28477, 31, 1), 'current_covariates': (28477, 31, 2), 'outputs': (28477, 31, 1), 'active_entries': (28477, 31, 1), 'unscaled_outputs': (28477, 31, 1), 'prev_outputs': (28477, 31, 1), 'static_features': (28477, 1)}
[2026-03-08 17:12:43,510][src.data.cancer_sim.dataset][INFO] - Processing test dataset before testing (multiple sequences)
[2026-03-08 17:12:43,691][src.data.cancer_sim.dataset][INFO] - Shape of processed test data: {'active_encoder_r': (28477, 29), 'prev_treatments': (28477, 2, 2), 'current_treatments': (28477, 2, 2), 'current_covariates': (28477, 2, 2), 'prev_outputs': (28477, 2, 1), 'static_features': (28477, 1), 'outputs': (28477, 2, 1), 'sequence_lengths': (28477,), 'active_entries': (28477, 2, 1), 'unscaled_outputs': (28477, 2, 1), 'patient_types': (28477,), 'patient_ids_all_trajectories': (28477,), 'patient_current_t': (28477,)}
[2026-03-08 17:12:43,727][__main__][INFO] - Loading pretrained checkpoint from: /data1/letternight/test_simple-1/outputs/2026-03-08/16-59-46/checkpoints/last.ckpt
[2026-03-08 17:12:43,755][src.models.dynamic_causal_pfn][INFO] - Max input size of dynamic_causal_pfn: 2
[2026-03-08 18:04:49,528][__main__][INFO] - 
model:
  dim_treatments: 2
  dim_vitals: 0
  dim_static_features: 1
  dim_outcomes: 1
  name: DynamicCausalPFN
  dynamic_causal_pfn:
    _target_: src.models.dynamic_causal_pfn.DynamicCausalPFN
    max_seq_length: 32
    seq_hidden_units: 16
    hr_size: 16
    fc_hidden_units: 16
    dropout_rate: 0.2
    num_layer: 4
    num_heads: 4
    max_grad_norm: 0.0
    batch_size: 128
    attn_dropout: true
    disable_cross_attention: false
    isolate_subnetwork: _
    projection_horizon: 0
    self_positional_encoding:
      absolute: true
      trainable: false
    optimizer:
      optimizer_cls: adam
      learning_rate: 0.001
      weight_decay: 0.0
      lr_scheduler: false
    pretrained_ckpt: /data1/letternight/test_simple-1/outputs/2026-03-08/16-59-46/checkpoints/last.ckpt
    transfer_mode: few_shot
    few_shot_samples: 10
    tune_hparams: false
    tune_range: 50
    hparams_grid: null
    resources_per_trial: null
dataset:
  val_batch_size: 512
  treatment_mode: multiclass
  _target_: src.data.SyntheticCancerDatasetCollection
  name: tumor_growth
  coeff: 10.0
  chemo_coeff: 10.0
  radio_coeff: 10.0
  seed: 101
  num_patients:
    train: 1000
    val: 1000
    test: 1000
  window_size: 15
  lag: 0
  max_seq_length: 30
  projection_horizon: 2
  cf_seq_mode: fixed_treatment
  treatment_sequence:
  - - 1.0
    - 0.0
  - - 0.0
    - 1.0
  - - 0.0
    - 1.0
exp:
  seed: 101
  gpus:
  - 0
  max_epochs: 25
  logging: false
  mlflow_uri: http://127.0.0.1:3335
  unscale_rmse: true
  percentage_rmse: true
  alpha: 1.0
  update_alpha: false
  alpha_rate: exp
  balancing: null
  bce_weight: false
  weights_ema: null
  beta: 0.99

[2026-03-08 18:04:49,533][root][INFO] - Simulating initial volumes for stage I  with norm params: mu=1.72, sigma=4.7, lb=-0.6221218732608373, ub=-0.023523848418276528
[2026-03-08 18:04:49,533][root][INFO] - Simulating initial volumes for stage II  with norm params: mu=1.96, sigma=1.63, lb=-1.9410876100159118, ub=0.3711345751297772
[2026-03-08 18:04:49,534][root][INFO] - Simulating initial volumes for stage IIIA  with norm params: mu=1.91, sigma=9.4, lb=-0.33127370258786554, ub=0.06967546355973796
[2026-03-08 18:04:49,534][root][INFO] - Simulating initial volumes for stage IIIB  with norm params: mu=2.76, sigma=6.87, lb=-0.5769974969906748, ub=-0.02839165102452155
[2026-03-08 18:04:49,534][root][INFO] - Simulating initial volumes for stage IV  with norm params: mu=3.86, sigma=8.82, lb=-0.5741465764541877, ub=-0.14683113860980307
[2026-03-08 18:04:49,535][root][INFO] - Got correlated params for 457 patients
[2026-03-08 18:04:49,536][root][INFO] - Got correlated params for 916 patients
[2026-03-08 18:04:49,536][root][INFO] - Got correlated params for 1362 patients
[2026-03-08 18:04:49,537][root][INFO] - Randomising outputs
[2026-03-08 18:04:49,792][root][INFO] - Simulating initial volumes for stage I  with norm params: mu=1.72, sigma=4.7, lb=-0.6221218732608373, ub=-0.023523848418276528
[2026-03-08 18:04:49,792][root][INFO] - Simulating initial volumes for stage II  with norm params: mu=1.96, sigma=1.63, lb=-1.9410876100159118, ub=0.3711345751297772
[2026-03-08 18:04:49,793][root][INFO] - Simulating initial volumes for stage IIIA  with norm params: mu=1.91, sigma=9.4, lb=-0.33127370258786554, ub=0.06967546355973796
[2026-03-08 18:04:49,793][root][INFO] - Simulating initial volumes for stage IIIB  with norm params: mu=2.76, sigma=6.87, lb=-0.5769974969906748, ub=-0.02839165102452155
[2026-03-08 18:04:49,793][root][INFO] - Simulating initial volumes for stage IV  with norm params: mu=3.86, sigma=8.82, lb=-0.5741465764541877, ub=-0.14683113860980307
[2026-03-08 18:04:49,794][root][INFO] - Got correlated params for 452 patients
[2026-03-08 18:04:49,795][root][INFO] - Got correlated params for 893 patients
[2026-03-08 18:04:49,795][root][INFO] - Got correlated params for 1342 patients
[2026-03-08 18:04:49,795][root][INFO] - Randomising outputs
[2026-03-08 18:04:50,048][root][INFO] - Simulating initial volumes for stage I  with norm params: mu=1.72, sigma=4.7, lb=-0.6221218732608373, ub=-0.023523848418276528
[2026-03-08 18:04:50,049][root][INFO] - Simulating initial volumes for stage II  with norm params: mu=1.96, sigma=1.63, lb=-1.9410876100159118, ub=0.3711345751297772
[2026-03-08 18:04:50,049][root][INFO] - Simulating initial volumes for stage IIIA  with norm params: mu=1.91, sigma=9.4, lb=-0.33127370258786554, ub=0.06967546355973796
[2026-03-08 18:04:50,049][root][INFO] - Simulating initial volumes for stage IIIB  with norm params: mu=2.76, sigma=6.87, lb=-0.5769974969906748, ub=-0.02839165102452155
[2026-03-08 18:04:50,050][root][INFO] - Simulating initial volumes for stage IV  with norm params: mu=3.86, sigma=8.82, lb=-0.5741465764541877, ub=-0.14683113860980307
[2026-03-08 18:04:50,050][root][INFO] - Got correlated params for 436 patients
[2026-03-08 18:04:50,051][root][INFO] - Got correlated params for 892 patients
[2026-03-08 18:04:50,051][root][INFO] - Got correlated params for 1370 patients
[2026-03-08 18:04:50,052][root][INFO] - Randomising outputs
[2026-03-08 18:04:50,571][root][INFO] - Simulating initial volumes for stage I  with norm params: mu=1.72, sigma=4.7, lb=-0.6221218732608373, ub=-0.023523848418276528
[2026-03-08 18:04:50,572][root][INFO] - Simulating initial volumes for stage II  with norm params: mu=1.96, sigma=1.63, lb=-1.9410876100159118, ub=0.3711345751297772
[2026-03-08 18:04:50,572][root][INFO] - Simulating initial volumes for stage IIIA  with norm params: mu=1.91, sigma=9.4, lb=-0.33127370258786554, ub=0.06967546355973796
[2026-03-08 18:04:50,573][root][INFO] - Simulating initial volumes for stage IIIB  with norm params: mu=2.76, sigma=6.87, lb=-0.5769974969906748, ub=-0.02839165102452155
[2026-03-08 18:04:50,573][root][INFO] - Simulating initial volumes for stage IV  with norm params: mu=3.86, sigma=8.82, lb=-0.5741465764541877, ub=-0.14683113860980307
[2026-03-08 18:04:50,574][root][INFO] - Got correlated params for 472 patients
[2026-03-08 18:04:50,574][root][INFO] - Got correlated params for 913 patients
[2026-03-08 18:04:50,575][root][INFO] - Got correlated params for 1366 patients
[2026-03-08 18:04:50,575][root][INFO] - Randomising outputs
[2026-03-08 18:04:51,163][src.data.cancer_sim.dataset][INFO] - Processing train dataset before training
[2026-03-08 18:04:51,181][src.data.cancer_sim.dataset][INFO] - Shape of processed train data: {'cancer_volume': (1000, 30), 'radio_dosage': (1000, 30), 'radio_application': (1000, 30), 'radio_probabilities': (1000, 30), 'sequence_lengths': (1000,), 'death_flags': (1000, 30), 'recovery_flags': (1000, 30), 'patient_types': (1000,), 'prev_treatments': (1000, 29, 2), 'current_treatments': (1000, 29, 2), 'prev_treatment_times': (1000, 29, 1), 'current_treatment_times': (1000, 29, 1), 'current_covariates': (1000, 29, 2), 'outputs': (1000, 29, 1), 'active_entries': (1000, 29, 1), 'unscaled_outputs': (1000, 29, 1), 'prev_outputs': (1000, 29, 1), 'static_features': (1000, 1)}
[2026-03-08 18:04:51,181][src.data.cancer_sim.dataset][INFO] - Processing val dataset before training
[2026-03-08 18:04:51,198][src.data.cancer_sim.dataset][INFO] - Shape of processed val data: {'cancer_volume': (1000, 30), 'radio_dosage': (1000, 30), 'radio_application': (1000, 30), 'radio_probabilities': (1000, 30), 'sequence_lengths': (1000,), 'death_flags': (1000, 30), 'recovery_flags': (1000, 30), 'patient_types': (1000,), 'prev_treatments': (1000, 29, 2), 'current_treatments': (1000, 29, 2), 'prev_treatment_times': (1000, 29, 1), 'current_treatment_times': (1000, 29, 1), 'current_covariates': (1000, 29, 2), 'outputs': (1000, 29, 1), 'active_entries': (1000, 29, 1), 'unscaled_outputs': (1000, 29, 1), 'prev_outputs': (1000, 29, 1), 'static_features': (1000, 1)}
[2026-03-08 18:04:51,198][src.data.cancer_sim.dataset][INFO] - Processing test dataset before training
[2026-03-08 18:04:52,109][src.data.cancer_sim.dataset][INFO] - Shape of processed test data: {'cancer_volume': (56678, 30), 'radio_application': (56678, 30), 'sequence_lengths': (56678,), 'patient_types': (56678,), 'prev_treatments': (56678, 29, 2), 'current_treatments': (56678, 29, 2), 'prev_treatment_times': (56678, 29, 1), 'current_treatment_times': (56678, 29, 1), 'current_covariates': (56678, 29, 2), 'outputs': (56678, 29, 1), 'active_entries': (56678, 29, 1), 'unscaled_outputs': (56678, 29, 1), 'prev_outputs': (56678, 29, 1), 'static_features': (56678, 1)}
[2026-03-08 18:04:52,110][src.data.cancer_sim.dataset][INFO] - Processing test dataset before training
[2026-03-08 18:04:52,590][src.data.cancer_sim.dataset][INFO] - Shape of processed test data: {'cancer_volume': (28477, 32), 'radio_application': (28477, 32), 'sequence_lengths': (28477,), 'patient_types': (28477,), 'patient_ids_all_trajectories': (28477,), 'patient_current_t': (28477,), 'prev_treatments': (28477, 31, 2), 'current_treatments': (28477, 31, 2), 'prev_treatment_times': (28477, 31, 1), 'current_treatment_times': (28477, 31, 1), 'current_covariates': (28477, 31, 2), 'outputs': (28477, 31, 1), 'active_entries': (28477, 31, 1), 'unscaled_outputs': (28477, 31, 1), 'prev_outputs': (28477, 31, 1), 'static_features': (28477, 1)}
[2026-03-08 18:04:52,590][src.data.cancer_sim.dataset][INFO] - Processing test dataset before testing (multiple sequences)
[2026-03-08 18:04:52,782][src.data.cancer_sim.dataset][INFO] - Shape of processed test data: {'active_encoder_r': (28477, 29), 'prev_treatments': (28477, 2, 2), 'current_treatments': (28477, 2, 2), 'current_covariates': (28477, 2, 2), 'prev_outputs': (28477, 2, 1), 'static_features': (28477, 1), 'outputs': (28477, 2, 1), 'sequence_lengths': (28477,), 'active_entries': (28477, 2, 1), 'unscaled_outputs': (28477, 2, 1), 'patient_types': (28477,), 'patient_ids_all_trajectories': (28477,), 'patient_current_t': (28477,)}
[2026-03-08 18:04:52,820][__main__][INFO] - Loading pretrained checkpoint from: /data1/letternight/test_simple-1/outputs/2026-03-08/16-59-46/checkpoints/last.ckpt
[2026-03-08 18:04:52,851][src.models.dynamic_causal_pfn][INFO] - Max input size of dynamic_causal_pfn: 2
[2026-03-08 18:04:52,865][__main__][INFO] - Pretrained checkpoint loaded successfully.
[2026-03-08 18:04:52,865][__main__][INFO] - Transfer mode: FEW-SHOT — fine-tuning on 10/1000 training samples.
[2026-03-08 18:04:57,584][__main__][INFO] - Best checkpoint: /data1/letternight/test_simple-1/outputs/transfer_sweep/few_shot_n10/checkpoints/pretrained-epoch=24-dynamic_causal_pfn_train_loss=0.4937.ckpt
[2026-03-08 18:04:57,584][__main__][INFO] - Last checkpoint: /data1/letternight/test_simple-1/outputs/transfer_sweep/few_shot_n10/checkpoints/last.ckpt
[2026-03-08 18:04:57,609][src.models.time_varying_model][INFO] - RMSE calculation for val.
[2026-03-08 18:04:57,610][src.models.dynamic_causal_pfn][INFO] - Predictions for val.
[2026-03-08 18:04:57,722][__main__][INFO] - Val normalised RMSE (all): 3.7481623284026147; Val normalised RMSE (orig): 3.738232280392699
[2026-03-08 18:04:57,722][src.models.time_varying_model][INFO] - RMSE calculation for test.
[2026-03-08 18:04:57,722][src.models.dynamic_causal_pfn][INFO] - Predictions for test.
[2026-03-08 18:05:01,652][__main__][INFO] - Test normalised RMSE (all): 10.062285614532868; Test normalised RMSE (orig): 10.050043731510451; Test normalised RMSE (only counterfactual): 9.713625359917234
[2026-03-08 18:05:01,664][src.models.dynamic_causal_pfn][INFO] - Max input size of dynamic_causal_pfn: 2
[2026-03-08 18:10:51,345][src.models.dynamic_causal_pfn][INFO] - RMSE calculation for test.
[2026-03-08 18:10:51,345][src.models.dynamic_causal_pfn][INFO] - Predictions for test.
[2026-03-08 18:10:53,467][__main__][INFO] - Test normalised RMSE (n-step prediction): {'2-step': 11.379893460115223}
[2026-03-08 18:10:53,476][src.models.dynamic_causal_pfn][INFO] - Max input size of dynamic_causal_pfn: 2
[2026-03-08 18:16:36,194][src.models.dynamic_causal_pfn][INFO] - RMSE calculation for test.
[2026-03-08 18:16:36,194][src.models.dynamic_causal_pfn][INFO] - Predictions for test.
[2026-03-08 18:16:38,300][__main__][INFO] - Test normalised RMSE (n-step prediction): {'3-step': 13.552531856760307}
