[2026-03-09 16:33:49,889][__main__][INFO] - 
model:
  dim_treatments: 2
  dim_vitals: 0
  dim_static_features: 1
  dim_outcomes: 1
  name: RMSN
  propensity_treatment:
    _target_: src.models.rmsn.RMSNPropensityNetworkTreatment
    seq_hidden_units: 8
    dropout_rate: 0.1
    num_layer: 1
    batch_size: 64
    max_grad_norm: 2.0
    optimizer:
      optimizer_cls: adam
      learning_rate: 0.01
      weight_decay: 0.0
      lr_scheduler: false
    tune_hparams: false
    tune_range: 50
    resources_per_trial: null
    hparams_grid: null
  propensity_history:
    _target_: src.models.rmsn.RMSNPropensityNetworkHistory
    seq_hidden_units: 20
    dropout_rate: 0.2
    num_layer: 2
    batch_size: 128
    max_grad_norm: 2.0
    optimizer:
      optimizer_cls: adam
      learning_rate: 0.01
      weight_decay: 0.0
      lr_scheduler: false
    tune_hparams: false
    tune_range: 50
    resources_per_trial: null
    hparams_grid: null
  encoder:
    _target_: src.models.rmsn.RMSNEncoder
    seq_hidden_units: 20
    dropout_rate: 0.1
    num_layer: 1
    batch_size: 64
    max_grad_norm: 2.0
    optimizer:
      optimizer_cls: adam
      learning_rate: 0.01
      weight_decay: 0.0
      lr_scheduler: false
    tune_hparams: false
    tune_range: 50
    resources_per_trial: null
    hparams_grid: null
  train_decoder: true
  decoder:
    _target_: src.models.rmsn.RMSNDecoder
    seq_hidden_units: 20
    dropout_rate: 0.1
    num_layer: 1
    batch_size: 512
    max_grad_norm: 0.5
    optimizer:
      optimizer_cls: adam
      learning_rate: 0.01
      weight_decay: 0.0
      lr_scheduler: false
    tune_hparams: false
    tune_range: 20
    resources_per_trial: null
dataset:
  val_batch_size: 512
  treatment_mode: multiclass
  coeff: 10.0
  _target_: src.data.SyntheticCancerDatasetCollection
  name: tumor_growth
  chemo_coeff: 10.0
  radio_coeff: 10.0
  seed: 101
  num_patients:
    train: 1000
    val: 1000
    test: 1000
  window_size: 15
  lag: 0
  max_seq_length: 30
  projection_horizon: 2
  cf_seq_mode: fixed_treatment
  treatment_sequence:
  - - 1.0
    - 0.0
  - - 0.0
    - 1.0
  - - 0.0
    - 1.0
exp:
  seed: 101
  gpus:
  - 0
  max_epochs: 1
  logging: false
  mlflow_uri: http://127.0.0.1:3335
  unscale_rmse: true
  percentage_rmse: true
  alpha: 1.0
  update_alpha: false
  alpha_rate: exp
  balancing: null
  bce_weight: false
  weights_ema: null
  beta: 0.99

[2026-03-09 16:33:49,893][root][INFO] - Simulating initial volumes for stage I  with norm params: mu=1.72, sigma=4.7, lb=-0.6221218732608373, ub=-0.023523848418276528
[2026-03-09 16:33:49,894][root][INFO] - Simulating initial volumes for stage II  with norm params: mu=1.96, sigma=1.63, lb=-1.9410876100159118, ub=0.3711345751297772
[2026-03-09 16:33:49,894][root][INFO] - Simulating initial volumes for stage IIIA  with norm params: mu=1.91, sigma=9.4, lb=-0.33127370258786554, ub=0.06967546355973796
[2026-03-09 16:33:49,895][root][INFO] - Simulating initial volumes for stage IIIB  with norm params: mu=2.76, sigma=6.87, lb=-0.5769974969906748, ub=-0.02839165102452155
[2026-03-09 16:33:49,895][root][INFO] - Simulating initial volumes for stage IV  with norm params: mu=3.86, sigma=8.82, lb=-0.5741465764541877, ub=-0.14683113860980307
[2026-03-09 16:33:49,896][root][INFO] - Got correlated params for 457 patients
[2026-03-09 16:33:49,897][root][INFO] - Got correlated params for 916 patients
[2026-03-09 16:33:49,897][root][INFO] - Got correlated params for 1362 patients
[2026-03-09 16:33:49,898][root][INFO] - Randomising outputs
[2026-03-09 16:33:50,157][root][INFO] - Simulating initial volumes for stage I  with norm params: mu=1.72, sigma=4.7, lb=-0.6221218732608373, ub=-0.023523848418276528
[2026-03-09 16:33:50,158][root][INFO] - Simulating initial volumes for stage II  with norm params: mu=1.96, sigma=1.63, lb=-1.9410876100159118, ub=0.3711345751297772
[2026-03-09 16:33:50,158][root][INFO] - Simulating initial volumes for stage IIIA  with norm params: mu=1.91, sigma=9.4, lb=-0.33127370258786554, ub=0.06967546355973796
[2026-03-09 16:33:50,158][root][INFO] - Simulating initial volumes for stage IIIB  with norm params: mu=2.76, sigma=6.87, lb=-0.5769974969906748, ub=-0.02839165102452155
[2026-03-09 16:33:50,158][root][INFO] - Simulating initial volumes for stage IV  with norm params: mu=3.86, sigma=8.82, lb=-0.5741465764541877, ub=-0.14683113860980307
[2026-03-09 16:33:50,159][root][INFO] - Got correlated params for 452 patients
[2026-03-09 16:33:50,160][root][INFO] - Got correlated params for 893 patients
[2026-03-09 16:33:50,160][root][INFO] - Got correlated params for 1342 patients
[2026-03-09 16:33:50,161][root][INFO] - Randomising outputs
[2026-03-09 16:33:50,418][root][INFO] - Simulating initial volumes for stage I  with norm params: mu=1.72, sigma=4.7, lb=-0.6221218732608373, ub=-0.023523848418276528
[2026-03-09 16:33:50,419][root][INFO] - Simulating initial volumes for stage II  with norm params: mu=1.96, sigma=1.63, lb=-1.9410876100159118, ub=0.3711345751297772
[2026-03-09 16:33:50,419][root][INFO] - Simulating initial volumes for stage IIIA  with norm params: mu=1.91, sigma=9.4, lb=-0.33127370258786554, ub=0.06967546355973796
[2026-03-09 16:33:50,419][root][INFO] - Simulating initial volumes for stage IIIB  with norm params: mu=2.76, sigma=6.87, lb=-0.5769974969906748, ub=-0.02839165102452155
[2026-03-09 16:33:50,420][root][INFO] - Simulating initial volumes for stage IV  with norm params: mu=3.86, sigma=8.82, lb=-0.5741465764541877, ub=-0.14683113860980307
[2026-03-09 16:33:50,421][root][INFO] - Got correlated params for 436 patients
[2026-03-09 16:33:50,421][root][INFO] - Got correlated params for 892 patients
[2026-03-09 16:33:50,421][root][INFO] - Got correlated params for 1370 patients
[2026-03-09 16:33:50,422][root][INFO] - Randomising outputs
[2026-03-09 16:33:51,082][root][INFO] - Simulating initial volumes for stage I  with norm params: mu=1.72, sigma=4.7, lb=-0.6221218732608373, ub=-0.023523848418276528
[2026-03-09 16:33:51,084][root][INFO] - Simulating initial volumes for stage II  with norm params: mu=1.96, sigma=1.63, lb=-1.9410876100159118, ub=0.3711345751297772
[2026-03-09 16:33:51,084][root][INFO] - Simulating initial volumes for stage IIIA  with norm params: mu=1.91, sigma=9.4, lb=-0.33127370258786554, ub=0.06967546355973796
[2026-03-09 16:33:51,085][root][INFO] - Simulating initial volumes for stage IIIB  with norm params: mu=2.76, sigma=6.87, lb=-0.5769974969906748, ub=-0.02839165102452155
[2026-03-09 16:33:51,085][root][INFO] - Simulating initial volumes for stage IV  with norm params: mu=3.86, sigma=8.82, lb=-0.5741465764541877, ub=-0.14683113860980307
[2026-03-09 16:33:51,087][root][INFO] - Got correlated params for 472 patients
[2026-03-09 16:33:51,088][root][INFO] - Got correlated params for 913 patients
[2026-03-09 16:33:51,089][root][INFO] - Got correlated params for 1366 patients
[2026-03-09 16:33:51,090][root][INFO] - Randomising outputs
