[2026-03-08 17:13:56,797][__main__][INFO] - 
model:
  dim_treatments: 2
  dim_vitals: 0
  dim_static_features: 1
  dim_outcomes: 1
  name: DynamicCausalPFN
  dynamic_causal_pfn:
    _target_: src.models.dynamic_causal_pfn.DynamicCausalPFN
    max_seq_length: 32
    seq_hidden_units: 64
    hr_size: 16
    fc_hidden_units: 64
    dropout_rate: 0.1
    num_layer: 4
    num_heads: 4
    max_grad_norm: 0.0
    batch_size: 128
    attn_dropout: true
    disable_cross_attention: false
    isolate_subnetwork: _
    projection_horizon: 0
    self_positional_encoding:
      absolute: true
      trainable: false
    optimizer:
      optimizer_cls: adam
      learning_rate: 0.001
      weight_decay: 0.0
      lr_scheduler: false
    pretrained_ckpt: /data1/letternight/test_simple-1/outputs/2026-03-08/16-59-46/checkpoints/last.ckpt
    transfer_mode: fine_tune
    few_shot_samples: 50
    tune_hparams: false
    tune_range: 50
    hparams_grid: null
    resources_per_trial: null
dataset:
  val_batch_size: 512
  treatment_mode: multiclass
  coeff: 10.0
  _target_: src.data.SyntheticCancerDatasetCollection
  name: tumor_growth
  chemo_coeff: 10.0
  radio_coeff: 10.0
  seed: 101
  num_patients:
    train: 1000
    val: 1000
    test: 1000
  window_size: 15
  lag: 0
  max_seq_length: 30
  projection_horizon: 2
  cf_seq_mode: fixed_treatment
  treatment_sequence:
  - - 1.0
    - 0.0
  - - 0.0
    - 1.0
  - - 0.0
    - 1.0
exp:
  seed: 101
  gpus:
  - 0
  max_epochs: 50
  logging: false
  mlflow_uri: http://127.0.0.1:3335
  unscale_rmse: true
  percentage_rmse: true
  alpha: 1.0
  update_alpha: false
  alpha_rate: exp
  balancing: null
  bce_weight: false
  weights_ema: null
  beta: 0.99

[2026-03-08 17:13:56,802][root][INFO] - Simulating initial volumes for stage I  with norm params: mu=1.72, sigma=4.7, lb=-0.6221218732608373, ub=-0.023523848418276528
[2026-03-08 17:13:56,803][root][INFO] - Simulating initial volumes for stage II  with norm params: mu=1.96, sigma=1.63, lb=-1.9410876100159118, ub=0.3711345751297772
[2026-03-08 17:13:56,803][root][INFO] - Simulating initial volumes for stage IIIA  with norm params: mu=1.91, sigma=9.4, lb=-0.33127370258786554, ub=0.06967546355973796
[2026-03-08 17:13:56,804][root][INFO] - Simulating initial volumes for stage IIIB  with norm params: mu=2.76, sigma=6.87, lb=-0.5769974969906748, ub=-0.02839165102452155
[2026-03-08 17:13:56,804][root][INFO] - Simulating initial volumes for stage IV  with norm params: mu=3.86, sigma=8.82, lb=-0.5741465764541877, ub=-0.14683113860980307
[2026-03-08 17:13:56,805][root][INFO] - Got correlated params for 457 patients
[2026-03-08 17:13:56,806][root][INFO] - Got correlated params for 916 patients
[2026-03-08 17:13:56,806][root][INFO] - Got correlated params for 1362 patients
[2026-03-08 17:13:56,807][root][INFO] - Randomising outputs
[2026-03-08 17:13:57,065][root][INFO] - Simulating initial volumes for stage I  with norm params: mu=1.72, sigma=4.7, lb=-0.6221218732608373, ub=-0.023523848418276528
[2026-03-08 17:13:57,066][root][INFO] - Simulating initial volumes for stage II  with norm params: mu=1.96, sigma=1.63, lb=-1.9410876100159118, ub=0.3711345751297772
[2026-03-08 17:13:57,066][root][INFO] - Simulating initial volumes for stage IIIA  with norm params: mu=1.91, sigma=9.4, lb=-0.33127370258786554, ub=0.06967546355973796
[2026-03-08 17:13:57,066][root][INFO] - Simulating initial volumes for stage IIIB  with norm params: mu=2.76, sigma=6.87, lb=-0.5769974969906748, ub=-0.02839165102452155
[2026-03-08 17:13:57,067][root][INFO] - Simulating initial volumes for stage IV  with norm params: mu=3.86, sigma=8.82, lb=-0.5741465764541877, ub=-0.14683113860980307
[2026-03-08 17:13:57,068][root][INFO] - Got correlated params for 452 patients
[2026-03-08 17:13:57,068][root][INFO] - Got correlated params for 893 patients
[2026-03-08 17:13:57,068][root][INFO] - Got correlated params for 1342 patients
[2026-03-08 17:13:57,069][root][INFO] - Randomising outputs
[2026-03-08 17:13:57,326][root][INFO] - Simulating initial volumes for stage I  with norm params: mu=1.72, sigma=4.7, lb=-0.6221218732608373, ub=-0.023523848418276528
[2026-03-08 17:13:57,326][root][INFO] - Simulating initial volumes for stage II  with norm params: mu=1.96, sigma=1.63, lb=-1.9410876100159118, ub=0.3711345751297772
[2026-03-08 17:13:57,327][root][INFO] - Simulating initial volumes for stage IIIA  with norm params: mu=1.91, sigma=9.4, lb=-0.33127370258786554, ub=0.06967546355973796
[2026-03-08 17:13:57,327][root][INFO] - Simulating initial volumes for stage IIIB  with norm params: mu=2.76, sigma=6.87, lb=-0.5769974969906748, ub=-0.02839165102452155
[2026-03-08 17:13:57,327][root][INFO] - Simulating initial volumes for stage IV  with norm params: mu=3.86, sigma=8.82, lb=-0.5741465764541877, ub=-0.14683113860980307
[2026-03-08 17:13:57,328][root][INFO] - Got correlated params for 436 patients
[2026-03-08 17:13:57,329][root][INFO] - Got correlated params for 892 patients
[2026-03-08 17:13:57,329][root][INFO] - Got correlated params for 1370 patients
[2026-03-08 17:13:57,329][root][INFO] - Randomising outputs
[2026-03-08 17:13:57,865][root][INFO] - Simulating initial volumes for stage I  with norm params: mu=1.72, sigma=4.7, lb=-0.6221218732608373, ub=-0.023523848418276528
[2026-03-08 17:13:57,866][root][INFO] - Simulating initial volumes for stage II  with norm params: mu=1.96, sigma=1.63, lb=-1.9410876100159118, ub=0.3711345751297772
[2026-03-08 17:13:57,866][root][INFO] - Simulating initial volumes for stage IIIA  with norm params: mu=1.91, sigma=9.4, lb=-0.33127370258786554, ub=0.06967546355973796
[2026-03-08 17:13:57,866][root][INFO] - Simulating initial volumes for stage IIIB  with norm params: mu=2.76, sigma=6.87, lb=-0.5769974969906748, ub=-0.02839165102452155
[2026-03-08 17:13:57,867][root][INFO] - Simulating initial volumes for stage IV  with norm params: mu=3.86, sigma=8.82, lb=-0.5741465764541877, ub=-0.14683113860980307
[2026-03-08 17:13:57,868][root][INFO] - Got correlated params for 472 patients
[2026-03-08 17:13:57,869][root][INFO] - Got correlated params for 913 patients
[2026-03-08 17:13:57,869][root][INFO] - Got correlated params for 1366 patients
[2026-03-08 17:13:57,870][root][INFO] - Randomising outputs
[2026-03-08 17:13:58,475][src.data.cancer_sim.dataset][INFO] - Processing train dataset before training
[2026-03-08 17:13:58,493][src.data.cancer_sim.dataset][INFO] - Shape of processed train data: {'cancer_volume': (1000, 30), 'radio_dosage': (1000, 30), 'radio_application': (1000, 30), 'radio_probabilities': (1000, 30), 'sequence_lengths': (1000,), 'death_flags': (1000, 30), 'recovery_flags': (1000, 30), 'patient_types': (1000,), 'prev_treatments': (1000, 29, 2), 'current_treatments': (1000, 29, 2), 'prev_treatment_times': (1000, 29, 1), 'current_treatment_times': (1000, 29, 1), 'current_covariates': (1000, 29, 2), 'outputs': (1000, 29, 1), 'active_entries': (1000, 29, 1), 'unscaled_outputs': (1000, 29, 1), 'prev_outputs': (1000, 29, 1), 'static_features': (1000, 1)}
[2026-03-08 17:13:58,494][src.data.cancer_sim.dataset][INFO] - Processing val dataset before training
[2026-03-08 17:13:58,511][src.data.cancer_sim.dataset][INFO] - Shape of processed val data: {'cancer_volume': (1000, 30), 'radio_dosage': (1000, 30), 'radio_application': (1000, 30), 'radio_probabilities': (1000, 30), 'sequence_lengths': (1000,), 'death_flags': (1000, 30), 'recovery_flags': (1000, 30), 'patient_types': (1000,), 'prev_treatments': (1000, 29, 2), 'current_treatments': (1000, 29, 2), 'prev_treatment_times': (1000, 29, 1), 'current_treatment_times': (1000, 29, 1), 'current_covariates': (1000, 29, 2), 'outputs': (1000, 29, 1), 'active_entries': (1000, 29, 1), 'unscaled_outputs': (1000, 29, 1), 'prev_outputs': (1000, 29, 1), 'static_features': (1000, 1)}
[2026-03-08 17:13:58,511][src.data.cancer_sim.dataset][INFO] - Processing test dataset before training
[2026-03-08 17:13:59,425][src.data.cancer_sim.dataset][INFO] - Shape of processed test data: {'cancer_volume': (56678, 30), 'radio_application': (56678, 30), 'sequence_lengths': (56678,), 'patient_types': (56678,), 'prev_treatments': (56678, 29, 2), 'current_treatments': (56678, 29, 2), 'prev_treatment_times': (56678, 29, 1), 'current_treatment_times': (56678, 29, 1), 'current_covariates': (56678, 29, 2), 'outputs': (56678, 29, 1), 'active_entries': (56678, 29, 1), 'unscaled_outputs': (56678, 29, 1), 'prev_outputs': (56678, 29, 1), 'static_features': (56678, 1)}
[2026-03-08 17:13:59,426][src.data.cancer_sim.dataset][INFO] - Processing test dataset before training
[2026-03-08 17:13:59,907][src.data.cancer_sim.dataset][INFO] - Shape of processed test data: {'cancer_volume': (28477, 32), 'radio_application': (28477, 32), 'sequence_lengths': (28477,), 'patient_types': (28477,), 'patient_ids_all_trajectories': (28477,), 'patient_current_t': (28477,), 'prev_treatments': (28477, 31, 2), 'current_treatments': (28477, 31, 2), 'prev_treatment_times': (28477, 31, 1), 'current_treatment_times': (28477, 31, 1), 'current_covariates': (28477, 31, 2), 'outputs': (28477, 31, 1), 'active_entries': (28477, 31, 1), 'unscaled_outputs': (28477, 31, 1), 'prev_outputs': (28477, 31, 1), 'static_features': (28477, 1)}
[2026-03-08 17:13:59,908][src.data.cancer_sim.dataset][INFO] - Processing test dataset before testing (multiple sequences)
[2026-03-08 17:14:00,099][src.data.cancer_sim.dataset][INFO] - Shape of processed test data: {'active_encoder_r': (28477, 29), 'prev_treatments': (28477, 2, 2), 'current_treatments': (28477, 2, 2), 'current_covariates': (28477, 2, 2), 'prev_outputs': (28477, 2, 1), 'static_features': (28477, 1), 'outputs': (28477, 2, 1), 'sequence_lengths': (28477,), 'active_entries': (28477, 2, 1), 'unscaled_outputs': (28477, 2, 1), 'patient_types': (28477,), 'patient_ids_all_trajectories': (28477,), 'patient_current_t': (28477,)}
[2026-03-08 17:14:00,136][__main__][INFO] - Loading pretrained checkpoint from: /data1/letternight/test_simple-1/outputs/2026-03-08/16-59-46/checkpoints/last.ckpt
[2026-03-08 17:14:00,165][src.models.dynamic_causal_pfn][INFO] - Max input size of dynamic_causal_pfn: 2
[2026-03-08 20:10:20,915][__main__][INFO] - 
model:
  dim_treatments: 2
  dim_vitals: 0
  dim_static_features: 1
  dim_outcomes: 1
  name: DynamicCausalPFN
  dynamic_causal_pfn:
    _target_: src.models.dynamic_causal_pfn.DynamicCausalPFN
    max_seq_length: 32
    seq_hidden_units: 16
    hr_size: 16
    fc_hidden_units: 16
    dropout_rate: 0.2
    num_layer: 4
    num_heads: 4
    max_grad_norm: 0.0
    batch_size: 128
    attn_dropout: true
    disable_cross_attention: false
    isolate_subnetwork: _
    projection_horizon: 0
    self_positional_encoding:
      absolute: true
      trainable: false
    optimizer:
      optimizer_cls: adam
      learning_rate: 0.001
      weight_decay: 0.0
      lr_scheduler: false
    pretrained_ckpt: /data1/letternight/test_simple-1/outputs/2026-03-08/16-59-46/checkpoints/last.ckpt
    transfer_mode: fine_tune
    few_shot_samples: 50
    tune_hparams: false
    tune_range: 50
    hparams_grid: null
    resources_per_trial: null
dataset:
  val_batch_size: 512
  treatment_mode: multiclass
  _target_: src.data.SyntheticCancerDatasetCollection
  name: tumor_growth
  coeff: 10.0
  chemo_coeff: 10.0
  radio_coeff: 10.0
  seed: 101
  num_patients:
    train: 1000
    val: 1000
    test: 1000
  window_size: 15
  lag: 0
  max_seq_length: 30
  projection_horizon: 2
  cf_seq_mode: fixed_treatment
  treatment_sequence:
  - - 1.0
    - 0.0
  - - 0.0
    - 1.0
  - - 0.0
    - 1.0
exp:
  seed: 101
  gpus:
  - 0
  max_epochs: 50
  logging: false
  mlflow_uri: http://127.0.0.1:3335
  unscale_rmse: true
  percentage_rmse: true
  alpha: 1.0
  update_alpha: false
  alpha_rate: exp
  balancing: null
  bce_weight: false
  weights_ema: null
  beta: 0.99

[2026-03-08 20:10:20,920][root][INFO] - Simulating initial volumes for stage I  with norm params: mu=1.72, sigma=4.7, lb=-0.6221218732608373, ub=-0.023523848418276528
[2026-03-08 20:10:20,921][root][INFO] - Simulating initial volumes for stage II  with norm params: mu=1.96, sigma=1.63, lb=-1.9410876100159118, ub=0.3711345751297772
[2026-03-08 20:10:20,921][root][INFO] - Simulating initial volumes for stage IIIA  with norm params: mu=1.91, sigma=9.4, lb=-0.33127370258786554, ub=0.06967546355973796
[2026-03-08 20:10:20,922][root][INFO] - Simulating initial volumes for stage IIIB  with norm params: mu=2.76, sigma=6.87, lb=-0.5769974969906748, ub=-0.02839165102452155
[2026-03-08 20:10:20,922][root][INFO] - Simulating initial volumes for stage IV  with norm params: mu=3.86, sigma=8.82, lb=-0.5741465764541877, ub=-0.14683113860980307
[2026-03-08 20:10:20,923][root][INFO] - Got correlated params for 457 patients
[2026-03-08 20:10:20,924][root][INFO] - Got correlated params for 916 patients
[2026-03-08 20:10:20,924][root][INFO] - Got correlated params for 1362 patients
[2026-03-08 20:10:20,925][root][INFO] - Randomising outputs
[2026-03-08 20:10:21,182][root][INFO] - Simulating initial volumes for stage I  with norm params: mu=1.72, sigma=4.7, lb=-0.6221218732608373, ub=-0.023523848418276528
[2026-03-08 20:10:21,182][root][INFO] - Simulating initial volumes for stage II  with norm params: mu=1.96, sigma=1.63, lb=-1.9410876100159118, ub=0.3711345751297772
[2026-03-08 20:10:21,183][root][INFO] - Simulating initial volumes for stage IIIA  with norm params: mu=1.91, sigma=9.4, lb=-0.33127370258786554, ub=0.06967546355973796
[2026-03-08 20:10:21,183][root][INFO] - Simulating initial volumes for stage IIIB  with norm params: mu=2.76, sigma=6.87, lb=-0.5769974969906748, ub=-0.02839165102452155
[2026-03-08 20:10:21,183][root][INFO] - Simulating initial volumes for stage IV  with norm params: mu=3.86, sigma=8.82, lb=-0.5741465764541877, ub=-0.14683113860980307
[2026-03-08 20:10:21,184][root][INFO] - Got correlated params for 452 patients
[2026-03-08 20:10:21,184][root][INFO] - Got correlated params for 893 patients
[2026-03-08 20:10:21,185][root][INFO] - Got correlated params for 1342 patients
[2026-03-08 20:10:21,185][root][INFO] - Randomising outputs
[2026-03-08 20:10:21,441][root][INFO] - Simulating initial volumes for stage I  with norm params: mu=1.72, sigma=4.7, lb=-0.6221218732608373, ub=-0.023523848418276528
[2026-03-08 20:10:21,441][root][INFO] - Simulating initial volumes for stage II  with norm params: mu=1.96, sigma=1.63, lb=-1.9410876100159118, ub=0.3711345751297772
[2026-03-08 20:10:21,442][root][INFO] - Simulating initial volumes for stage IIIA  with norm params: mu=1.91, sigma=9.4, lb=-0.33127370258786554, ub=0.06967546355973796
[2026-03-08 20:10:21,442][root][INFO] - Simulating initial volumes for stage IIIB  with norm params: mu=2.76, sigma=6.87, lb=-0.5769974969906748, ub=-0.02839165102452155
[2026-03-08 20:10:21,443][root][INFO] - Simulating initial volumes for stage IV  with norm params: mu=3.86, sigma=8.82, lb=-0.5741465764541877, ub=-0.14683113860980307
[2026-03-08 20:10:21,444][root][INFO] - Got correlated params for 436 patients
[2026-03-08 20:10:21,444][root][INFO] - Got correlated params for 892 patients
[2026-03-08 20:10:21,445][root][INFO] - Got correlated params for 1370 patients
[2026-03-08 20:10:21,446][root][INFO] - Randomising outputs
[2026-03-08 20:10:21,978][root][INFO] - Simulating initial volumes for stage I  with norm params: mu=1.72, sigma=4.7, lb=-0.6221218732608373, ub=-0.023523848418276528
[2026-03-08 20:10:21,978][root][INFO] - Simulating initial volumes for stage II  with norm params: mu=1.96, sigma=1.63, lb=-1.9410876100159118, ub=0.3711345751297772
[2026-03-08 20:10:21,979][root][INFO] - Simulating initial volumes for stage IIIA  with norm params: mu=1.91, sigma=9.4, lb=-0.33127370258786554, ub=0.06967546355973796
[2026-03-08 20:10:21,979][root][INFO] - Simulating initial volumes for stage IIIB  with norm params: mu=2.76, sigma=6.87, lb=-0.5769974969906748, ub=-0.02839165102452155
[2026-03-08 20:10:21,979][root][INFO] - Simulating initial volumes for stage IV  with norm params: mu=3.86, sigma=8.82, lb=-0.5741465764541877, ub=-0.14683113860980307
[2026-03-08 20:10:21,980][root][INFO] - Got correlated params for 472 patients
[2026-03-08 20:10:21,981][root][INFO] - Got correlated params for 913 patients
[2026-03-08 20:10:21,981][root][INFO] - Got correlated params for 1366 patients
[2026-03-08 20:10:21,981][root][INFO] - Randomising outputs
[2026-03-08 20:10:22,590][src.data.cancer_sim.dataset][INFO] - Processing train dataset before training
[2026-03-08 20:10:22,608][src.data.cancer_sim.dataset][INFO] - Shape of processed train data: {'cancer_volume': (1000, 30), 'radio_dosage': (1000, 30), 'radio_application': (1000, 30), 'radio_probabilities': (1000, 30), 'sequence_lengths': (1000,), 'death_flags': (1000, 30), 'recovery_flags': (1000, 30), 'patient_types': (1000,), 'prev_treatments': (1000, 29, 2), 'current_treatments': (1000, 29, 2), 'prev_treatment_times': (1000, 29, 1), 'current_treatment_times': (1000, 29, 1), 'current_covariates': (1000, 29, 2), 'outputs': (1000, 29, 1), 'active_entries': (1000, 29, 1), 'unscaled_outputs': (1000, 29, 1), 'prev_outputs': (1000, 29, 1), 'static_features': (1000, 1)}
[2026-03-08 20:10:22,608][src.data.cancer_sim.dataset][INFO] - Processing val dataset before training
[2026-03-08 20:10:22,625][src.data.cancer_sim.dataset][INFO] - Shape of processed val data: {'cancer_volume': (1000, 30), 'radio_dosage': (1000, 30), 'radio_application': (1000, 30), 'radio_probabilities': (1000, 30), 'sequence_lengths': (1000,), 'death_flags': (1000, 30), 'recovery_flags': (1000, 30), 'patient_types': (1000,), 'prev_treatments': (1000, 29, 2), 'current_treatments': (1000, 29, 2), 'prev_treatment_times': (1000, 29, 1), 'current_treatment_times': (1000, 29, 1), 'current_covariates': (1000, 29, 2), 'outputs': (1000, 29, 1), 'active_entries': (1000, 29, 1), 'unscaled_outputs': (1000, 29, 1), 'prev_outputs': (1000, 29, 1), 'static_features': (1000, 1)}
[2026-03-08 20:10:22,625][src.data.cancer_sim.dataset][INFO] - Processing test dataset before training
[2026-03-08 20:10:23,528][src.data.cancer_sim.dataset][INFO] - Shape of processed test data: {'cancer_volume': (56678, 30), 'radio_application': (56678, 30), 'sequence_lengths': (56678,), 'patient_types': (56678,), 'prev_treatments': (56678, 29, 2), 'current_treatments': (56678, 29, 2), 'prev_treatment_times': (56678, 29, 1), 'current_treatment_times': (56678, 29, 1), 'current_covariates': (56678, 29, 2), 'outputs': (56678, 29, 1), 'active_entries': (56678, 29, 1), 'unscaled_outputs': (56678, 29, 1), 'prev_outputs': (56678, 29, 1), 'static_features': (56678, 1)}
[2026-03-08 20:10:23,529][src.data.cancer_sim.dataset][INFO] - Processing test dataset before training
[2026-03-08 20:10:24,003][src.data.cancer_sim.dataset][INFO] - Shape of processed test data: {'cancer_volume': (28477, 32), 'radio_application': (28477, 32), 'sequence_lengths': (28477,), 'patient_types': (28477,), 'patient_ids_all_trajectories': (28477,), 'patient_current_t': (28477,), 'prev_treatments': (28477, 31, 2), 'current_treatments': (28477, 31, 2), 'prev_treatment_times': (28477, 31, 1), 'current_treatment_times': (28477, 31, 1), 'current_covariates': (28477, 31, 2), 'outputs': (28477, 31, 1), 'active_entries': (28477, 31, 1), 'unscaled_outputs': (28477, 31, 1), 'prev_outputs': (28477, 31, 1), 'static_features': (28477, 1)}
[2026-03-08 20:10:24,003][src.data.cancer_sim.dataset][INFO] - Processing test dataset before testing (multiple sequences)
[2026-03-08 20:10:24,187][src.data.cancer_sim.dataset][INFO] - Shape of processed test data: {'active_encoder_r': (28477, 29), 'prev_treatments': (28477, 2, 2), 'current_treatments': (28477, 2, 2), 'current_covariates': (28477, 2, 2), 'prev_outputs': (28477, 2, 1), 'static_features': (28477, 1), 'outputs': (28477, 2, 1), 'sequence_lengths': (28477,), 'active_entries': (28477, 2, 1), 'unscaled_outputs': (28477, 2, 1), 'patient_types': (28477,), 'patient_ids_all_trajectories': (28477,), 'patient_current_t': (28477,)}
[2026-03-08 20:10:24,223][__main__][INFO] - Loading pretrained checkpoint from: /data1/letternight/test_simple-1/outputs/2026-03-08/16-59-46/checkpoints/last.ckpt
[2026-03-08 20:10:24,253][src.models.dynamic_causal_pfn][INFO] - Max input size of dynamic_causal_pfn: 2
[2026-03-08 20:10:24,269][__main__][INFO] - Pretrained checkpoint loaded successfully.
[2026-03-08 20:10:24,269][__main__][INFO] - Transfer mode: FINE-TUNE — training pretrained model on full downstream data.
[2026-03-08 20:10:58,728][__main__][INFO] - Best checkpoint: /data1/letternight/test_simple-1/outputs/transfer_sweep/fine_tune_ep50/checkpoints/pretrained-epoch=45-dynamic_causal_pfn_train_loss=0.0476.ckpt
[2026-03-08 20:10:58,729][__main__][INFO] - Last checkpoint: /data1/letternight/test_simple-1/outputs/transfer_sweep/fine_tune_ep50/checkpoints/last.ckpt
[2026-03-08 20:10:58,751][src.models.time_varying_model][INFO] - RMSE calculation for val.
[2026-03-08 20:10:58,751][src.models.dynamic_causal_pfn][INFO] - Predictions for val.
[2026-03-08 20:10:58,858][__main__][INFO] - Val normalised RMSE (all): 1.5569190701581392; Val normalised RMSE (orig): 1.5535401328460219
[2026-03-08 20:10:58,858][src.models.time_varying_model][INFO] - RMSE calculation for test.
[2026-03-08 20:10:58,858][src.models.dynamic_causal_pfn][INFO] - Predictions for test.
[2026-03-08 20:11:02,779][__main__][INFO] - Test normalised RMSE (all): 4.106448904092589; Test normalised RMSE (orig): 4.662109235200006; Test normalised RMSE (only counterfactual): 5.0218794622374565
[2026-03-08 20:11:02,790][src.models.dynamic_causal_pfn][INFO] - Max input size of dynamic_causal_pfn: 2
[2026-03-08 20:22:41,986][src.models.dynamic_causal_pfn][INFO] - RMSE calculation for test.
[2026-03-08 20:22:41,986][src.models.dynamic_causal_pfn][INFO] - Predictions for test.
[2026-03-08 20:22:44,092][__main__][INFO] - Test normalised RMSE (n-step prediction): {'2-step': 9.659201899934923}
[2026-03-08 20:22:44,100][src.models.dynamic_causal_pfn][INFO] - Max input size of dynamic_causal_pfn: 2
[2026-03-08 20:34:09,955][src.models.dynamic_causal_pfn][INFO] - RMSE calculation for test.
[2026-03-08 20:34:09,956][src.models.dynamic_causal_pfn][INFO] - Predictions for test.
[2026-03-08 20:34:12,050][__main__][INFO] - Test normalised RMSE (n-step prediction): {'3-step': 12.08077380829659}
