[2026-03-08 17:13:28,429][__main__][INFO] - 
model:
  dim_treatments: 2
  dim_vitals: 0
  dim_static_features: 1
  dim_outcomes: 1
  name: DynamicCausalPFN
  dynamic_causal_pfn:
    _target_: src.models.dynamic_causal_pfn.DynamicCausalPFN
    max_seq_length: 32
    seq_hidden_units: 64
    hr_size: 16
    fc_hidden_units: 64
    dropout_rate: 0.1
    num_layer: 4
    num_heads: 4
    max_grad_norm: 0.0
    batch_size: 128
    attn_dropout: true
    disable_cross_attention: false
    isolate_subnetwork: _
    projection_horizon: 0
    self_positional_encoding:
      absolute: true
      trainable: false
    optimizer:
      optimizer_cls: adam
      learning_rate: 0.0001
      weight_decay: 0.0
      lr_scheduler: false
    pretrained_ckpt: /data1/letternight/test_simple-1/outputs/2026-03-08/16-59-46/checkpoints/last.ckpt
    transfer_mode: fine_tune
    few_shot_samples: 50
    tune_hparams: false
    tune_range: 50
    hparams_grid: null
    resources_per_trial: null
dataset:
  val_batch_size: 512
  treatment_mode: multiclass
  coeff: 10.0
  _target_: src.data.SyntheticCancerDatasetCollection
  name: tumor_growth
  chemo_coeff: 10.0
  radio_coeff: 10.0
  seed: 101
  num_patients:
    train: 1000
    val: 1000
    test: 1000
  window_size: 15
  lag: 0
  max_seq_length: 30
  projection_horizon: 2
  cf_seq_mode: fixed_treatment
  treatment_sequence:
  - - 1.0
    - 0.0
  - - 0.0
    - 1.0
  - - 0.0
    - 1.0
exp:
  seed: 101
  gpus:
  - 0
  max_epochs: 25
  logging: false
  mlflow_uri: http://127.0.0.1:3335
  unscale_rmse: true
  percentage_rmse: true
  alpha: 1.0
  update_alpha: false
  alpha_rate: exp
  balancing: null
  bce_weight: false
  weights_ema: null
  beta: 0.99

[2026-03-08 17:13:28,434][root][INFO] - Simulating initial volumes for stage I  with norm params: mu=1.72, sigma=4.7, lb=-0.6221218732608373, ub=-0.023523848418276528
[2026-03-08 17:13:28,435][root][INFO] - Simulating initial volumes for stage II  with norm params: mu=1.96, sigma=1.63, lb=-1.9410876100159118, ub=0.3711345751297772
[2026-03-08 17:13:28,435][root][INFO] - Simulating initial volumes for stage IIIA  with norm params: mu=1.91, sigma=9.4, lb=-0.33127370258786554, ub=0.06967546355973796
[2026-03-08 17:13:28,435][root][INFO] - Simulating initial volumes for stage IIIB  with norm params: mu=2.76, sigma=6.87, lb=-0.5769974969906748, ub=-0.02839165102452155
[2026-03-08 17:13:28,436][root][INFO] - Simulating initial volumes for stage IV  with norm params: mu=3.86, sigma=8.82, lb=-0.5741465764541877, ub=-0.14683113860980307
[2026-03-08 17:13:28,437][root][INFO] - Got correlated params for 457 patients
[2026-03-08 17:13:28,437][root][INFO] - Got correlated params for 916 patients
[2026-03-08 17:13:28,438][root][INFO] - Got correlated params for 1362 patients
[2026-03-08 17:13:28,438][root][INFO] - Randomising outputs
[2026-03-08 17:13:28,703][root][INFO] - Simulating initial volumes for stage I  with norm params: mu=1.72, sigma=4.7, lb=-0.6221218732608373, ub=-0.023523848418276528
[2026-03-08 17:13:28,703][root][INFO] - Simulating initial volumes for stage II  with norm params: mu=1.96, sigma=1.63, lb=-1.9410876100159118, ub=0.3711345751297772
[2026-03-08 17:13:28,704][root][INFO] - Simulating initial volumes for stage IIIA  with norm params: mu=1.91, sigma=9.4, lb=-0.33127370258786554, ub=0.06967546355973796
[2026-03-08 17:13:28,704][root][INFO] - Simulating initial volumes for stage IIIB  with norm params: mu=2.76, sigma=6.87, lb=-0.5769974969906748, ub=-0.02839165102452155
[2026-03-08 17:13:28,704][root][INFO] - Simulating initial volumes for stage IV  with norm params: mu=3.86, sigma=8.82, lb=-0.5741465764541877, ub=-0.14683113860980307
[2026-03-08 17:13:28,705][root][INFO] - Got correlated params for 452 patients
[2026-03-08 17:13:28,706][root][INFO] - Got correlated params for 893 patients
[2026-03-08 17:13:28,706][root][INFO] - Got correlated params for 1342 patients
[2026-03-08 17:13:28,706][root][INFO] - Randomising outputs
[2026-03-08 17:13:28,968][root][INFO] - Simulating initial volumes for stage I  with norm params: mu=1.72, sigma=4.7, lb=-0.6221218732608373, ub=-0.023523848418276528
[2026-03-08 17:13:28,969][root][INFO] - Simulating initial volumes for stage II  with norm params: mu=1.96, sigma=1.63, lb=-1.9410876100159118, ub=0.3711345751297772
[2026-03-08 17:13:28,969][root][INFO] - Simulating initial volumes for stage IIIA  with norm params: mu=1.91, sigma=9.4, lb=-0.33127370258786554, ub=0.06967546355973796
[2026-03-08 17:13:28,969][root][INFO] - Simulating initial volumes for stage IIIB  with norm params: mu=2.76, sigma=6.87, lb=-0.5769974969906748, ub=-0.02839165102452155
[2026-03-08 17:13:28,970][root][INFO] - Simulating initial volumes for stage IV  with norm params: mu=3.86, sigma=8.82, lb=-0.5741465764541877, ub=-0.14683113860980307
[2026-03-08 17:13:28,971][root][INFO] - Got correlated params for 436 patients
[2026-03-08 17:13:28,971][root][INFO] - Got correlated params for 892 patients
[2026-03-08 17:13:28,972][root][INFO] - Got correlated params for 1370 patients
[2026-03-08 17:13:28,972][root][INFO] - Randomising outputs
[2026-03-08 17:13:29,508][root][INFO] - Simulating initial volumes for stage I  with norm params: mu=1.72, sigma=4.7, lb=-0.6221218732608373, ub=-0.023523848418276528
[2026-03-08 17:13:29,509][root][INFO] - Simulating initial volumes for stage II  with norm params: mu=1.96, sigma=1.63, lb=-1.9410876100159118, ub=0.3711345751297772
[2026-03-08 17:13:29,509][root][INFO] - Simulating initial volumes for stage IIIA  with norm params: mu=1.91, sigma=9.4, lb=-0.33127370258786554, ub=0.06967546355973796
[2026-03-08 17:13:29,509][root][INFO] - Simulating initial volumes for stage IIIB  with norm params: mu=2.76, sigma=6.87, lb=-0.5769974969906748, ub=-0.02839165102452155
[2026-03-08 17:13:29,510][root][INFO] - Simulating initial volumes for stage IV  with norm params: mu=3.86, sigma=8.82, lb=-0.5741465764541877, ub=-0.14683113860980307
[2026-03-08 17:13:29,510][root][INFO] - Got correlated params for 472 patients
[2026-03-08 17:13:29,511][root][INFO] - Got correlated params for 913 patients
[2026-03-08 17:13:29,511][root][INFO] - Got correlated params for 1366 patients
[2026-03-08 17:13:29,512][root][INFO] - Randomising outputs
[2026-03-08 17:13:30,124][src.data.cancer_sim.dataset][INFO] - Processing train dataset before training
[2026-03-08 17:13:30,143][src.data.cancer_sim.dataset][INFO] - Shape of processed train data: {'cancer_volume': (1000, 30), 'radio_dosage': (1000, 30), 'radio_application': (1000, 30), 'radio_probabilities': (1000, 30), 'sequence_lengths': (1000,), 'death_flags': (1000, 30), 'recovery_flags': (1000, 30), 'patient_types': (1000,), 'prev_treatments': (1000, 29, 2), 'current_treatments': (1000, 29, 2), 'prev_treatment_times': (1000, 29, 1), 'current_treatment_times': (1000, 29, 1), 'current_covariates': (1000, 29, 2), 'outputs': (1000, 29, 1), 'active_entries': (1000, 29, 1), 'unscaled_outputs': (1000, 29, 1), 'prev_outputs': (1000, 29, 1), 'static_features': (1000, 1)}
[2026-03-08 17:13:30,144][src.data.cancer_sim.dataset][INFO] - Processing val dataset before training
[2026-03-08 17:13:30,161][src.data.cancer_sim.dataset][INFO] - Shape of processed val data: {'cancer_volume': (1000, 30), 'radio_dosage': (1000, 30), 'radio_application': (1000, 30), 'radio_probabilities': (1000, 30), 'sequence_lengths': (1000,), 'death_flags': (1000, 30), 'recovery_flags': (1000, 30), 'patient_types': (1000,), 'prev_treatments': (1000, 29, 2), 'current_treatments': (1000, 29, 2), 'prev_treatment_times': (1000, 29, 1), 'current_treatment_times': (1000, 29, 1), 'current_covariates': (1000, 29, 2), 'outputs': (1000, 29, 1), 'active_entries': (1000, 29, 1), 'unscaled_outputs': (1000, 29, 1), 'prev_outputs': (1000, 29, 1), 'static_features': (1000, 1)}
[2026-03-08 17:13:30,161][src.data.cancer_sim.dataset][INFO] - Processing test dataset before training
[2026-03-08 17:13:31,108][src.data.cancer_sim.dataset][INFO] - Shape of processed test data: {'cancer_volume': (56678, 30), 'radio_application': (56678, 30), 'sequence_lengths': (56678,), 'patient_types': (56678,), 'prev_treatments': (56678, 29, 2), 'current_treatments': (56678, 29, 2), 'prev_treatment_times': (56678, 29, 1), 'current_treatment_times': (56678, 29, 1), 'current_covariates': (56678, 29, 2), 'outputs': (56678, 29, 1), 'active_entries': (56678, 29, 1), 'unscaled_outputs': (56678, 29, 1), 'prev_outputs': (56678, 29, 1), 'static_features': (56678, 1)}
[2026-03-08 17:13:31,109][src.data.cancer_sim.dataset][INFO] - Processing test dataset before training
[2026-03-08 17:13:31,603][src.data.cancer_sim.dataset][INFO] - Shape of processed test data: {'cancer_volume': (28477, 32), 'radio_application': (28477, 32), 'sequence_lengths': (28477,), 'patient_types': (28477,), 'patient_ids_all_trajectories': (28477,), 'patient_current_t': (28477,), 'prev_treatments': (28477, 31, 2), 'current_treatments': (28477, 31, 2), 'prev_treatment_times': (28477, 31, 1), 'current_treatment_times': (28477, 31, 1), 'current_covariates': (28477, 31, 2), 'outputs': (28477, 31, 1), 'active_entries': (28477, 31, 1), 'unscaled_outputs': (28477, 31, 1), 'prev_outputs': (28477, 31, 1), 'static_features': (28477, 1)}
[2026-03-08 17:13:31,604][src.data.cancer_sim.dataset][INFO] - Processing test dataset before testing (multiple sequences)
[2026-03-08 17:13:31,785][src.data.cancer_sim.dataset][INFO] - Shape of processed test data: {'active_encoder_r': (28477, 29), 'prev_treatments': (28477, 2, 2), 'current_treatments': (28477, 2, 2), 'current_covariates': (28477, 2, 2), 'prev_outputs': (28477, 2, 1), 'static_features': (28477, 1), 'outputs': (28477, 2, 1), 'sequence_lengths': (28477,), 'active_entries': (28477, 2, 1), 'unscaled_outputs': (28477, 2, 1), 'patient_types': (28477,), 'patient_ids_all_trajectories': (28477,), 'patient_current_t': (28477,)}
[2026-03-08 17:13:31,821][__main__][INFO] - Loading pretrained checkpoint from: /data1/letternight/test_simple-1/outputs/2026-03-08/16-59-46/checkpoints/last.ckpt
[2026-03-08 17:13:31,851][src.models.dynamic_causal_pfn][INFO] - Max input size of dynamic_causal_pfn: 2
[2026-03-08 19:28:43,720][__main__][INFO] - 
model:
  dim_treatments: 2
  dim_vitals: 0
  dim_static_features: 1
  dim_outcomes: 1
  name: DynamicCausalPFN
  dynamic_causal_pfn:
    _target_: src.models.dynamic_causal_pfn.DynamicCausalPFN
    max_seq_length: 32
    seq_hidden_units: 16
    hr_size: 16
    fc_hidden_units: 16
    dropout_rate: 0.2
    num_layer: 4
    num_heads: 4
    max_grad_norm: 0.0
    batch_size: 128
    attn_dropout: true
    disable_cross_attention: false
    isolate_subnetwork: _
    projection_horizon: 0
    self_positional_encoding:
      absolute: true
      trainable: false
    optimizer:
      optimizer_cls: adam
      learning_rate: 0.0001
      weight_decay: 0.0
      lr_scheduler: false
    pretrained_ckpt: /data1/letternight/test_simple-1/outputs/2026-03-08/16-59-46/checkpoints/last.ckpt
    transfer_mode: fine_tune
    few_shot_samples: 50
    tune_hparams: false
    tune_range: 50
    hparams_grid: null
    resources_per_trial: null
dataset:
  val_batch_size: 512
  treatment_mode: multiclass
  _target_: src.data.SyntheticCancerDatasetCollection
  name: tumor_growth
  coeff: 10.0
  chemo_coeff: 10.0
  radio_coeff: 10.0
  seed: 101
  num_patients:
    train: 1000
    val: 1000
    test: 1000
  window_size: 15
  lag: 0
  max_seq_length: 30
  projection_horizon: 2
  cf_seq_mode: fixed_treatment
  treatment_sequence:
  - - 1.0
    - 0.0
  - - 0.0
    - 1.0
  - - 0.0
    - 1.0
exp:
  seed: 101
  gpus:
  - 0
  max_epochs: 25
  logging: false
  mlflow_uri: http://127.0.0.1:3335
  unscale_rmse: true
  percentage_rmse: true
  alpha: 1.0
  update_alpha: false
  alpha_rate: exp
  balancing: null
  bce_weight: false
  weights_ema: null
  beta: 0.99

[2026-03-08 19:28:43,725][root][INFO] - Simulating initial volumes for stage I  with norm params: mu=1.72, sigma=4.7, lb=-0.6221218732608373, ub=-0.023523848418276528
[2026-03-08 19:28:43,726][root][INFO] - Simulating initial volumes for stage II  with norm params: mu=1.96, sigma=1.63, lb=-1.9410876100159118, ub=0.3711345751297772
[2026-03-08 19:28:43,726][root][INFO] - Simulating initial volumes for stage IIIA  with norm params: mu=1.91, sigma=9.4, lb=-0.33127370258786554, ub=0.06967546355973796
[2026-03-08 19:28:43,726][root][INFO] - Simulating initial volumes for stage IIIB  with norm params: mu=2.76, sigma=6.87, lb=-0.5769974969906748, ub=-0.02839165102452155
[2026-03-08 19:28:43,727][root][INFO] - Simulating initial volumes for stage IV  with norm params: mu=3.86, sigma=8.82, lb=-0.5741465764541877, ub=-0.14683113860980307
[2026-03-08 19:28:43,728][root][INFO] - Got correlated params for 457 patients
[2026-03-08 19:28:43,728][root][INFO] - Got correlated params for 916 patients
[2026-03-08 19:28:43,729][root][INFO] - Got correlated params for 1362 patients
[2026-03-08 19:28:43,729][root][INFO] - Randomising outputs
[2026-03-08 19:28:43,988][root][INFO] - Simulating initial volumes for stage I  with norm params: mu=1.72, sigma=4.7, lb=-0.6221218732608373, ub=-0.023523848418276528
[2026-03-08 19:28:43,989][root][INFO] - Simulating initial volumes for stage II  with norm params: mu=1.96, sigma=1.63, lb=-1.9410876100159118, ub=0.3711345751297772
[2026-03-08 19:28:43,989][root][INFO] - Simulating initial volumes for stage IIIA  with norm params: mu=1.91, sigma=9.4, lb=-0.33127370258786554, ub=0.06967546355973796
[2026-03-08 19:28:43,989][root][INFO] - Simulating initial volumes for stage IIIB  with norm params: mu=2.76, sigma=6.87, lb=-0.5769974969906748, ub=-0.02839165102452155
[2026-03-08 19:28:43,990][root][INFO] - Simulating initial volumes for stage IV  with norm params: mu=3.86, sigma=8.82, lb=-0.5741465764541877, ub=-0.14683113860980307
[2026-03-08 19:28:43,990][root][INFO] - Got correlated params for 452 patients
[2026-03-08 19:28:43,991][root][INFO] - Got correlated params for 893 patients
[2026-03-08 19:28:43,991][root][INFO] - Got correlated params for 1342 patients
[2026-03-08 19:28:43,992][root][INFO] - Randomising outputs
[2026-03-08 19:28:44,248][root][INFO] - Simulating initial volumes for stage I  with norm params: mu=1.72, sigma=4.7, lb=-0.6221218732608373, ub=-0.023523848418276528
[2026-03-08 19:28:44,248][root][INFO] - Simulating initial volumes for stage II  with norm params: mu=1.96, sigma=1.63, lb=-1.9410876100159118, ub=0.3711345751297772
[2026-03-08 19:28:44,249][root][INFO] - Simulating initial volumes for stage IIIA  with norm params: mu=1.91, sigma=9.4, lb=-0.33127370258786554, ub=0.06967546355973796
[2026-03-08 19:28:44,249][root][INFO] - Simulating initial volumes for stage IIIB  with norm params: mu=2.76, sigma=6.87, lb=-0.5769974969906748, ub=-0.02839165102452155
[2026-03-08 19:28:44,249][root][INFO] - Simulating initial volumes for stage IV  with norm params: mu=3.86, sigma=8.82, lb=-0.5741465764541877, ub=-0.14683113860980307
[2026-03-08 19:28:44,250][root][INFO] - Got correlated params for 436 patients
[2026-03-08 19:28:44,251][root][INFO] - Got correlated params for 892 patients
[2026-03-08 19:28:44,251][root][INFO] - Got correlated params for 1370 patients
[2026-03-08 19:28:44,252][root][INFO] - Randomising outputs
[2026-03-08 19:28:44,782][root][INFO] - Simulating initial volumes for stage I  with norm params: mu=1.72, sigma=4.7, lb=-0.6221218732608373, ub=-0.023523848418276528
[2026-03-08 19:28:44,782][root][INFO] - Simulating initial volumes for stage II  with norm params: mu=1.96, sigma=1.63, lb=-1.9410876100159118, ub=0.3711345751297772
[2026-03-08 19:28:44,783][root][INFO] - Simulating initial volumes for stage IIIA  with norm params: mu=1.91, sigma=9.4, lb=-0.33127370258786554, ub=0.06967546355973796
[2026-03-08 19:28:44,783][root][INFO] - Simulating initial volumes for stage IIIB  with norm params: mu=2.76, sigma=6.87, lb=-0.5769974969906748, ub=-0.02839165102452155
[2026-03-08 19:28:44,783][root][INFO] - Simulating initial volumes for stage IV  with norm params: mu=3.86, sigma=8.82, lb=-0.5741465764541877, ub=-0.14683113860980307
[2026-03-08 19:28:44,784][root][INFO] - Got correlated params for 472 patients
[2026-03-08 19:28:44,785][root][INFO] - Got correlated params for 913 patients
[2026-03-08 19:28:44,785][root][INFO] - Got correlated params for 1366 patients
[2026-03-08 19:28:44,786][root][INFO] - Randomising outputs
[2026-03-08 19:28:45,379][src.data.cancer_sim.dataset][INFO] - Processing train dataset before training
[2026-03-08 19:28:45,398][src.data.cancer_sim.dataset][INFO] - Shape of processed train data: {'cancer_volume': (1000, 30), 'radio_dosage': (1000, 30), 'radio_application': (1000, 30), 'radio_probabilities': (1000, 30), 'sequence_lengths': (1000,), 'death_flags': (1000, 30), 'recovery_flags': (1000, 30), 'patient_types': (1000,), 'prev_treatments': (1000, 29, 2), 'current_treatments': (1000, 29, 2), 'prev_treatment_times': (1000, 29, 1), 'current_treatment_times': (1000, 29, 1), 'current_covariates': (1000, 29, 2), 'outputs': (1000, 29, 1), 'active_entries': (1000, 29, 1), 'unscaled_outputs': (1000, 29, 1), 'prev_outputs': (1000, 29, 1), 'static_features': (1000, 1)}
[2026-03-08 19:28:45,398][src.data.cancer_sim.dataset][INFO] - Processing val dataset before training
[2026-03-08 19:28:45,415][src.data.cancer_sim.dataset][INFO] - Shape of processed val data: {'cancer_volume': (1000, 30), 'radio_dosage': (1000, 30), 'radio_application': (1000, 30), 'radio_probabilities': (1000, 30), 'sequence_lengths': (1000,), 'death_flags': (1000, 30), 'recovery_flags': (1000, 30), 'patient_types': (1000,), 'prev_treatments': (1000, 29, 2), 'current_treatments': (1000, 29, 2), 'prev_treatment_times': (1000, 29, 1), 'current_treatment_times': (1000, 29, 1), 'current_covariates': (1000, 29, 2), 'outputs': (1000, 29, 1), 'active_entries': (1000, 29, 1), 'unscaled_outputs': (1000, 29, 1), 'prev_outputs': (1000, 29, 1), 'static_features': (1000, 1)}
[2026-03-08 19:28:45,415][src.data.cancer_sim.dataset][INFO] - Processing test dataset before training
[2026-03-08 19:28:46,334][src.data.cancer_sim.dataset][INFO] - Shape of processed test data: {'cancer_volume': (56678, 30), 'radio_application': (56678, 30), 'sequence_lengths': (56678,), 'patient_types': (56678,), 'prev_treatments': (56678, 29, 2), 'current_treatments': (56678, 29, 2), 'prev_treatment_times': (56678, 29, 1), 'current_treatment_times': (56678, 29, 1), 'current_covariates': (56678, 29, 2), 'outputs': (56678, 29, 1), 'active_entries': (56678, 29, 1), 'unscaled_outputs': (56678, 29, 1), 'prev_outputs': (56678, 29, 1), 'static_features': (56678, 1)}
[2026-03-08 19:28:46,335][src.data.cancer_sim.dataset][INFO] - Processing test dataset before training
[2026-03-08 19:28:46,816][src.data.cancer_sim.dataset][INFO] - Shape of processed test data: {'cancer_volume': (28477, 32), 'radio_application': (28477, 32), 'sequence_lengths': (28477,), 'patient_types': (28477,), 'patient_ids_all_trajectories': (28477,), 'patient_current_t': (28477,), 'prev_treatments': (28477, 31, 2), 'current_treatments': (28477, 31, 2), 'prev_treatment_times': (28477, 31, 1), 'current_treatment_times': (28477, 31, 1), 'current_covariates': (28477, 31, 2), 'outputs': (28477, 31, 1), 'active_entries': (28477, 31, 1), 'unscaled_outputs': (28477, 31, 1), 'prev_outputs': (28477, 31, 1), 'static_features': (28477, 1)}
[2026-03-08 19:28:46,816][src.data.cancer_sim.dataset][INFO] - Processing test dataset before testing (multiple sequences)
[2026-03-08 19:28:47,006][src.data.cancer_sim.dataset][INFO] - Shape of processed test data: {'active_encoder_r': (28477, 29), 'prev_treatments': (28477, 2, 2), 'current_treatments': (28477, 2, 2), 'current_covariates': (28477, 2, 2), 'prev_outputs': (28477, 2, 1), 'static_features': (28477, 1), 'outputs': (28477, 2, 1), 'sequence_lengths': (28477,), 'active_entries': (28477, 2, 1), 'unscaled_outputs': (28477, 2, 1), 'patient_types': (28477,), 'patient_ids_all_trajectories': (28477,), 'patient_current_t': (28477,)}
[2026-03-08 19:28:47,043][__main__][INFO] - Loading pretrained checkpoint from: /data1/letternight/test_simple-1/outputs/2026-03-08/16-59-46/checkpoints/last.ckpt
[2026-03-08 19:28:47,072][src.models.dynamic_causal_pfn][INFO] - Max input size of dynamic_causal_pfn: 2
[2026-03-08 19:28:47,086][__main__][INFO] - Pretrained checkpoint loaded successfully.
[2026-03-08 19:28:47,086][__main__][INFO] - Transfer mode: FINE-TUNE — training pretrained model on full downstream data.
[2026-03-08 19:29:05,641][__main__][INFO] - Best checkpoint: /data1/letternight/test_simple-1/outputs/transfer_sweep/fine_tune_lr0.0001/checkpoints/pretrained-epoch=22-dynamic_causal_pfn_train_loss=0.2750.ckpt
[2026-03-08 19:29:05,641][__main__][INFO] - Last checkpoint: /data1/letternight/test_simple-1/outputs/transfer_sweep/fine_tune_lr0.0001/checkpoints/last.ckpt
[2026-03-08 19:29:05,663][src.models.time_varying_model][INFO] - RMSE calculation for val.
[2026-03-08 19:29:05,663][src.models.dynamic_causal_pfn][INFO] - Predictions for val.
[2026-03-08 19:29:05,777][__main__][INFO] - Val normalised RMSE (all): 3.867350325855576; Val normalised RMSE (orig): 3.856489698217737
[2026-03-08 19:29:05,777][src.models.time_varying_model][INFO] - RMSE calculation for test.
[2026-03-08 19:29:05,777][src.models.dynamic_causal_pfn][INFO] - Predictions for test.
[2026-03-08 19:29:09,768][__main__][INFO] - Test normalised RMSE (all): 10.762137343184511; Test normalised RMSE (orig): 10.669962043775904; Test normalised RMSE (only counterfactual): 10.412287469893544
[2026-03-08 19:29:09,779][src.models.dynamic_causal_pfn][INFO] - Max input size of dynamic_causal_pfn: 2
[2026-03-08 19:35:02,643][src.models.dynamic_causal_pfn][INFO] - RMSE calculation for test.
[2026-03-08 19:35:02,644][src.models.dynamic_causal_pfn][INFO] - Predictions for test.
[2026-03-08 19:35:04,760][__main__][INFO] - Test normalised RMSE (n-step prediction): {'2-step': 19.558714803787762}
[2026-03-08 19:35:04,769][src.models.dynamic_causal_pfn][INFO] - Max input size of dynamic_causal_pfn: 2
[2026-03-08 19:40:51,224][src.models.dynamic_causal_pfn][INFO] - RMSE calculation for test.
[2026-03-08 19:40:51,225][src.models.dynamic_causal_pfn][INFO] - Predictions for test.
[2026-03-08 19:40:53,326][__main__][INFO] - Test normalised RMSE (n-step prediction): {'3-step': 20.28306994540499}
