[2026-03-09 17:08:24,075][__main__][INFO] - 
model:
  dim_treatments: 2
  dim_vitals: 0
  dim_static_features: 1
  dim_outcomes: 1
  name: DynamicCausalPFN
  dynamic_causal_pfn:
    _target_: src.models.dynamic_causal_pfn.DynamicCausalPFN
    max_seq_length: 32
    seq_hidden_units: null
    hr_size: null
    fc_hidden_units: null
    dropout_rate: null
    num_layer: 1
    num_heads: 1
    max_grad_norm: 0.0
    batch_size: null
    attn_dropout: true
    disable_cross_attention: false
    isolate_subnetwork: _
    projection_horizon: 0
    self_positional_encoding:
      absolute: true
      trainable: false
    optimizer:
      optimizer_cls: adam
      learning_rate: null
      weight_decay: 0.0
      lr_scheduler: false
    pretrained_ckpt: null
    transfer_mode: null
    few_shot_samples: 50
    tune_hparams: true
    tune_range: 20
    hparams_grid:
      num_layer:
      - 4
      - 6
      - 8
      num_heads:
      - 4
      - 8
      learning_rate:
      - 0.001
      - 0.0005
      batch_size:
      - 256
      - 512
      seq_hidden_units:
      - 32
      - 64
      - 128
      hr_size:
      - 16
      - 32
      - 64
      fc_hidden_units:
      - 32
      - 64
      dropout_rate:
      - 0.1
      - 0.2
    resources_per_trial:
      cpu: 0.5
      gpu: 0.5
dataset:
  val_batch_size: 512
  treatment_mode: multiclass
  _target_: src.data.PretrainCancerDatasetCollection
  name: tumor_generator_pretrain
  coeff: 10.0
  seed: 101
  num_patients:
    train: 1000
    val: 1000
  max_seq_length: 30
  num_pretrain_datasets_train: 50
  num_pretrain_dataset_val: 5
  projection_horizon: 2
  treatment_sequence:
  - - 1.0
    - 0.0
  - - 0.0
    - 1.0
  - - 0.0
    - 1.0
exp:
  seed: 101
  gpus:
  - 0
  max_epochs: 20
  logging: false
  mlflow_uri: http://127.0.0.1:3335
  unscale_rmse: true
  percentage_rmse: true
  alpha: 1.0
  update_alpha: false
  alpha_rate: exp
  balancing: null
  bce_weight: false
  weights_ema: null
  beta: 0.99

