[2026-03-09 16:33:30,116][__main__][INFO] - 
model:
  dim_treatments: 2
  dim_vitals: 0
  dim_static_features: 1
  dim_outcomes: 1
  name: TECDE
  encoder:
    _target_: src.models.tecde.TECDEEncoder
    seq_hidden_units: 15
    br_size: 20
    fc_hidden_units: 80
    dropout_rate: 0.2
    num_layer: 1
    inhomogeneous: true
    batch_size: 128
    optimizer:
      optimizer_cls: adam
      learning_rate: 0.01
      weight_decay: 0.0
      lr_scheduler: false
    tune_hparams: false
    tune_range: 50
    hparams_grid: null
    resources_per_trial: null
  train_decoder: true
  decoder:
    _target_: src.models.tecde.TECDEDecoder
    seq_hidden_units: 20
    br_size: 10
    fc_hidden_units: 5
    dropout_rate: 0.2
    num_layer: 1
    inhomogeneous: true
    batch_size: 256
    optimizer:
      optimizer_cls: adam
      learning_rate: 0.001
      weight_decay: 0.0
      lr_scheduler: false
    tune_hparams: false
    tune_range: 30
    hparams_grid: null
    resources_per_trial: null
dataset:
  val_batch_size: 512
  treatment_mode: multiclass
  coeff: 10.0
  fill_missing: false
  _target_: src.data.SyntheticCancerDatasetCollection
  name: tumor_growth
  chemo_coeff: 10.0
  radio_coeff: 10.0
  seed: 101
  num_patients:
    train: 1000
    val: 1000
    test: 1000
  window_size: 15
  lag: 0
  max_seq_length: 30
  projection_horizon: 2
  cf_seq_mode: fixed_treatment
  treatment_sequence:
  - - 1.0
    - 0.0
  - - 0.0
    - 1.0
  - - 0.0
    - 1.0
exp:
  seed: 101
  gpus:
  - 0
  max_epochs: 1
  logging: false
  mlflow_uri: http://127.0.0.1:3335
  unscale_rmse: true
  percentage_rmse: true
  alpha: 1.0
  update_alpha: true
  alpha_rate: exp
  balancing: grad_reverse
  bce_weight: false
  weights_ema: false
  beta: 0.99

[2026-03-09 16:33:30,121][root][INFO] - Simulating initial volumes for stage I  with norm params: mu=1.72, sigma=4.7, lb=-0.6221218732608373, ub=-0.023523848418276528
[2026-03-09 16:33:30,121][root][INFO] - Simulating initial volumes for stage II  with norm params: mu=1.96, sigma=1.63, lb=-1.9410876100159118, ub=0.3711345751297772
[2026-03-09 16:33:30,122][root][INFO] - Simulating initial volumes for stage IIIA  with norm params: mu=1.91, sigma=9.4, lb=-0.33127370258786554, ub=0.06967546355973796
[2026-03-09 16:33:30,122][root][INFO] - Simulating initial volumes for stage IIIB  with norm params: mu=2.76, sigma=6.87, lb=-0.5769974969906748, ub=-0.02839165102452155
[2026-03-09 16:33:30,122][root][INFO] - Simulating initial volumes for stage IV  with norm params: mu=3.86, sigma=8.82, lb=-0.5741465764541877, ub=-0.14683113860980307
[2026-03-09 16:33:30,123][root][INFO] - Got correlated params for 457 patients
[2026-03-09 16:33:30,124][root][INFO] - Got correlated params for 916 patients
[2026-03-09 16:33:30,124][root][INFO] - Got correlated params for 1362 patients
[2026-03-09 16:33:30,125][root][INFO] - Randomising outputs
[2026-03-09 16:33:30,381][root][INFO] - Simulating initial volumes for stage I  with norm params: mu=1.72, sigma=4.7, lb=-0.6221218732608373, ub=-0.023523848418276528
[2026-03-09 16:33:30,381][root][INFO] - Simulating initial volumes for stage II  with norm params: mu=1.96, sigma=1.63, lb=-1.9410876100159118, ub=0.3711345751297772
[2026-03-09 16:33:30,382][root][INFO] - Simulating initial volumes for stage IIIA  with norm params: mu=1.91, sigma=9.4, lb=-0.33127370258786554, ub=0.06967546355973796
[2026-03-09 16:33:30,382][root][INFO] - Simulating initial volumes for stage IIIB  with norm params: mu=2.76, sigma=6.87, lb=-0.5769974969906748, ub=-0.02839165102452155
[2026-03-09 16:33:30,382][root][INFO] - Simulating initial volumes for stage IV  with norm params: mu=3.86, sigma=8.82, lb=-0.5741465764541877, ub=-0.14683113860980307
[2026-03-09 16:33:30,383][root][INFO] - Got correlated params for 452 patients
[2026-03-09 16:33:30,384][root][INFO] - Got correlated params for 893 patients
[2026-03-09 16:33:30,384][root][INFO] - Got correlated params for 1342 patients
[2026-03-09 16:33:30,384][root][INFO] - Randomising outputs
[2026-03-09 16:33:30,642][root][INFO] - Simulating initial volumes for stage I  with norm params: mu=1.72, sigma=4.7, lb=-0.6221218732608373, ub=-0.023523848418276528
[2026-03-09 16:33:30,642][root][INFO] - Simulating initial volumes for stage II  with norm params: mu=1.96, sigma=1.63, lb=-1.9410876100159118, ub=0.3711345751297772
[2026-03-09 16:33:30,643][root][INFO] - Simulating initial volumes for stage IIIA  with norm params: mu=1.91, sigma=9.4, lb=-0.33127370258786554, ub=0.06967546355973796
[2026-03-09 16:33:30,643][root][INFO] - Simulating initial volumes for stage IIIB  with norm params: mu=2.76, sigma=6.87, lb=-0.5769974969906748, ub=-0.02839165102452155
[2026-03-09 16:33:30,643][root][INFO] - Simulating initial volumes for stage IV  with norm params: mu=3.86, sigma=8.82, lb=-0.5741465764541877, ub=-0.14683113860980307
[2026-03-09 16:33:30,644][root][INFO] - Got correlated params for 436 patients
[2026-03-09 16:33:30,645][root][INFO] - Got correlated params for 892 patients
[2026-03-09 16:33:30,645][root][INFO] - Got correlated params for 1370 patients
[2026-03-09 16:33:30,645][root][INFO] - Randomising outputs
[2026-03-09 16:33:31,172][root][INFO] - Simulating initial volumes for stage I  with norm params: mu=1.72, sigma=4.7, lb=-0.6221218732608373, ub=-0.023523848418276528
[2026-03-09 16:33:31,173][root][INFO] - Simulating initial volumes for stage II  with norm params: mu=1.96, sigma=1.63, lb=-1.9410876100159118, ub=0.3711345751297772
[2026-03-09 16:33:31,173][root][INFO] - Simulating initial volumes for stage IIIA  with norm params: mu=1.91, sigma=9.4, lb=-0.33127370258786554, ub=0.06967546355973796
[2026-03-09 16:33:31,173][root][INFO] - Simulating initial volumes for stage IIIB  with norm params: mu=2.76, sigma=6.87, lb=-0.5769974969906748, ub=-0.02839165102452155
[2026-03-09 16:33:31,174][root][INFO] - Simulating initial volumes for stage IV  with norm params: mu=3.86, sigma=8.82, lb=-0.5741465764541877, ub=-0.14683113860980307
[2026-03-09 16:33:31,175][root][INFO] - Got correlated params for 472 patients
[2026-03-09 16:33:31,175][root][INFO] - Got correlated params for 913 patients
[2026-03-09 16:33:31,175][root][INFO] - Got correlated params for 1366 patients
[2026-03-09 16:33:31,176][root][INFO] - Randomising outputs
[2026-03-09 16:33:31,770][src.data.cancer_sim.dataset][INFO] - Processing train dataset before training
[2026-03-09 16:33:31,789][src.data.cancer_sim.dataset][INFO] - Shape of processed train data: {'cancer_volume': (1000, 30), 'radio_dosage': (1000, 30), 'radio_application': (1000, 30), 'radio_probabilities': (1000, 30), 'sequence_lengths': (1000,), 'death_flags': (1000, 30), 'recovery_flags': (1000, 30), 'patient_types': (1000,), 'prev_treatments': (1000, 29, 2), 'current_treatments': (1000, 29, 2), 'prev_treatment_times': (1000, 29, 1), 'current_treatment_times': (1000, 29, 1), 'current_covariates': (1000, 29, 2), 'outputs': (1000, 29, 1), 'active_entries': (1000, 29, 1), 'unscaled_outputs': (1000, 29, 1), 'prev_outputs': (1000, 29, 1), 'static_features': (1000, 1)}
[2026-03-09 16:33:31,789][src.data.cancer_sim.dataset][INFO] - Processing val dataset before training
[2026-03-09 16:33:31,805][src.data.cancer_sim.dataset][INFO] - Shape of processed val data: {'cancer_volume': (1000, 30), 'radio_dosage': (1000, 30), 'radio_application': (1000, 30), 'radio_probabilities': (1000, 30), 'sequence_lengths': (1000,), 'death_flags': (1000, 30), 'recovery_flags': (1000, 30), 'patient_types': (1000,), 'prev_treatments': (1000, 29, 2), 'current_treatments': (1000, 29, 2), 'prev_treatment_times': (1000, 29, 1), 'current_treatment_times': (1000, 29, 1), 'current_covariates': (1000, 29, 2), 'outputs': (1000, 29, 1), 'active_entries': (1000, 29, 1), 'unscaled_outputs': (1000, 29, 1), 'prev_outputs': (1000, 29, 1), 'static_features': (1000, 1)}
[2026-03-09 16:33:31,806][src.data.cancer_sim.dataset][INFO] - Processing test dataset before training
[2026-03-09 16:33:32,709][src.data.cancer_sim.dataset][INFO] - Shape of processed test data: {'cancer_volume': (56678, 30), 'radio_application': (56678, 30), 'sequence_lengths': (56678,), 'patient_types': (56678,), 'prev_treatments': (56678, 29, 2), 'current_treatments': (56678, 29, 2), 'prev_treatment_times': (56678, 29, 1), 'current_treatment_times': (56678, 29, 1), 'current_covariates': (56678, 29, 2), 'outputs': (56678, 29, 1), 'active_entries': (56678, 29, 1), 'unscaled_outputs': (56678, 29, 1), 'prev_outputs': (56678, 29, 1), 'static_features': (56678, 1)}
[2026-03-09 16:33:32,718][src.models.tecde][INFO] - Input size of encoder: 5
[2026-03-09 16:33:36,091][src.models.time_varying_model][INFO] - RMSE calculation for val.
[2026-03-09 16:33:36,091][src.models.time_varying_model][INFO] - Predictions for val.
[2026-03-09 16:33:36,161][__main__][INFO] - Val normalised RMSE (all): 3.9045177288766686; Val normalised RMSE (orig): 3.9013895458465204
[2026-03-09 16:33:36,161][src.models.time_varying_model][INFO] - RMSE calculation for test.
[2026-03-09 16:33:36,161][src.models.time_varying_model][INFO] - Predictions for test.
[2026-03-09 16:33:38,533][__main__][INFO] - Test normalised RMSE (all): 6.901378520874217; Test normalised RMSE (orig): 6.9379018853488255; Test normalised RMSE (only counterfactual): 6.756125337439004
[2026-03-09 16:33:38,540][src.models.tecde][INFO] - Input size of decoder: 5
[2026-03-09 16:33:38,547][src.data.cancer_sim.dataset][INFO] - train Dataset already processed
[2026-03-09 16:33:38,547][src.data.cancer_sim.dataset][INFO] - val Dataset already processed
[2026-03-09 16:33:38,547][src.data.cancer_sim.dataset][INFO] - Processing test dataset before training
[2026-03-09 16:33:39,016][src.data.cancer_sim.dataset][INFO] - Shape of processed test data: {'cancer_volume': (28477, 32), 'radio_application': (28477, 32), 'sequence_lengths': (28477,), 'patient_types': (28477,), 'patient_ids_all_trajectories': (28477,), 'patient_current_t': (28477,), 'prev_treatments': (28477, 31, 2), 'current_treatments': (28477, 31, 2), 'prev_treatment_times': (28477, 31, 1), 'current_treatment_times': (28477, 31, 1), 'current_covariates': (28477, 31, 2), 'outputs': (28477, 31, 1), 'active_entries': (28477, 31, 1), 'unscaled_outputs': (28477, 31, 1), 'prev_outputs': (28477, 31, 1), 'static_features': (28477, 1)}
[2026-03-09 16:33:39,016][src.models.time_varying_model][INFO] - Balanced representations inference for train.
[2026-03-09 16:33:39,069][src.models.time_varying_model][INFO] - Balanced representations inference for val.
[2026-03-09 16:33:39,123][src.models.time_varying_model][INFO] - Balanced representations inference for test.
[2026-03-09 16:33:40,297][src.models.time_varying_model][INFO] - Predictions for test.
[2026-03-09 16:33:41,479][src.data.cancer_sim.dataset][INFO] - Processing train dataset before training (multiple sequences)
[2026-03-09 16:33:41,557][src.data.cancer_sim.dataset][INFO] - Shape of processed train data: {'init_state': (25823, 20), 'original_index': (25823,), 'active_encoder_r': (25823, 29), 'prev_treatments': (25823, 2, 2), 'current_treatments': (25823, 2, 2), 'current_covariates': (25823, 2, 2), 'prev_outputs': (25823, 2, 1), 'static_features': (25823, 1), 'outputs': (25823, 2, 1), 'sequence_lengths': (25823,), 'active_entries': (25823, 2, 1), 'unscaled_outputs': (25823, 2, 1)}
[2026-03-09 16:33:41,557][src.data.cancer_sim.dataset][INFO] - Processing val dataset before training (multiple sequences)
[2026-03-09 16:33:41,634][src.data.cancer_sim.dataset][INFO] - Shape of processed val data: {'init_state': (25770, 20), 'original_index': (25770,), 'active_encoder_r': (25770, 29), 'prev_treatments': (25770, 2, 2), 'current_treatments': (25770, 2, 2), 'current_covariates': (25770, 2, 2), 'prev_outputs': (25770, 2, 1), 'static_features': (25770, 1), 'outputs': (25770, 2, 1), 'sequence_lengths': (25770,), 'active_entries': (25770, 2, 1), 'unscaled_outputs': (25770, 2, 1)}
[2026-03-09 16:33:41,634][src.data.cancer_sim.dataset][INFO] - Processing test dataset before testing (multiple sequences)
[2026-03-09 16:33:41,804][src.data.cancer_sim.dataset][INFO] - Shape of processed test data: {'active_encoder_r': (28477, 29), 'prev_treatments': (28477, 2, 2), 'current_treatments': (28477, 2, 2), 'current_covariates': (28477, 2, 2), 'prev_outputs': (28477, 2, 1), 'static_features': (28477, 1), 'outputs': (28477, 2, 1), 'sequence_lengths': (28477,), 'active_entries': (28477, 2, 1), 'unscaled_outputs': (28477, 2, 1), 'patient_types': (28477,), 'patient_ids_all_trajectories': (28477,), 'patient_current_t': (28477,), 'init_state': (28477, 20)}
[2026-03-09 16:33:41,805][src.data.cancer_sim.dataset][INFO] - Processing test dataset before testing (autoregressive)
[2026-03-09 16:33:41,900][src.data.cancer_sim.dataset][INFO] - Shape of processed test data: {'current_covariates': (28477, 2, 2), 'prev_treatments': (28477, 2, 2), 'current_treatments': (28477, 2, 2), 'init_state': (28477, 20), 'active_encoder_r': (28477, 29), 'active_entries': (28477, 2, 1), 'prev_outputs': (28477, 2, 1), 'static_features': (28477, 1)}
[2026-03-09 16:33:43,963][src.models.time_varying_model][INFO] - RMSE calculation for val.
[2026-03-09 16:33:43,963][src.models.time_varying_model][INFO] - Predictions for val.
[2026-03-09 16:33:44,480][__main__][INFO] - Val normalised RMSE (all): 3.7761926909118144; Val normalised RMSE (orig): 3.7761926909118113
[2026-03-09 16:33:44,480][src.models.time_varying_model][INFO] - RMSE calculation for test.
[2026-03-09 16:33:44,481][src.models.time_varying_model][INFO] - Autoregressive Prediction for test.
[2026-03-09 16:33:44,481][src.models.time_varying_model][INFO] - t = 2
[2026-03-09 16:33:44,481][src.models.time_varying_model][INFO] - Predictions for test.
[2026-03-09 16:33:44,930][src.models.time_varying_model][INFO] - t = 3
[2026-03-09 16:33:44,930][src.models.time_varying_model][INFO] - Predictions for test.
[2026-03-09 16:33:45,418][__main__][INFO] - Test normalised RMSE (n-step prediction): {'2-step': 16.932336556977205, '3-step': 16.926000676115493}
