[2026-03-09 16:32:50,642][__main__][INFO] - 
model:
  dim_treatments: 2
  dim_vitals: 0
  dim_static_features: 1
  dim_outcomes: 1
  name: G-Net
  g_net:
    _target_: src.models.gnet.GNet
    seq_hidden_units: 8
    num_layer: 1
    r_size: 8
    fc_hidden_units: 4
    num_comp: 1
    mc_samples: 5
    fit_vitals: true
    comp_sizes: null
    batch_size: 128
    dropout_rate: 0.1
    optimizer:
      optimizer_cls: adam
      learning_rate: 0.01
      weight_decay: 0.0
      lr_scheduler: false
    tune_hparams: false
    tune_range: 50
    hparams_grid: null
    resources_per_trial: null
dataset:
  val_batch_size: 512
  treatment_mode: multiclass
  holdout_ratio: 0.1
  coeff: 10.0
  _target_: src.data.SyntheticCancerDatasetCollection
  name: tumor_growth
  chemo_coeff: 10.0
  radio_coeff: 10.0
  seed: 101
  num_patients:
    train: 1000
    val: 1000
    test: 1000
  window_size: 15
  lag: 0
  max_seq_length: 30
  projection_horizon: 2
  cf_seq_mode: fixed_treatment
  treatment_sequence:
  - - 1.0
    - 0.0
  - - 0.0
    - 1.0
  - - 0.0
    - 1.0
exp:
  seed: 101
  gpus:
  - 0
  max_epochs: 1
  logging: false
  mlflow_uri: http://127.0.0.1:3335
  unscale_rmse: true
  percentage_rmse: true
  alpha: 1.0
  update_alpha: false
  alpha_rate: exp
  balancing: null
  bce_weight: false
  weights_ema: null
  beta: 0.99

[2026-03-09 16:32:50,646][root][INFO] - Simulating initial volumes for stage I  with norm params: mu=1.72, sigma=4.7, lb=-0.6221218732608373, ub=-0.023523848418276528
[2026-03-09 16:32:50,647][root][INFO] - Simulating initial volumes for stage II  with norm params: mu=1.96, sigma=1.63, lb=-1.9410876100159118, ub=0.3711345751297772
[2026-03-09 16:32:50,647][root][INFO] - Simulating initial volumes for stage IIIA  with norm params: mu=1.91, sigma=9.4, lb=-0.33127370258786554, ub=0.06967546355973796
[2026-03-09 16:32:50,648][root][INFO] - Simulating initial volumes for stage IIIB  with norm params: mu=2.76, sigma=6.87, lb=-0.5769974969906748, ub=-0.02839165102452155
[2026-03-09 16:32:50,648][root][INFO] - Simulating initial volumes for stage IV  with norm params: mu=3.86, sigma=8.82, lb=-0.5741465764541877, ub=-0.14683113860980307
[2026-03-09 16:32:50,649][root][INFO] - Got correlated params for 457 patients
[2026-03-09 16:32:50,650][root][INFO] - Got correlated params for 916 patients
[2026-03-09 16:32:50,650][root][INFO] - Got correlated params for 1362 patients
[2026-03-09 16:32:50,651][root][INFO] - Randomising outputs
[2026-03-09 16:32:50,905][root][INFO] - Simulating initial volumes for stage I  with norm params: mu=1.72, sigma=4.7, lb=-0.6221218732608373, ub=-0.023523848418276528
[2026-03-09 16:32:50,906][root][INFO] - Simulating initial volumes for stage II  with norm params: mu=1.96, sigma=1.63, lb=-1.9410876100159118, ub=0.3711345751297772
[2026-03-09 16:32:50,906][root][INFO] - Simulating initial volumes for stage IIIA  with norm params: mu=1.91, sigma=9.4, lb=-0.33127370258786554, ub=0.06967546355973796
[2026-03-09 16:32:50,906][root][INFO] - Simulating initial volumes for stage IIIB  with norm params: mu=2.76, sigma=6.87, lb=-0.5769974969906748, ub=-0.02839165102452155
[2026-03-09 16:32:50,907][root][INFO] - Simulating initial volumes for stage IV  with norm params: mu=3.86, sigma=8.82, lb=-0.5741465764541877, ub=-0.14683113860980307
[2026-03-09 16:32:50,907][root][INFO] - Got correlated params for 452 patients
[2026-03-09 16:32:50,908][root][INFO] - Got correlated params for 893 patients
[2026-03-09 16:32:50,908][root][INFO] - Got correlated params for 1342 patients
[2026-03-09 16:32:50,909][root][INFO] - Randomising outputs
[2026-03-09 16:32:51,163][root][INFO] - Simulating initial volumes for stage I  with norm params: mu=1.72, sigma=4.7, lb=-0.6221218732608373, ub=-0.023523848418276528
[2026-03-09 16:32:51,164][root][INFO] - Simulating initial volumes for stage II  with norm params: mu=1.96, sigma=1.63, lb=-1.9410876100159118, ub=0.3711345751297772
[2026-03-09 16:32:51,164][root][INFO] - Simulating initial volumes for stage IIIA  with norm params: mu=1.91, sigma=9.4, lb=-0.33127370258786554, ub=0.06967546355973796
[2026-03-09 16:32:51,164][root][INFO] - Simulating initial volumes for stage IIIB  with norm params: mu=2.76, sigma=6.87, lb=-0.5769974969906748, ub=-0.02839165102452155
[2026-03-09 16:32:51,165][root][INFO] - Simulating initial volumes for stage IV  with norm params: mu=3.86, sigma=8.82, lb=-0.5741465764541877, ub=-0.14683113860980307
[2026-03-09 16:32:51,166][root][INFO] - Got correlated params for 436 patients
[2026-03-09 16:32:51,166][root][INFO] - Got correlated params for 892 patients
[2026-03-09 16:32:51,166][root][INFO] - Got correlated params for 1370 patients
[2026-03-09 16:32:51,167][root][INFO] - Randomising outputs
[2026-03-09 16:32:51,687][root][INFO] - Simulating initial volumes for stage I  with norm params: mu=1.72, sigma=4.7, lb=-0.6221218732608373, ub=-0.023523848418276528
[2026-03-09 16:32:51,687][root][INFO] - Simulating initial volumes for stage II  with norm params: mu=1.96, sigma=1.63, lb=-1.9410876100159118, ub=0.3711345751297772
[2026-03-09 16:32:51,687][root][INFO] - Simulating initial volumes for stage IIIA  with norm params: mu=1.91, sigma=9.4, lb=-0.33127370258786554, ub=0.06967546355973796
[2026-03-09 16:32:51,688][root][INFO] - Simulating initial volumes for stage IIIB  with norm params: mu=2.76, sigma=6.87, lb=-0.5769974969906748, ub=-0.02839165102452155
[2026-03-09 16:32:51,688][root][INFO] - Simulating initial volumes for stage IV  with norm params: mu=3.86, sigma=8.82, lb=-0.5741465764541877, ub=-0.14683113860980307
[2026-03-09 16:32:51,689][root][INFO] - Got correlated params for 472 patients
[2026-03-09 16:32:51,690][root][INFO] - Got correlated params for 913 patients
[2026-03-09 16:32:51,690][root][INFO] - Got correlated params for 1366 patients
[2026-03-09 16:32:51,690][root][INFO] - Randomising outputs
[2026-03-09 16:32:52,284][src.data.cancer_sim.dataset][INFO] - Processing train dataset before training
[2026-03-09 16:32:52,302][src.data.cancer_sim.dataset][INFO] - Shape of processed train data: {'cancer_volume': (1000, 30), 'radio_dosage': (1000, 30), 'radio_application': (1000, 30), 'radio_probabilities': (1000, 30), 'sequence_lengths': (1000,), 'death_flags': (1000, 30), 'recovery_flags': (1000, 30), 'patient_types': (1000,), 'prev_treatments': (1000, 29, 2), 'current_treatments': (1000, 29, 2), 'prev_treatment_times': (1000, 29, 1), 'current_treatment_times': (1000, 29, 1), 'current_covariates': (1000, 29, 2), 'outputs': (1000, 29, 1), 'active_entries': (1000, 29, 1), 'unscaled_outputs': (1000, 29, 1), 'prev_outputs': (1000, 29, 1), 'static_features': (1000, 1)}
[2026-03-09 16:32:52,302][src.data.cancer_sim.dataset][INFO] - Processing val dataset before training
[2026-03-09 16:32:52,319][src.data.cancer_sim.dataset][INFO] - Shape of processed val data: {'cancer_volume': (1000, 30), 'radio_dosage': (1000, 30), 'radio_application': (1000, 30), 'radio_probabilities': (1000, 30), 'sequence_lengths': (1000,), 'death_flags': (1000, 30), 'recovery_flags': (1000, 30), 'patient_types': (1000,), 'prev_treatments': (1000, 29, 2), 'current_treatments': (1000, 29, 2), 'prev_treatment_times': (1000, 29, 1), 'current_treatment_times': (1000, 29, 1), 'current_covariates': (1000, 29, 2), 'outputs': (1000, 29, 1), 'active_entries': (1000, 29, 1), 'unscaled_outputs': (1000, 29, 1), 'prev_outputs': (1000, 29, 1), 'static_features': (1000, 1)}
[2026-03-09 16:32:52,319][src.data.cancer_sim.dataset][INFO] - Processing test dataset before training
[2026-03-09 16:32:53,229][src.data.cancer_sim.dataset][INFO] - Shape of processed test data: {'cancer_volume': (56678, 30), 'radio_application': (56678, 30), 'sequence_lengths': (56678,), 'patient_types': (56678,), 'prev_treatments': (56678, 29, 2), 'current_treatments': (56678, 29, 2), 'prev_treatment_times': (56678, 29, 1), 'current_treatment_times': (56678, 29, 1), 'current_covariates': (56678, 29, 2), 'outputs': (56678, 29, 1), 'active_entries': (56678, 29, 1), 'unscaled_outputs': (56678, 29, 1), 'prev_outputs': (56678, 29, 1), 'static_features': (56678, 1)}
[2026-03-09 16:32:53,229][src.data.cancer_sim.dataset][INFO] - Processing test dataset before training
[2026-03-09 16:32:53,712][src.data.cancer_sim.dataset][INFO] - Shape of processed test data: {'cancer_volume': (28477, 32), 'radio_application': (28477, 32), 'sequence_lengths': (28477,), 'patient_types': (28477,), 'patient_ids_all_trajectories': (28477,), 'patient_current_t': (28477,), 'prev_treatments': (28477, 31, 2), 'current_treatments': (28477, 31, 2), 'prev_treatment_times': (28477, 31, 1), 'current_treatment_times': (28477, 31, 1), 'current_covariates': (28477, 31, 2), 'outputs': (28477, 31, 1), 'active_entries': (28477, 31, 1), 'unscaled_outputs': (28477, 31, 1), 'prev_outputs': (28477, 31, 1), 'static_features': (28477, 1)}
[2026-03-09 16:32:53,713][src.data.cancer_sim.dataset][INFO] - Processing test dataset before testing (multiple sequences)
[2026-03-09 16:32:53,903][src.data.cancer_sim.dataset][INFO] - Shape of processed test data: {'active_encoder_r': (28477, 29), 'prev_treatments': (28477, 2, 2), 'current_treatments': (28477, 2, 2), 'current_covariates': (28477, 2, 2), 'prev_outputs': (28477, 2, 1), 'static_features': (28477, 1), 'outputs': (28477, 2, 1), 'sequence_lengths': (28477,), 'active_entries': (28477, 2, 1), 'unscaled_outputs': (28477, 2, 1), 'patient_types': (28477,), 'patient_ids_all_trajectories': (28477,), 'patient_current_t': (28477,)}
[2026-03-09 16:32:53,948][src.models.gnet][INFO] - Input size of g_net: 5
[2026-03-09 16:32:54,974][src.data.dataset_collection][INFO] - Splited train_f on train_f: 900 and train_f_holdout: 100
[2026-03-09 16:32:54,974][src.data.dataset_collection][INFO] - Exploding test_cf_treatment_seq 5 times
[2026-03-09 16:32:56,470][src.models.gnet][INFO] - Fitting residuals based on train_f_holdout.
[2026-03-09 16:32:56,470][src.models.gnet][INFO] - Predictions for train.
[2026-03-09 16:32:56,479][src.models.time_varying_model][INFO] - RMSE calculation for val.
[2026-03-09 16:32:56,479][src.models.gnet][INFO] - Predictions for val.
[2026-03-09 16:32:56,517][__main__][INFO] - Val normalised RMSE (all): 6.031123626521545; Val normalised RMSE (orig): 6.017771589694452
[2026-03-09 16:32:56,517][src.models.time_varying_model][INFO] - RMSE calculation for test.
[2026-03-09 16:32:56,517][src.models.gnet][INFO] - Predictions for test.
[2026-03-09 16:32:58,005][__main__][INFO] - Test normalised RMSE (all): 15.394590996641124; Test normalised RMSE (orig): 15.224906537010465; Test normalised RMSE (only counterfactual): 14.72327014447801
[2026-03-09 16:32:58,006][src.models.time_varying_model][INFO] - RMSE calculation for test.
[2026-03-09 16:32:58,006][src.models.gnet][INFO] - Autoregressive Prediction for test with MC-sampling of trajectories.
[2026-03-09 16:32:58,006][src.models.gnet][INFO] - t = 1
[2026-03-09 16:32:58,006][src.models.gnet][INFO] - Predictions for test.
[2026-03-09 16:32:58,773][src.models.gnet][INFO] - Predictions for test.
[2026-03-09 16:32:59,534][src.models.gnet][INFO] - Predictions for test.
[2026-03-09 16:33:00,294][src.models.gnet][INFO] - Predictions for test.
[2026-03-09 16:33:01,052][src.models.gnet][INFO] - Predictions for test.
[2026-03-09 16:33:01,808][src.models.gnet][INFO] - t = 2
[2026-03-09 16:33:01,809][src.models.gnet][INFO] - Predictions for test.
[2026-03-09 16:33:02,567][src.models.gnet][INFO] - Predictions for test.
[2026-03-09 16:33:03,339][src.models.gnet][INFO] - Predictions for test.
[2026-03-09 16:33:04,106][src.models.gnet][INFO] - Predictions for test.
[2026-03-09 16:33:04,865][src.models.gnet][INFO] - Predictions for test.
[2026-03-09 16:33:05,623][src.models.gnet][INFO] - t = 3
[2026-03-09 16:33:05,623][src.models.gnet][INFO] - Predictions for test.
[2026-03-09 16:33:06,380][src.models.gnet][INFO] - Predictions for test.
[2026-03-09 16:33:07,135][src.models.gnet][INFO] - Predictions for test.
[2026-03-09 16:33:07,893][src.models.gnet][INFO] - Predictions for test.
[2026-03-09 16:33:08,648][src.models.gnet][INFO] - Predictions for test.
[2026-03-09 16:33:09,460][__main__][INFO] - Test normalised RMSE (n-step prediction): {'2-step': 19.30662464322172, '3-step': 19.884353985766708}
