[2026-03-08 16:20:40,698][__main__][INFO] - 
model:
  dim_treatments: 2
  dim_vitals: 0
  dim_static_features: 1
  dim_outcomes: 1
  name: DynamicCausalPFN
  dynamic_causal_pfn:
    _target_: src.models.dynamic_causal_pfn.DynamicCausalPFN
    max_seq_length: 32
    seq_hidden_units: null
    hr_size: null
    fc_hidden_units: null
    dropout_rate: null
    num_layer: 1
    num_heads: 1
    max_grad_norm: 0.0
    batch_size: null
    attn_dropout: true
    disable_cross_attention: false
    isolate_subnetwork: _
    projection_horizon: 0
    self_positional_encoding:
      absolute: true
      trainable: false
    optimizer:
      optimizer_cls: adam
      learning_rate: null
      weight_decay: 0.0
      lr_scheduler: false
    pretrained_ckpt: null
    transfer_mode: null
    few_shot_samples: 50
    tune_hparams: true
    tune_range: 20
    hparams_grid:
      num_layer:
      - 2
      - 4
      num_heads:
      - 2
      - 4
      learning_rate:
      - 0.01
      - 0.001
      batch_size:
      - 128
      - 256
      seq_hidden_units:
      - 16
      - 32
      hr_size:
      - 8
      - 16
      fc_hidden_units:
      - 16
      - 64
      dropout_rate:
      - 0.1
      - 0.2
    resources_per_trial:
      cpu: 0.4
      gpu: 0.25
dataset:
  val_batch_size: 512
  treatment_mode: multiclass
  _target_: src.data.PretrainCancerDatasetCollection
  name: tumor_generator_pretrain
  coeff: 10.0
  seed: 101
  num_patients:
    train: 1000
    val: 1000
  max_seq_length: 30
  num_pretrain_datasets_train: 5
  num_pretrain_dataset_val: 1
  projection_horizon: 2
  treatment_sequence:
  - - 1.0
    - 0.0
  - - 0.0
    - 1.0
  - - 0.0
    - 1.0
exp:
  seed: 101
  gpus:
  - 0
  max_epochs: 30
  logging: false
  mlflow_uri: http://127.0.0.1:3335
  unscale_rmse: true
  percentage_rmse: true
  alpha: 1.0
  update_alpha: false
  alpha_rate: exp
  balancing: null
  bce_weight: false
  weights_ema: null
  beta: 0.99

[2026-03-08 16:20:48,758][src.data.cancer_sim.dataset][INFO] - Processing train pretraining dataset
[2026-03-08 16:20:48,770][src.data.cancer_sim.dataset][INFO] - Shape of processed train pretraining data: {'cancer_volume': (5000, 30), 'radio_application': (5000, 30), 'sequence_lengths': (5000,), 'patient_types': (5000,), 'dataset_id': (5000,), 'current_treatments': (5000, 29, 2), 'prev_treatments': (5000, 29, 2), 'current_covariates': (5000, 29, 2), 'outputs': (5000, 29, 1), 'active_entries': (5000, 29, 1), 'unscaled_outputs': (5000, 29, 1), 'prev_outputs': (5000, 29, 1), 'static_features': (5000, 1)}
[2026-03-08 16:20:48,770][src.data.cancer_sim.dataset][INFO] - Processing val pretraining dataset
[2026-03-08 16:20:48,772][src.data.cancer_sim.dataset][INFO] - Shape of processed val pretraining data: {'cancer_volume': (1000, 30), 'radio_application': (1000, 30), 'sequence_lengths': (1000,), 'patient_types': (1000,), 'current_treatments': (1000, 29, 2), 'prev_treatments': (1000, 29, 2), 'current_covariates': (1000, 29, 2), 'outputs': (1000, 29, 1), 'active_entries': (1000, 29, 1), 'unscaled_outputs': (1000, 29, 1), 'prev_outputs': (1000, 29, 1), 'static_features': (1000, 1)}
[2026-03-08 16:20:48,783][src.models.dynamic_causal_pfn][INFO] - Max input size of dynamic_causal_pfn: 2
[2026-03-08 16:20:48,784][src.models.dynamic_causal_pfn][WARNING] - dynamic_causal_pfn not fully initialised - some mandatory args are missing! (It's ok, if one will perform hyperparameters search afterward).
[2026-03-08 16:20:48,789][src.models.time_varying_model][INFO] - Running hyperparameters selection with 20 trials
