[2026-03-08 22:47:58,364][__main__][INFO] - 
model:
  dim_treatments: 2
  dim_vitals: 0
  dim_static_features: 1
  dim_outcomes: 1
  name: RMSN
  propensity_treatment:
    _target_: src.models.rmsn.RMSNPropensityNetworkTreatment
    seq_hidden_units: null
    dropout_rate: null
    num_layer: 1
    batch_size: null
    max_grad_norm: null
    optimizer:
      optimizer_cls: adam
      learning_rate: null
      weight_decay: 0.0
      lr_scheduler: false
    tune_hparams: true
    tune_range: 50
    resources_per_trial:
      cpu: 0.4
      gpu: 0.2
    hparams_grid:
      num_layer:
      - 1
      - 2
      learning_rate:
      - 0.01
      - 0.001
      - 0.0001
      batch_size:
      - 64
      - 128
      - 256
      seq_hidden_units:
      - 0.5
      - 1.0
      - 2.0
      - 3.0
      - 4.0
      dropout_rate:
      - 0.1
      - 0.2
      max_grad_norm:
      - 0.5
      - 1.0
      - 2.0
  propensity_history:
    _target_: src.models.rmsn.RMSNPropensityNetworkHistory
    seq_hidden_units: null
    dropout_rate: null
    num_layer: 1
    batch_size: null
    max_grad_norm: null
    optimizer:
      optimizer_cls: adam
      learning_rate: null
      weight_decay: 0.0
      lr_scheduler: false
    tune_hparams: true
    tune_range: 50
    resources_per_trial:
      cpu: 0.4
      gpu: 0.2
    hparams_grid:
      num_layer:
      - 1
      - 2
      learning_rate:
      - 0.01
      - 0.001
      - 0.0001
      batch_size:
      - 64
      - 128
      - 256
      seq_hidden_units:
      - 0.5
      - 1.0
      - 2.0
      - 3.0
      - 4.0
      dropout_rate:
      - 0.1
      - 0.2
      max_grad_norm:
      - 0.5
      - 1.0
      - 2.0
  encoder:
    _target_: src.models.rmsn.RMSNEncoder
    seq_hidden_units: null
    dropout_rate: null
    num_layer: 1
    batch_size: null
    max_grad_norm: null
    optimizer:
      optimizer_cls: adam
      learning_rate: null
      weight_decay: 0.0
      lr_scheduler: false
    tune_hparams: true
    tune_range: 50
    resources_per_trial:
      cpu: 0.4
      gpu: 0.2
    hparams_grid:
      num_layer:
      - 1
      - 2
      learning_rate:
      - 0.01
      - 0.001
      - 0.0001
      batch_size:
      - 64
      - 128
      - 256
      seq_hidden_units:
      - 0.5
      - 1.0
      - 2.0
      - 3.0
      - 4.0
      dropout_rate:
      - 0.1
      - 0.2
      max_grad_norm:
      - 0.5
      - 1.0
      - 2.0
  train_decoder: true
  decoder:
    _target_: src.models.rmsn.RMSNDecoder
    seq_hidden_units: null
    dropout_rate: null
    num_layer: 1
    batch_size: null
    max_grad_norm: null
    optimizer:
      optimizer_cls: adam
      learning_rate: null
      weight_decay: 0.0
      lr_scheduler: false
    tune_hparams: true
    tune_range: 20
    resources_per_trial:
      cpu: 0.4
      gpu: 0.2
    hparams_grid:
      num_layer:
      - 1
      - 2
      learning_rate:
      - 0.01
      - 0.001
      - 0.0001
      batch_size:
      - 256
      - 512
      - 1024
      seq_hidden_units:
      - 1.0
      - 2.0
      - 4.0
      - 8.0
      - 16.0
      dropout_rate:
      - 0.1
      - 0.2
      max_grad_norm:
      - 0.5
      - 1.0
      - 2.0
      - 4.0
dataset:
  val_batch_size: 512
  treatment_mode: multilabel
  _target_: src.data.SyntheticCancerDatasetCollection
  name: tumor_growth
  coeff: 10.0
  chemo_coeff: 10.0
  radio_coeff: 10.0
  seed: 101
  num_patients:
    train: 1000
    val: 1000
    test: 1000
  window_size: 15
  lag: 0
  max_seq_length: 30
  projection_horizon: 2
  cf_seq_mode: fixed_treatment
  treatment_sequence:
  - - 1.0
    - 0.0
  - - 0.0
    - 1.0
  - - 0.0
    - 1.0
exp:
  seed: 101
  gpus:
  - 0
  max_epochs: 50
  logging: false
  mlflow_uri: http://127.0.0.1:3335
  unscale_rmse: true
  percentage_rmse: true
  alpha: 1.0
  update_alpha: false
  alpha_rate: exp
  balancing: null
  bce_weight: false
  weights_ema: null
  beta: 0.99

[2026-03-08 22:47:58,368][root][INFO] - Simulating initial volumes for stage I  with norm params: mu=1.72, sigma=4.7, lb=-0.6221218732608373, ub=-0.023523848418276528
[2026-03-08 22:47:58,369][root][INFO] - Simulating initial volumes for stage II  with norm params: mu=1.96, sigma=1.63, lb=-1.9410876100159118, ub=0.3711345751297772
[2026-03-08 22:47:58,369][root][INFO] - Simulating initial volumes for stage IIIA  with norm params: mu=1.91, sigma=9.4, lb=-0.33127370258786554, ub=0.06967546355973796
[2026-03-08 22:47:58,369][root][INFO] - Simulating initial volumes for stage IIIB  with norm params: mu=2.76, sigma=6.87, lb=-0.5769974969906748, ub=-0.02839165102452155
[2026-03-08 22:47:58,370][root][INFO] - Simulating initial volumes for stage IV  with norm params: mu=3.86, sigma=8.82, lb=-0.5741465764541877, ub=-0.14683113860980307
[2026-03-08 22:47:58,371][root][INFO] - Got correlated params for 457 patients
[2026-03-08 22:47:58,371][root][INFO] - Got correlated params for 916 patients
[2026-03-08 22:47:58,372][root][INFO] - Got correlated params for 1362 patients
[2026-03-08 22:47:58,372][root][INFO] - Randomising outputs
[2026-03-08 22:47:58,633][root][INFO] - Simulating initial volumes for stage I  with norm params: mu=1.72, sigma=4.7, lb=-0.6221218732608373, ub=-0.023523848418276528
[2026-03-08 22:47:58,633][root][INFO] - Simulating initial volumes for stage II  with norm params: mu=1.96, sigma=1.63, lb=-1.9410876100159118, ub=0.3711345751297772
[2026-03-08 22:47:58,633][root][INFO] - Simulating initial volumes for stage IIIA  with norm params: mu=1.91, sigma=9.4, lb=-0.33127370258786554, ub=0.06967546355973796
[2026-03-08 22:47:58,634][root][INFO] - Simulating initial volumes for stage IIIB  with norm params: mu=2.76, sigma=6.87, lb=-0.5769974969906748, ub=-0.02839165102452155
[2026-03-08 22:47:58,634][root][INFO] - Simulating initial volumes for stage IV  with norm params: mu=3.86, sigma=8.82, lb=-0.5741465764541877, ub=-0.14683113860980307
[2026-03-08 22:47:58,635][root][INFO] - Got correlated params for 452 patients
[2026-03-08 22:47:58,635][root][INFO] - Got correlated params for 893 patients
[2026-03-08 22:47:58,636][root][INFO] - Got correlated params for 1342 patients
[2026-03-08 22:47:58,636][root][INFO] - Randomising outputs
[2026-03-08 22:47:58,899][root][INFO] - Simulating initial volumes for stage I  with norm params: mu=1.72, sigma=4.7, lb=-0.6221218732608373, ub=-0.023523848418276528
[2026-03-08 22:47:58,900][root][INFO] - Simulating initial volumes for stage II  with norm params: mu=1.96, sigma=1.63, lb=-1.9410876100159118, ub=0.3711345751297772
[2026-03-08 22:47:58,900][root][INFO] - Simulating initial volumes for stage IIIA  with norm params: mu=1.91, sigma=9.4, lb=-0.33127370258786554, ub=0.06967546355973796
[2026-03-08 22:47:58,900][root][INFO] - Simulating initial volumes for stage IIIB  with norm params: mu=2.76, sigma=6.87, lb=-0.5769974969906748, ub=-0.02839165102452155
[2026-03-08 22:47:58,901][root][INFO] - Simulating initial volumes for stage IV  with norm params: mu=3.86, sigma=8.82, lb=-0.5741465764541877, ub=-0.14683113860980307
[2026-03-08 22:47:58,902][root][INFO] - Got correlated params for 436 patients
[2026-03-08 22:47:58,902][root][INFO] - Got correlated params for 892 patients
[2026-03-08 22:47:58,903][root][INFO] - Got correlated params for 1370 patients
[2026-03-08 22:47:58,903][root][INFO] - Randomising outputs
[2026-03-08 22:47:59,426][root][INFO] - Simulating initial volumes for stage I  with norm params: mu=1.72, sigma=4.7, lb=-0.6221218732608373, ub=-0.023523848418276528
[2026-03-08 22:47:59,426][root][INFO] - Simulating initial volumes for stage II  with norm params: mu=1.96, sigma=1.63, lb=-1.9410876100159118, ub=0.3711345751297772
[2026-03-08 22:47:59,426][root][INFO] - Simulating initial volumes for stage IIIA  with norm params: mu=1.91, sigma=9.4, lb=-0.33127370258786554, ub=0.06967546355973796
[2026-03-08 22:47:59,427][root][INFO] - Simulating initial volumes for stage IIIB  with norm params: mu=2.76, sigma=6.87, lb=-0.5769974969906748, ub=-0.02839165102452155
[2026-03-08 22:47:59,427][root][INFO] - Simulating initial volumes for stage IV  with norm params: mu=3.86, sigma=8.82, lb=-0.5741465764541877, ub=-0.14683113860980307
[2026-03-08 22:47:59,428][root][INFO] - Got correlated params for 472 patients
[2026-03-08 22:47:59,428][root][INFO] - Got correlated params for 913 patients
[2026-03-08 22:47:59,429][root][INFO] - Got correlated params for 1366 patients
[2026-03-08 22:47:59,429][root][INFO] - Randomising outputs
[2026-03-08 22:48:00,040][src.data.cancer_sim.dataset][INFO] - Processing train dataset before training
[2026-03-08 22:48:00,044][src.data.cancer_sim.dataset][INFO] - Shape of processed train data: {'cancer_volume': (1000, 30), 'radio_dosage': (1000, 30), 'radio_application': (1000, 30), 'radio_probabilities': (1000, 30), 'sequence_lengths': (1000,), 'death_flags': (1000, 30), 'recovery_flags': (1000, 30), 'patient_types': (1000,), 'prev_treatments': (1000, 29, 1), 'current_treatments': (1000, 29, 1), 'prev_treatment_times': (1000, 29, 1), 'current_treatment_times': (1000, 29, 1), 'current_covariates': (1000, 29, 2), 'outputs': (1000, 29, 1), 'active_entries': (1000, 29, 1), 'unscaled_outputs': (1000, 29, 1), 'prev_outputs': (1000, 29, 1), 'static_features': (1000, 1)}
[2026-03-08 22:48:00,044][src.data.cancer_sim.dataset][INFO] - Processing val dataset before training
[2026-03-08 22:48:00,047][src.data.cancer_sim.dataset][INFO] - Shape of processed val data: {'cancer_volume': (1000, 30), 'radio_dosage': (1000, 30), 'radio_application': (1000, 30), 'radio_probabilities': (1000, 30), 'sequence_lengths': (1000,), 'death_flags': (1000, 30), 'recovery_flags': (1000, 30), 'patient_types': (1000,), 'prev_treatments': (1000, 29, 1), 'current_treatments': (1000, 29, 1), 'prev_treatment_times': (1000, 29, 1), 'current_treatment_times': (1000, 29, 1), 'current_covariates': (1000, 29, 2), 'outputs': (1000, 29, 1), 'active_entries': (1000, 29, 1), 'unscaled_outputs': (1000, 29, 1), 'prev_outputs': (1000, 29, 1), 'static_features': (1000, 1)}
[2026-03-08 22:48:00,047][src.data.cancer_sim.dataset][INFO] - Processing test dataset before training
[2026-03-08 22:48:00,144][src.data.cancer_sim.dataset][INFO] - Shape of processed test data: {'cancer_volume': (56678, 30), 'radio_application': (56678, 30), 'sequence_lengths': (56678,), 'patient_types': (56678,), 'prev_treatments': (56678, 29, 1), 'current_treatments': (56678, 29, 1), 'prev_treatment_times': (56678, 29, 1), 'current_treatment_times': (56678, 29, 1), 'current_covariates': (56678, 29, 2), 'outputs': (56678, 29, 1), 'active_entries': (56678, 29, 1), 'unscaled_outputs': (56678, 29, 1), 'prev_outputs': (56678, 29, 1), 'static_features': (56678, 1)}
[2026-03-08 22:48:00,157][src.models.rmsn][INFO] - Input size of propensity_treatment: 1
[2026-03-08 22:48:00,157][src.models.rmsn][WARNING] - propensity_treatment not fully initialised - some mandatory args are missing! (It's ok, if one will perform hyperparameters search afterward).
[2026-03-08 22:48:00,166][src.models.time_varying_model][INFO] - Running hyperparameters selection with 50 trials
[2026-03-08 22:50:54,910][src.models.time_varying_model][INFO] - Best hyperparameters found: {'num_layer': 1, 'learning_rate': 0.01, 'batch_size': 64, 'seq_hidden_units': 4.0, 'dropout_rate': 0.1, 'max_grad_norm': 2.0}.
[2026-03-08 22:50:54,910][src.models.time_varying_model][INFO] - Resetting current hyperparameters to best values.
[2026-03-08 22:50:54,929][src.models.rmsn][INFO] - Input size of propensity_treatment: 1
[2026-03-08 22:51:07,815][src.models.time_varying_model][INFO] - BCE calculation for val.
[2026-03-08 22:51:07,815][src.models.rmsn][INFO] - Propensity scores for val.
[2026-03-08 22:51:07,869][__main__][INFO] - Val normalised BCE (all): 0.722337576045012; Val normalised RMSE (orig): 0.7223314125514134
[2026-03-08 22:51:07,869][src.models.time_varying_model][INFO] - BCE calculation for test.
[2026-03-08 22:51:07,869][src.models.rmsn][INFO] - Propensity scores for test.
[2026-03-08 22:51:09,634][__main__][INFO] - Test normalised RMSE (all): 0.7145360072215693; Test normalised RMSE (orig): 0.7168347006213307.
[2026-03-08 22:51:09,646][src.models.rmsn][INFO] - Input size of propensity_history: 4
[2026-03-08 22:51:09,646][src.models.rmsn][WARNING] - propensity_history not fully initialised - some mandatory args are missing! (It's ok, if one will perform hyperparameters search afterward).
[2026-03-08 22:51:09,654][src.models.time_varying_model][INFO] - Running hyperparameters selection with 50 trials
[2026-03-08 22:54:49,423][src.models.time_varying_model][INFO] - Best hyperparameters found: {'num_layer': 2, 'learning_rate': 0.01, 'batch_size': 128, 'seq_hidden_units': 4.0, 'dropout_rate': 0.2, 'max_grad_norm': 2.0}.
[2026-03-08 22:54:49,423][src.models.time_varying_model][INFO] - Resetting current hyperparameters to best values.
[2026-03-08 22:54:49,442][src.models.rmsn][INFO] - Input size of propensity_history: 4
[2026-03-08 22:55:02,946][src.models.time_varying_model][INFO] - BCE calculation for val.
[2026-03-08 22:55:02,946][src.models.rmsn][INFO] - Propensity scores for val.
[2026-03-08 22:55:03,028][__main__][INFO] - Val normalised BCE (all): 0.7020541170509602; Val normalised RMSE (orig): 0.7020720904882465
[2026-03-08 22:55:03,028][src.models.time_varying_model][INFO] - BCE calculation for test.
[2026-03-08 22:55:03,028][src.models.rmsn][INFO] - Propensity scores for test.
[2026-03-08 22:55:06,040][__main__][INFO] - Test normalised BCE (all): 0.7646276243858038; Test normalised BCE (orig): 0.7655103189708016.
[2026-03-08 22:55:06,064][src.models.rmsn][INFO] - Input size of encoder: 4
[2026-03-08 22:55:06,064][src.models.rmsn][WARNING] - encoder not fully initialised - some mandatory args are missing! (It's ok, if one will perform hyperparameters search afterward).
[2026-03-08 22:55:06,080][src.models.rmsn][INFO] - Propensity scores for train.
[2026-03-08 22:55:06,151][src.models.rmsn][INFO] - Propensity scores for train.
[2026-03-08 22:55:06,234][src.models.time_varying_model][INFO] - Running hyperparameters selection with 50 trials
[2026-03-08 22:58:37,644][src.models.time_varying_model][INFO] - Best hyperparameters found: {'num_layer': 1, 'learning_rate': 0.01, 'batch_size': 64, 'seq_hidden_units': 4.0, 'dropout_rate': 0.1, 'max_grad_norm': 2.0}.
[2026-03-08 22:58:37,645][src.models.time_varying_model][INFO] - Resetting current hyperparameters to best values.
[2026-03-08 22:58:37,663][src.models.rmsn][INFO] - Input size of encoder: 4
[2026-03-08 22:58:49,779][src.models.time_varying_model][INFO] - RMSE calculation for val.
[2026-03-08 22:58:49,779][src.models.rmsn][INFO] - Predictions for val.
[2026-03-08 22:58:49,822][__main__][INFO] - Val normalised RMSE (all): 1.2297921575970563; Val normalised RMSE (orig): 1.2266655927556147
[2026-03-08 22:58:49,822][src.models.time_varying_model][INFO] - RMSE calculation for test.
[2026-03-08 22:58:49,822][src.models.rmsn][INFO] - Predictions for test.
[2026-03-08 22:58:51,417][__main__][INFO] - Test normalised RMSE (all): 2.359328229121548; Test normalised RMSE (orig): 2.41509292021388; Test normalised RMSE (only counterfactual): 4.684403508862704
[2026-03-08 22:58:51,430][src.models.rmsn][INFO] - Input size of decoder: 4
[2026-03-08 22:58:51,430][src.models.rmsn][WARNING] - decoder not fully initialised - some mandatory args are missing! (It's ok, if one will perform hyperparameters search afterward).
[2026-03-08 22:58:51,438][src.data.cancer_sim.dataset][INFO] - train Dataset already processed
[2026-03-08 22:58:51,438][src.data.cancer_sim.dataset][INFO] - val Dataset already processed
[2026-03-08 22:58:51,438][src.data.cancer_sim.dataset][INFO] - Processing test dataset before training
[2026-03-08 22:58:51,481][src.data.cancer_sim.dataset][INFO] - Shape of processed test data: {'cancer_volume': (28477, 32), 'radio_application': (28477, 32), 'sequence_lengths': (28477,), 'patient_types': (28477,), 'patient_ids_all_trajectories': (28477,), 'patient_current_t': (28477,), 'prev_treatments': (28477, 31, 1), 'current_treatments': (28477, 31, 1), 'prev_treatment_times': (28477, 31, 1), 'current_treatment_times': (28477, 31, 1), 'current_covariates': (28477, 31, 2), 'outputs': (28477, 31, 1), 'active_entries': (28477, 31, 1), 'unscaled_outputs': (28477, 31, 1), 'prev_outputs': (28477, 31, 1), 'static_features': (28477, 1)}
[2026-03-08 22:58:51,481][src.models.rmsn][INFO] - Representations inference for train.
[2026-03-08 22:58:51,523][src.models.rmsn][INFO] - Representations inference for val.
[2026-03-08 22:58:51,561][src.models.rmsn][INFO] - Representations inference for test.
[2026-03-08 22:58:52,324][src.models.rmsn][INFO] - Predictions for test.
[2026-03-08 22:58:53,096][src.data.cancer_sim.dataset][INFO] - Processing train dataset before training (multiple sequences)
[2026-03-08 22:58:53,181][src.data.cancer_sim.dataset][INFO] - Shape of processed train data: {'init_state': (25823, 16), 'original_index': (25823,), 'active_encoder_r': (25823, 29), 'prev_treatments': (25823, 2, 1), 'current_treatments': (25823, 2, 1), 'current_covariates': (25823, 2, 2), 'prev_outputs': (25823, 2, 1), 'static_features': (25823, 1), 'outputs': (25823, 2, 1), 'sequence_lengths': (25823,), 'active_entries': (25823, 2, 1), 'unscaled_outputs': (25823, 2, 1), 'stabilized_weights': (25823, 3)}
[2026-03-08 22:58:53,181][src.data.cancer_sim.dataset][INFO] - Processing val dataset before training (multiple sequences)
[2026-03-08 22:58:53,258][src.data.cancer_sim.dataset][INFO] - Shape of processed val data: {'init_state': (25770, 16), 'original_index': (25770,), 'active_encoder_r': (25770, 29), 'prev_treatments': (25770, 2, 1), 'current_treatments': (25770, 2, 1), 'current_covariates': (25770, 2, 2), 'prev_outputs': (25770, 2, 1), 'static_features': (25770, 1), 'outputs': (25770, 2, 1), 'sequence_lengths': (25770,), 'active_entries': (25770, 2, 1), 'unscaled_outputs': (25770, 2, 1)}
[2026-03-08 22:58:53,258][src.data.cancer_sim.dataset][INFO] - Processing test dataset before testing (multiple sequences)
[2026-03-08 22:58:53,428][src.data.cancer_sim.dataset][INFO] - Shape of processed test data: {'active_encoder_r': (28477, 29), 'prev_treatments': (28477, 2, 1), 'current_treatments': (28477, 2, 1), 'current_covariates': (28477, 2, 2), 'prev_outputs': (28477, 2, 1), 'static_features': (28477, 1), 'outputs': (28477, 2, 1), 'sequence_lengths': (28477,), 'active_entries': (28477, 2, 1), 'unscaled_outputs': (28477, 2, 1), 'patient_types': (28477,), 'patient_ids_all_trajectories': (28477,), 'patient_current_t': (28477,), 'init_state': (28477, 16)}
[2026-03-08 22:58:53,428][src.data.cancer_sim.dataset][INFO] - Processing test dataset before testing (autoregressive)
[2026-03-08 22:58:53,525][src.data.cancer_sim.dataset][INFO] - Shape of processed test data: {'current_covariates': (28477, 2, 2), 'prev_treatments': (28477, 2, 1), 'current_treatments': (28477, 2, 1), 'init_state': (28477, 16), 'active_encoder_r': (28477, 29), 'active_entries': (28477, 2, 1), 'prev_outputs': (28477, 2, 1), 'static_features': (28477, 1)}
[2026-03-08 22:58:53,536][src.models.time_varying_model][INFO] - Running hyperparameters selection with 20 trials
[2026-03-08 23:04:13,445][src.models.time_varying_model][INFO] - Best hyperparameters found: {'num_layer': 1, 'learning_rate': 0.01, 'batch_size': 512, 'seq_hidden_units': 4.0, 'dropout_rate': 0.1, 'max_grad_norm': 0.5}.
[2026-03-08 23:04:13,445][src.models.time_varying_model][INFO] - Resetting current hyperparameters to best values.
[2026-03-08 23:04:13,464][src.models.rmsn][INFO] - Input size of decoder: 4
[2026-03-08 23:05:04,562][src.models.time_varying_model][INFO] - RMSE calculation for val.
[2026-03-08 23:05:04,562][src.models.rmsn][INFO] - Predictions for val.
[2026-03-08 23:05:05,057][__main__][INFO] - Val normalised RMSE (all): 0.9085737780528396; Val normalised RMSE (orig): 0.90857377805284
[2026-03-08 23:05:05,057][src.models.time_varying_model][INFO] - RMSE calculation for test.
[2026-03-08 23:05:05,057][src.models.time_varying_model][INFO] - Autoregressive Prediction for test.
[2026-03-08 23:05:05,058][src.models.time_varying_model][INFO] - t = 2
[2026-03-08 23:05:05,058][src.models.rmsn][INFO] - Predictions for test.
[2026-03-08 23:05:05,475][src.models.time_varying_model][INFO] - t = 3
[2026-03-08 23:05:05,475][src.models.rmsn][INFO] - Predictions for test.
[2026-03-08 23:05:05,930][__main__][INFO] - Test normalised RMSE (n-step prediction): {'2-step': 4.405500018860014, '3-step': 4.881997259578786}
