[2026-03-09 16:38:35,701][__main__][INFO] - 
model:
  dim_treatments: 2
  dim_vitals: 0
  dim_static_features: 1
  dim_outcomes: 1
  name: GT
  gt:
    _target_: src.models.gt.GT
    max_seq_length: 32
    seq_hidden_units: null
    hr_size: null
    fc_hidden_units: null
    dropout_rate: null
    num_layer: 1
    num_heads: 1
    max_grad_norm: 0.0
    batch_size: null
    attn_dropout: true
    disable_cross_attention: false
    isolate_subnetwork: _
    projection_horizon: 0
    self_positional_encoding:
      absolute: false
      trainable: true
      max_relative_position: 15
    optimizer:
      optimizer_cls: adam
      learning_rate: null
      weight_decay: 0.0
      lr_scheduler: false
    tune_hparams: true
    tune_range: 50
    hparams_grid:
      num_layer:
      - 1
      - 2
      num_heads:
      - 1
      learning_rate:
      - 0.01
      - 0.001
      - 0.0001
      batch_size:
      - 64
      - 128
      - 256
      seq_hidden_units:
      - 1.0
      - 2.0
      - 3.0
      - 4.0
      hr_size:
      - 0.5
      - 1.0
      - 2.0
      - 3.0
      - 4.0
      fc_hidden_units:
      - 0.5
      - 1.0
      - 2.0
      - 3.0
      - 4.0
      dropout_rate:
      - 0.1
      - 0.2
    resources_per_trial:
      cpu: 0.4
      gpu: 0.25
dataset:
  val_batch_size: 512
  treatment_mode: multiclass
  _target_: src.data.SyntheticCancerDatasetCollection
  name: tumor_growth
  coeff: 10.0
  chemo_coeff: 10.0
  radio_coeff: 10.0
  seed: 101
  num_patients:
    train: 1000
    val: 1000
    test: 1000
  window_size: 15
  lag: 0
  max_seq_length: 30
  projection_horizon: 2
  cf_seq_mode: fixed_treatment
  treatment_sequence:
  - - 1.0
    - 0.0
  - - 0.0
    - 1.0
  - - 0.0
    - 1.0
exp:
  seed: 101
  gpus:
  - 0
  max_epochs: 50
  logging: false
  mlflow_uri: http://127.0.0.1:3335
  unscale_rmse: true
  percentage_rmse: true
  alpha: 1.0
  update_alpha: false
  alpha_rate: exp
  balancing: null
  bce_weight: false
  weights_ema: null
  beta: 0.99

[2026-03-09 16:38:35,706][root][INFO] - Simulating initial volumes for stage I  with norm params: mu=1.72, sigma=4.7, lb=-0.6221218732608373, ub=-0.023523848418276528
[2026-03-09 16:38:35,707][root][INFO] - Simulating initial volumes for stage II  with norm params: mu=1.96, sigma=1.63, lb=-1.9410876100159118, ub=0.3711345751297772
[2026-03-09 16:38:35,707][root][INFO] - Simulating initial volumes for stage IIIA  with norm params: mu=1.91, sigma=9.4, lb=-0.33127370258786554, ub=0.06967546355973796
[2026-03-09 16:38:35,707][root][INFO] - Simulating initial volumes for stage IIIB  with norm params: mu=2.76, sigma=6.87, lb=-0.5769974969906748, ub=-0.02839165102452155
[2026-03-09 16:38:35,708][root][INFO] - Simulating initial volumes for stage IV  with norm params: mu=3.86, sigma=8.82, lb=-0.5741465764541877, ub=-0.14683113860980307
[2026-03-09 16:38:35,709][root][INFO] - Got correlated params for 457 patients
[2026-03-09 16:38:35,709][root][INFO] - Got correlated params for 916 patients
[2026-03-09 16:38:35,710][root][INFO] - Got correlated params for 1362 patients
[2026-03-09 16:38:35,710][root][INFO] - Randomising outputs
[2026-03-09 16:38:35,975][root][INFO] - Simulating initial volumes for stage I  with norm params: mu=1.72, sigma=4.7, lb=-0.6221218732608373, ub=-0.023523848418276528
[2026-03-09 16:38:35,976][root][INFO] - Simulating initial volumes for stage II  with norm params: mu=1.96, sigma=1.63, lb=-1.9410876100159118, ub=0.3711345751297772
[2026-03-09 16:38:35,976][root][INFO] - Simulating initial volumes for stage IIIA  with norm params: mu=1.91, sigma=9.4, lb=-0.33127370258786554, ub=0.06967546355973796
[2026-03-09 16:38:35,976][root][INFO] - Simulating initial volumes for stage IIIB  with norm params: mu=2.76, sigma=6.87, lb=-0.5769974969906748, ub=-0.02839165102452155
[2026-03-09 16:38:35,977][root][INFO] - Simulating initial volumes for stage IV  with norm params: mu=3.86, sigma=8.82, lb=-0.5741465764541877, ub=-0.14683113860980307
[2026-03-09 16:38:35,978][root][INFO] - Got correlated params for 452 patients
[2026-03-09 16:38:35,978][root][INFO] - Got correlated params for 893 patients
[2026-03-09 16:38:35,978][root][INFO] - Got correlated params for 1342 patients
[2026-03-09 16:38:35,979][root][INFO] - Randomising outputs
[2026-03-09 16:38:36,242][root][INFO] - Simulating initial volumes for stage I  with norm params: mu=1.72, sigma=4.7, lb=-0.6221218732608373, ub=-0.023523848418276528
[2026-03-09 16:38:36,242][root][INFO] - Simulating initial volumes for stage II  with norm params: mu=1.96, sigma=1.63, lb=-1.9410876100159118, ub=0.3711345751297772
[2026-03-09 16:38:36,243][root][INFO] - Simulating initial volumes for stage IIIA  with norm params: mu=1.91, sigma=9.4, lb=-0.33127370258786554, ub=0.06967546355973796
[2026-03-09 16:38:36,243][root][INFO] - Simulating initial volumes for stage IIIB  with norm params: mu=2.76, sigma=6.87, lb=-0.5769974969906748, ub=-0.02839165102452155
[2026-03-09 16:38:36,243][root][INFO] - Simulating initial volumes for stage IV  with norm params: mu=3.86, sigma=8.82, lb=-0.5741465764541877, ub=-0.14683113860980307
[2026-03-09 16:38:36,244][root][INFO] - Got correlated params for 436 patients
[2026-03-09 16:38:36,244][root][INFO] - Got correlated params for 892 patients
[2026-03-09 16:38:36,245][root][INFO] - Got correlated params for 1370 patients
[2026-03-09 16:38:36,245][root][INFO] - Randomising outputs
[2026-03-09 16:38:36,787][root][INFO] - Simulating initial volumes for stage I  with norm params: mu=1.72, sigma=4.7, lb=-0.6221218732608373, ub=-0.023523848418276528
[2026-03-09 16:38:36,788][root][INFO] - Simulating initial volumes for stage II  with norm params: mu=1.96, sigma=1.63, lb=-1.9410876100159118, ub=0.3711345751297772
[2026-03-09 16:38:36,788][root][INFO] - Simulating initial volumes for stage IIIA  with norm params: mu=1.91, sigma=9.4, lb=-0.33127370258786554, ub=0.06967546355973796
[2026-03-09 16:38:36,789][root][INFO] - Simulating initial volumes for stage IIIB  with norm params: mu=2.76, sigma=6.87, lb=-0.5769974969906748, ub=-0.02839165102452155
[2026-03-09 16:38:36,789][root][INFO] - Simulating initial volumes for stage IV  with norm params: mu=3.86, sigma=8.82, lb=-0.5741465764541877, ub=-0.14683113860980307
[2026-03-09 16:38:36,790][root][INFO] - Got correlated params for 472 patients
[2026-03-09 16:38:36,790][root][INFO] - Got correlated params for 913 patients
[2026-03-09 16:38:36,791][root][INFO] - Got correlated params for 1366 patients
[2026-03-09 16:38:36,791][root][INFO] - Randomising outputs
[2026-03-09 16:38:37,402][src.data.cancer_sim.dataset][INFO] - Processing train dataset before training
[2026-03-09 16:38:37,421][src.data.cancer_sim.dataset][INFO] - Shape of processed train data: {'cancer_volume': (1000, 30), 'radio_dosage': (1000, 30), 'radio_application': (1000, 30), 'radio_probabilities': (1000, 30), 'sequence_lengths': (1000,), 'death_flags': (1000, 30), 'recovery_flags': (1000, 30), 'patient_types': (1000,), 'prev_treatments': (1000, 29, 2), 'current_treatments': (1000, 29, 2), 'prev_treatment_times': (1000, 29, 1), 'current_treatment_times': (1000, 29, 1), 'current_covariates': (1000, 29, 2), 'outputs': (1000, 29, 1), 'active_entries': (1000, 29, 1), 'unscaled_outputs': (1000, 29, 1), 'prev_outputs': (1000, 29, 1), 'static_features': (1000, 1)}
[2026-03-09 16:38:37,422][src.data.cancer_sim.dataset][INFO] - Processing val dataset before training
[2026-03-09 16:38:37,439][src.data.cancer_sim.dataset][INFO] - Shape of processed val data: {'cancer_volume': (1000, 30), 'radio_dosage': (1000, 30), 'radio_application': (1000, 30), 'radio_probabilities': (1000, 30), 'sequence_lengths': (1000,), 'death_flags': (1000, 30), 'recovery_flags': (1000, 30), 'patient_types': (1000,), 'prev_treatments': (1000, 29, 2), 'current_treatments': (1000, 29, 2), 'prev_treatment_times': (1000, 29, 1), 'current_treatment_times': (1000, 29, 1), 'current_covariates': (1000, 29, 2), 'outputs': (1000, 29, 1), 'active_entries': (1000, 29, 1), 'unscaled_outputs': (1000, 29, 1), 'prev_outputs': (1000, 29, 1), 'static_features': (1000, 1)}
[2026-03-09 16:38:37,439][src.data.cancer_sim.dataset][INFO] - Processing test dataset before training
[2026-03-09 16:38:38,380][src.data.cancer_sim.dataset][INFO] - Shape of processed test data: {'cancer_volume': (56678, 30), 'radio_application': (56678, 30), 'sequence_lengths': (56678,), 'patient_types': (56678,), 'prev_treatments': (56678, 29, 2), 'current_treatments': (56678, 29, 2), 'prev_treatment_times': (56678, 29, 1), 'current_treatment_times': (56678, 29, 1), 'current_covariates': (56678, 29, 2), 'outputs': (56678, 29, 1), 'active_entries': (56678, 29, 1), 'unscaled_outputs': (56678, 29, 1), 'prev_outputs': (56678, 29, 1), 'static_features': (56678, 1)}
[2026-03-09 16:38:38,381][src.data.cancer_sim.dataset][INFO] - Processing test dataset before training
[2026-03-09 16:38:38,875][src.data.cancer_sim.dataset][INFO] - Shape of processed test data: {'cancer_volume': (28477, 32), 'radio_application': (28477, 32), 'sequence_lengths': (28477,), 'patient_types': (28477,), 'patient_ids_all_trajectories': (28477,), 'patient_current_t': (28477,), 'prev_treatments': (28477, 31, 2), 'current_treatments': (28477, 31, 2), 'prev_treatment_times': (28477, 31, 1), 'current_treatment_times': (28477, 31, 1), 'current_covariates': (28477, 31, 2), 'outputs': (28477, 31, 1), 'active_entries': (28477, 31, 1), 'unscaled_outputs': (28477, 31, 1), 'prev_outputs': (28477, 31, 1), 'static_features': (28477, 1)}
[2026-03-09 16:38:38,875][src.data.cancer_sim.dataset][INFO] - Processing test dataset before testing (multiple sequences)
[2026-03-09 16:38:39,060][src.data.cancer_sim.dataset][INFO] - Shape of processed test data: {'active_encoder_r': (28477, 29), 'prev_treatments': (28477, 2, 2), 'current_treatments': (28477, 2, 2), 'current_covariates': (28477, 2, 2), 'prev_outputs': (28477, 2, 1), 'static_features': (28477, 1), 'outputs': (28477, 2, 1), 'sequence_lengths': (28477,), 'active_entries': (28477, 2, 1), 'unscaled_outputs': (28477, 2, 1), 'patient_types': (28477,), 'patient_ids_all_trajectories': (28477,), 'patient_current_t': (28477,)}
[2026-03-09 16:38:39,111][src.models.gt][INFO] - Max input size of gt: 2
[2026-03-09 16:38:39,112][src.models.gt][WARNING] - gt not fully initialised - some mandatory args are missing! (It's ok, if one will perform hyperparameters search afterward).
[2026-03-09 16:38:39,118][src.models.time_varying_model][INFO] - Running hyperparameters selection with 50 trials
[2026-03-09 16:46:49,866][src.models.time_varying_model][INFO] - Best hyperparameters found: {'num_layer': 1, 'num_heads': 1, 'learning_rate': 0.01, 'batch_size': 64, 'seq_hidden_units': 2.0, 'hr_size': 3.0, 'fc_hidden_units': 3.0, 'dropout_rate': 0.1}.
[2026-03-09 16:46:49,866][src.models.time_varying_model][INFO] - Resetting current hyperparameters to best values.
[2026-03-09 16:46:49,877][src.models.gt][INFO] - Max input size of gt: 2
[2026-03-09 16:47:10,680][src.models.time_varying_model][INFO] - RMSE calculation for val.
[2026-03-09 16:47:10,680][src.models.gt][INFO] - Predictions for val.
[2026-03-09 16:47:10,759][__main__][INFO] - Val normalised RMSE (all): 1.4237122663315096; Val normalised RMSE (orig): 1.4207264990744302
[2026-03-09 16:47:10,760][src.models.time_varying_model][INFO] - RMSE calculation for test.
[2026-03-09 16:47:10,760][src.models.gt][INFO] - Predictions for test.
[2026-03-09 16:47:13,624][__main__][INFO] - Test normalised RMSE (all): 3.885699449421545; Test normalised RMSE (orig): 4.0361319518294945; Test normalised RMSE (only counterfactual): 4.538037871754663
[2026-03-09 16:47:13,637][src.models.gt][INFO] - Max input size of gt: 2
[2026-03-09 16:52:50,177][src.models.gt][INFO] - RMSE calculation for test.
[2026-03-09 16:52:50,177][src.models.gt][INFO] - Predictions for test.
[2026-03-09 16:52:51,731][__main__][INFO] - Test normalised RMSE (n-step prediction): {'2-step': 7.24280231273933}
[2026-03-09 16:52:51,742][src.models.gt][INFO] - Max input size of gt: 2
[2026-03-09 16:58:28,875][src.models.gt][INFO] - RMSE calculation for test.
[2026-03-09 16:58:28,875][src.models.gt][INFO] - Predictions for test.
[2026-03-09 16:58:30,448][__main__][INFO] - Test normalised RMSE (n-step prediction): {'3-step': 11.778081855379352}
