[2026-03-07 23:22:51,635][__main__][INFO] - 
model:
  dim_treatments: 2
  dim_vitals: 0
  dim_static_features: 1
  dim_outcomes: 1
  name: DynamicCausalPFN
  dynamic_causal_pfn:
    _target_: src.models.dynamic_causal_pfn.DynamicCausalPFN
    max_seq_length: 32
    seq_hidden_units: 64
    hr_size: 16
    fc_hidden_units: 64
    dropout_rate: 0.1
    num_layer: 4
    num_heads: 4
    max_grad_norm: 0.0
    batch_size: 128
    attn_dropout: true
    disable_cross_attention: false
    isolate_subnetwork: _
    projection_horizon: 0
    self_positional_encoding:
      absolute: true
      trainable: false
    optimizer:
      optimizer_cls: adam
      learning_rate: 0.001
      weight_decay: 0.0
      lr_scheduler: false
    pretrained_ckpt: null
    tune_hparams: false
    tune_range: 50
    hparams_grid: null
    resources_per_trial: null
dataset:
  val_batch_size: 512
  treatment_mode: multiclass
  _target_: src.data.PretrainCancerDatasetCollection
  name: tumor_generator_pretrain
  coeff: 10.0
  seed: 101
  num_patients:
    train: 1000
    val: 1000
  max_seq_length: 30
  num_pretrain_datasets_train: 10
  num_pretrain_dataset_val: 2
  projection_horizon: 2
  treatment_sequence:
  - - 1.0
    - 0.0
  - - 0.0
    - 1.0
  - - 0.0
    - 1.0
exp:
  seed: 101
  gpus:
  - 0
  max_epochs: 3
  logging: false
  mlflow_uri: http://127.0.0.1:3335
  unscale_rmse: true
  percentage_rmse: true
  alpha: 1.0
  update_alpha: false
  alpha_rate: exp
  balancing: null
  bce_weight: false
  weights_ema: null
  beta: 0.99

[2026-03-07 23:23:07,658][src.data.cancer_sim.dataset][INFO] - Processing train pretraining dataset
[2026-03-07 23:23:07,679][src.data.cancer_sim.dataset][INFO] - Shape of processed train pretraining data: {'cancer_volume': (10000, 30), 'radio_application': (10000, 30), 'sequence_lengths': (10000,), 'patient_types': (10000,), 'dataset_id': (10000,), 'current_treatments': (10000, 29, 2), 'prev_treatments': (10000, 29, 2), 'current_covariates': (10000, 29, 2), 'outputs': (10000, 29, 1), 'active_entries': (10000, 29, 1), 'unscaled_outputs': (10000, 29, 1), 'prev_outputs': (10000, 29, 1), 'static_features': (10000, 1)}
[2026-03-07 23:23:07,679][src.data.cancer_sim.dataset][INFO] - Processing val pretraining dataset
[2026-03-07 23:23:07,682][src.data.cancer_sim.dataset][INFO] - Shape of processed val pretraining data: {'cancer_volume': (2000, 30), 'radio_application': (2000, 30), 'sequence_lengths': (2000,), 'patient_types': (2000,), 'dataset_id': (2000,), 'current_treatments': (2000, 29, 2), 'prev_treatments': (2000, 29, 2), 'current_covariates': (2000, 29, 2), 'outputs': (2000, 29, 1), 'active_entries': (2000, 29, 1), 'unscaled_outputs': (2000, 29, 1), 'prev_outputs': (2000, 29, 1), 'static_features': (2000, 1)}
[2026-03-07 23:23:07,692][src.models.dynamic_causal_pfn][INFO] - Max input size of dynamic_causal_pfn: 2
[2026-03-07 23:23:31,281][__main__][INFO] - Best checkpoint: /data1/letternight/test_simple-1/outputs/2026-03-07/23-22-51/checkpoints/pretrained-epoch=02-dynamic_causal_pfn_train_loss=0.0742.ckpt
[2026-03-07 23:23:31,281][__main__][INFO] - Last checkpoint: /data1/letternight/test_simple-1/outputs/2026-03-07/23-22-51/checkpoints/last.ckpt
[2026-03-07 23:23:31,305][src.models.time_varying_model][INFO] - RMSE calculation for val.
[2026-03-07 23:23:31,305][src.models.dynamic_causal_pfn][INFO] - Predictions for val.
[2026-03-07 23:23:31,526][__main__][INFO] - Val normalised RMSE (all): 13.765176669922965; Val normalised RMSE (orig): 13.765176669922962
[2026-03-07 23:23:31,526][__main__][INFO] - No downstream test set available — skipping test evaluation.
