[2026-03-09 16:35:02,864][__main__][INFO] - 
model:
  dim_treatments: 2
  dim_vitals: 0
  dim_static_features: 1
  dim_outcomes: 1
  name: SCIP
  propensity_treatment:
    _target_: src.models.scip.SCIPPropensityNetworkTreatment
    seq_hidden_units: 1
    dropout_rate: 0.1
    num_layer: 1
    inhomogeneous: true
    batch_size: 128
    max_grad_norm: 1.0
    optimizer:
      optimizer_cls: adam
      learning_rate: 0.0001
      weight_decay: 0.0
      lr_scheduler: false
    tune_hparams: false
    tune_range: 50
    resources_per_trial: null
    hparams_grid: null
  propensity_history:
    _target_: src.models.scip.SCIPPropensityNetworkHistory
    seq_hidden_units: 2
    dropout_rate: 0.1
    num_layer: 1
    inhomogeneous: true
    batch_size: 256
    max_grad_norm: 2.0
    optimizer:
      optimizer_cls: adam
      learning_rate: 0.0001
      weight_decay: 0.0
      lr_scheduler: false
    tune_hparams: false
    tune_range: 50
    resources_per_trial: null
    hparams_grid: null
  encoder:
    _target_: src.models.scip.SCIPEncoder
    seq_hidden_units: 20
    dropout_rate: 0.1
    num_layer: 1
    inhomogeneous: true
    batch_size: 64
    max_grad_norm: 2.0
    optimizer:
      optimizer_cls: adam
      learning_rate: 0.01
      weight_decay: 0.0
      lr_scheduler: false
    tune_hparams: false
    tune_range: 50
    resources_per_trial: null
    hparams_grid: null
  train_decoder: true
  decoder:
    _target_: src.models.scip.SCIPDecoder
    seq_hidden_units: 80
    dropout_rate: 0.2
    num_layer: 2
    inhomogeneous: true
    batch_size: 1024
    max_grad_norm: 0.5
    optimizer:
      optimizer_cls: adam
      learning_rate: 0.0001
      weight_decay: 0.0
      lr_scheduler: false
    tune_hparams: false
    tune_range: 20
    resources_per_trial: null
dataset:
  val_batch_size: 512
  treatment_mode: multilabel
  coeff: 10.0
  fill_missing: false
  _target_: src.data.SyntheticCancerDatasetCollection
  name: tumor_growth
  chemo_coeff: 10.0
  radio_coeff: 10.0
  seed: 101
  num_patients:
    train: 1000
    val: 1000
    test: 1000
  window_size: 15
  lag: 0
  max_seq_length: 30
  projection_horizon: 2
  cf_seq_mode: fixed_treatment
  treatment_sequence:
  - - 1.0
    - 0.0
  - - 0.0
    - 1.0
  - - 0.0
    - 1.0
exp:
  seed: 101
  gpus:
  - 0
  max_epochs: 1
  logging: false
  mlflow_uri: http://127.0.0.1:3335
  unscale_rmse: true
  percentage_rmse: true
  alpha: 1.0
  update_alpha: false
  alpha_rate: exp
  balancing: null
  bce_weight: false
  weights_ema: null
  beta: 0.99
  stabilize: true

[2026-03-09 16:35:02,869][root][INFO] - Simulating initial volumes for stage I  with norm params: mu=1.72, sigma=4.7, lb=-0.6221218732608373, ub=-0.023523848418276528
[2026-03-09 16:35:02,869][root][INFO] - Simulating initial volumes for stage II  with norm params: mu=1.96, sigma=1.63, lb=-1.9410876100159118, ub=0.3711345751297772
[2026-03-09 16:35:02,870][root][INFO] - Simulating initial volumes for stage IIIA  with norm params: mu=1.91, sigma=9.4, lb=-0.33127370258786554, ub=0.06967546355973796
[2026-03-09 16:35:02,870][root][INFO] - Simulating initial volumes for stage IIIB  with norm params: mu=2.76, sigma=6.87, lb=-0.5769974969906748, ub=-0.02839165102452155
[2026-03-09 16:35:02,871][root][INFO] - Simulating initial volumes for stage IV  with norm params: mu=3.86, sigma=8.82, lb=-0.5741465764541877, ub=-0.14683113860980307
[2026-03-09 16:35:02,872][root][INFO] - Got correlated params for 457 patients
[2026-03-09 16:35:02,872][root][INFO] - Got correlated params for 916 patients
[2026-03-09 16:35:02,873][root][INFO] - Got correlated params for 1362 patients
[2026-03-09 16:35:02,873][root][INFO] - Randomising outputs
[2026-03-09 16:35:03,135][root][INFO] - Simulating initial volumes for stage I  with norm params: mu=1.72, sigma=4.7, lb=-0.6221218732608373, ub=-0.023523848418276528
[2026-03-09 16:35:03,136][root][INFO] - Simulating initial volumes for stage II  with norm params: mu=1.96, sigma=1.63, lb=-1.9410876100159118, ub=0.3711345751297772
[2026-03-09 16:35:03,136][root][INFO] - Simulating initial volumes for stage IIIA  with norm params: mu=1.91, sigma=9.4, lb=-0.33127370258786554, ub=0.06967546355973796
[2026-03-09 16:35:03,136][root][INFO] - Simulating initial volumes for stage IIIB  with norm params: mu=2.76, sigma=6.87, lb=-0.5769974969906748, ub=-0.02839165102452155
[2026-03-09 16:35:03,136][root][INFO] - Simulating initial volumes for stage IV  with norm params: mu=3.86, sigma=8.82, lb=-0.5741465764541877, ub=-0.14683113860980307
[2026-03-09 16:35:03,137][root][INFO] - Got correlated params for 452 patients
[2026-03-09 16:35:03,138][root][INFO] - Got correlated params for 893 patients
[2026-03-09 16:35:03,138][root][INFO] - Got correlated params for 1342 patients
[2026-03-09 16:35:03,139][root][INFO] - Randomising outputs
[2026-03-09 16:35:03,400][root][INFO] - Simulating initial volumes for stage I  with norm params: mu=1.72, sigma=4.7, lb=-0.6221218732608373, ub=-0.023523848418276528
[2026-03-09 16:35:03,401][root][INFO] - Simulating initial volumes for stage II  with norm params: mu=1.96, sigma=1.63, lb=-1.9410876100159118, ub=0.3711345751297772
[2026-03-09 16:35:03,401][root][INFO] - Simulating initial volumes for stage IIIA  with norm params: mu=1.91, sigma=9.4, lb=-0.33127370258786554, ub=0.06967546355973796
[2026-03-09 16:35:03,402][root][INFO] - Simulating initial volumes for stage IIIB  with norm params: mu=2.76, sigma=6.87, lb=-0.5769974969906748, ub=-0.02839165102452155
[2026-03-09 16:35:03,402][root][INFO] - Simulating initial volumes for stage IV  with norm params: mu=3.86, sigma=8.82, lb=-0.5741465764541877, ub=-0.14683113860980307
[2026-03-09 16:35:03,403][root][INFO] - Got correlated params for 436 patients
[2026-03-09 16:35:03,403][root][INFO] - Got correlated params for 892 patients
[2026-03-09 16:35:03,404][root][INFO] - Got correlated params for 1370 patients
[2026-03-09 16:35:03,404][root][INFO] - Randomising outputs
[2026-03-09 16:35:03,940][root][INFO] - Simulating initial volumes for stage I  with norm params: mu=1.72, sigma=4.7, lb=-0.6221218732608373, ub=-0.023523848418276528
[2026-03-09 16:35:03,940][root][INFO] - Simulating initial volumes for stage II  with norm params: mu=1.96, sigma=1.63, lb=-1.9410876100159118, ub=0.3711345751297772
[2026-03-09 16:35:03,940][root][INFO] - Simulating initial volumes for stage IIIA  with norm params: mu=1.91, sigma=9.4, lb=-0.33127370258786554, ub=0.06967546355973796
[2026-03-09 16:35:03,941][root][INFO] - Simulating initial volumes for stage IIIB  with norm params: mu=2.76, sigma=6.87, lb=-0.5769974969906748, ub=-0.02839165102452155
[2026-03-09 16:35:03,941][root][INFO] - Simulating initial volumes for stage IV  with norm params: mu=3.86, sigma=8.82, lb=-0.5741465764541877, ub=-0.14683113860980307
[2026-03-09 16:35:03,942][root][INFO] - Got correlated params for 472 patients
[2026-03-09 16:35:03,942][root][INFO] - Got correlated params for 913 patients
[2026-03-09 16:35:03,943][root][INFO] - Got correlated params for 1366 patients
[2026-03-09 16:35:03,943][root][INFO] - Randomising outputs
[2026-03-09 16:35:04,556][src.data.cancer_sim.dataset][INFO] - Processing train dataset before training
[2026-03-09 16:35:04,560][src.data.cancer_sim.dataset][INFO] - Shape of processed train data: {'cancer_volume': (1000, 30), 'radio_dosage': (1000, 30), 'radio_application': (1000, 30), 'radio_probabilities': (1000, 30), 'sequence_lengths': (1000,), 'death_flags': (1000, 30), 'recovery_flags': (1000, 30), 'patient_types': (1000,), 'prev_treatments': (1000, 29, 1), 'current_treatments': (1000, 29, 1), 'prev_treatment_times': (1000, 29, 1), 'current_treatment_times': (1000, 29, 1), 'current_covariates': (1000, 29, 2), 'outputs': (1000, 29, 1), 'active_entries': (1000, 29, 1), 'unscaled_outputs': (1000, 29, 1), 'prev_outputs': (1000, 29, 1), 'static_features': (1000, 1)}
[2026-03-09 16:35:04,560][src.data.cancer_sim.dataset][INFO] - Processing val dataset before training
[2026-03-09 16:35:04,562][src.data.cancer_sim.dataset][INFO] - Shape of processed val data: {'cancer_volume': (1000, 30), 'radio_dosage': (1000, 30), 'radio_application': (1000, 30), 'radio_probabilities': (1000, 30), 'sequence_lengths': (1000,), 'death_flags': (1000, 30), 'recovery_flags': (1000, 30), 'patient_types': (1000,), 'prev_treatments': (1000, 29, 1), 'current_treatments': (1000, 29, 1), 'prev_treatment_times': (1000, 29, 1), 'current_treatment_times': (1000, 29, 1), 'current_covariates': (1000, 29, 2), 'outputs': (1000, 29, 1), 'active_entries': (1000, 29, 1), 'unscaled_outputs': (1000, 29, 1), 'prev_outputs': (1000, 29, 1), 'static_features': (1000, 1)}
[2026-03-09 16:35:04,562][src.data.cancer_sim.dataset][INFO] - Processing test dataset before training
[2026-03-09 16:35:04,652][src.data.cancer_sim.dataset][INFO] - Shape of processed test data: {'cancer_volume': (56678, 30), 'radio_application': (56678, 30), 'sequence_lengths': (56678,), 'patient_types': (56678,), 'prev_treatments': (56678, 29, 1), 'current_treatments': (56678, 29, 1), 'prev_treatment_times': (56678, 29, 1), 'current_treatment_times': (56678, 29, 1), 'current_covariates': (56678, 29, 2), 'outputs': (56678, 29, 1), 'active_entries': (56678, 29, 1), 'unscaled_outputs': (56678, 29, 1), 'prev_outputs': (56678, 29, 1), 'static_features': (56678, 1)}
[2026-03-09 16:35:04,660][src.models.scip][INFO] - Input size of propensity_treatment: 2
[2026-03-09 16:35:07,136][src.models.time_varying_model][INFO] - BCE calculation for val.
[2026-03-09 16:35:07,136][src.models.scip][INFO] - Propensity scores for val.
[2026-03-09 16:35:07,286][__main__][INFO] - Val normalised BCE (all): 1.0186155563208676; Val normalised RMSE (orig): 1.0186590242196576
[2026-03-09 16:35:07,287][src.models.time_varying_model][INFO] - BCE calculation for test.
[2026-03-09 16:35:07,287][src.models.scip][INFO] - Propensity scores for test.
[2026-03-09 16:35:13,320][__main__][INFO] - Test normalised RMSE (all): 0.9870031849353725; Test normalised RMSE (orig): 0.9965215139905969.
[2026-03-09 16:35:13,328][src.models.scip][INFO] - Input size of propensity_history: 5
[2026-03-09 16:35:13,453][src.models.time_varying_model][INFO] - BCE calculation for val.
[2026-03-09 16:35:13,453][src.models.scip][INFO] - Propensity scores for val.
[2026-03-09 16:35:13,573][__main__][INFO] - Val normalised BCE (all): 1.001263172533169; Val normalised RMSE (orig): 1.0012987689131518
[2026-03-09 16:35:13,573][src.models.time_varying_model][INFO] - BCE calculation for test.
[2026-03-09 16:35:13,573][src.models.scip][INFO] - Propensity scores for test.
[2026-03-09 16:35:19,652][__main__][INFO] - Test normalised BCE (all): 0.9737630570179444; Test normalised BCE (orig): 0.9818702799951973.
[2026-03-09 16:35:19,659][src.models.scip][INFO] - Input size of encoder: 4
[2026-03-09 16:35:19,667][src.models.scip][INFO] - Propensity scores for train.
[2026-03-09 16:35:19,786][src.models.scip][INFO] - Propensity scores for train.
[2026-03-09 16:35:19,905][src.models.scip][INFO] - Intensity scores for train.
[2026-03-09 16:35:20,023][src.models.scip][INFO] - Intensity scores for train.
[2026-03-09 16:35:20,688][src.models.time_varying_model][INFO] - RMSE calculation for val.
[2026-03-09 16:35:20,688][src.models.scip][INFO] - Predictions for val.
[2026-03-09 16:35:20,742][__main__][INFO] - Val normalised RMSE (all): 3.820829567239339; Val normalised RMSE (orig): 3.813124543951278
[2026-03-09 16:35:20,742][src.models.time_varying_model][INFO] - RMSE calculation for test.
[2026-03-09 16:35:20,742][src.models.scip][INFO] - Predictions for test.
[2026-03-09 16:35:23,059][__main__][INFO] - Test normalised RMSE (all): 10.322652713294753; Test normalised RMSE (orig): 10.35315376256471; Test normalised RMSE (only counterfactual): 9.51651735073996
[2026-03-09 16:35:23,067][src.models.scip][INFO] - Input size of decoder: 4
[2026-03-09 16:35:23,075][src.data.cancer_sim.dataset][INFO] - train Dataset already processed
[2026-03-09 16:35:23,075][src.data.cancer_sim.dataset][INFO] - val Dataset already processed
[2026-03-09 16:35:23,075][src.data.cancer_sim.dataset][INFO] - Processing test dataset before training
[2026-03-09 16:35:23,118][src.data.cancer_sim.dataset][INFO] - Shape of processed test data: {'cancer_volume': (28477, 32), 'radio_application': (28477, 32), 'sequence_lengths': (28477,), 'patient_types': (28477,), 'patient_ids_all_trajectories': (28477,), 'patient_current_t': (28477,), 'prev_treatments': (28477, 31, 1), 'current_treatments': (28477, 31, 1), 'prev_treatment_times': (28477, 31, 1), 'current_treatment_times': (28477, 31, 1), 'current_covariates': (28477, 31, 2), 'outputs': (28477, 31, 1), 'active_entries': (28477, 31, 1), 'unscaled_outputs': (28477, 31, 1), 'prev_outputs': (28477, 31, 1), 'static_features': (28477, 1)}
[2026-03-09 16:35:23,118][src.models.scip][INFO] - Representations inference for train.
[2026-03-09 16:35:23,174][src.models.scip][INFO] - Representations inference for val.
[2026-03-09 16:35:23,225][src.models.scip][INFO] - Representations inference for test.
[2026-03-09 16:35:24,371][src.models.scip][INFO] - Predictions for test.
[2026-03-09 16:35:25,530][src.data.cancer_sim.dataset][INFO] - Processing train dataset before training (multiple sequences)
[2026-03-09 16:35:25,615][src.data.cancer_sim.dataset][INFO] - Shape of processed train data: {'init_state': (25823, 20), 'original_index': (25823,), 'active_encoder_r': (25823, 29), 'prev_treatments': (25823, 2, 1), 'current_treatments': (25823, 2, 1), 'current_covariates': (25823, 2, 2), 'prev_outputs': (25823, 2, 1), 'static_features': (25823, 1), 'outputs': (25823, 2, 1), 'sequence_lengths': (25823,), 'active_entries': (25823, 2, 1), 'unscaled_outputs': (25823, 2, 1), 'stabilized_weights': (25823, 3)}
[2026-03-09 16:35:25,615][src.data.cancer_sim.dataset][INFO] - Processing val dataset before training (multiple sequences)
[2026-03-09 16:35:25,691][src.data.cancer_sim.dataset][INFO] - Shape of processed val data: {'init_state': (25770, 20), 'original_index': (25770,), 'active_encoder_r': (25770, 29), 'prev_treatments': (25770, 2, 1), 'current_treatments': (25770, 2, 1), 'current_covariates': (25770, 2, 2), 'prev_outputs': (25770, 2, 1), 'static_features': (25770, 1), 'outputs': (25770, 2, 1), 'sequence_lengths': (25770,), 'active_entries': (25770, 2, 1), 'unscaled_outputs': (25770, 2, 1)}
[2026-03-09 16:35:25,692][src.data.cancer_sim.dataset][INFO] - Processing test dataset before testing (multiple sequences)
[2026-03-09 16:35:25,856][src.data.cancer_sim.dataset][INFO] - Shape of processed test data: {'active_encoder_r': (28477, 29), 'prev_treatments': (28477, 2, 1), 'current_treatments': (28477, 2, 1), 'current_covariates': (28477, 2, 2), 'prev_outputs': (28477, 2, 1), 'static_features': (28477, 1), 'outputs': (28477, 2, 1), 'sequence_lengths': (28477,), 'active_entries': (28477, 2, 1), 'unscaled_outputs': (28477, 2, 1), 'patient_types': (28477,), 'patient_ids_all_trajectories': (28477,), 'patient_current_t': (28477,), 'init_state': (28477, 20)}
[2026-03-09 16:35:25,857][src.data.cancer_sim.dataset][INFO] - Processing test dataset before testing (autoregressive)
[2026-03-09 16:35:25,951][src.data.cancer_sim.dataset][INFO] - Shape of processed test data: {'current_covariates': (28477, 2, 2), 'prev_treatments': (28477, 2, 1), 'current_treatments': (28477, 2, 1), 'init_state': (28477, 20), 'active_encoder_r': (28477, 29), 'active_entries': (28477, 2, 1), 'prev_outputs': (28477, 2, 1), 'static_features': (28477, 1)}
[2026-03-09 16:35:26,778][src.models.time_varying_model][INFO] - RMSE calculation for val.
[2026-03-09 16:35:26,778][src.models.scip][INFO] - Predictions for val.
[2026-03-09 16:35:27,292][__main__][INFO] - Val normalised RMSE (all): 4.741315164474189; Val normalised RMSE (orig): 4.741315164474203
[2026-03-09 16:35:27,292][src.models.time_varying_model][INFO] - RMSE calculation for test.
[2026-03-09 16:35:27,292][src.models.time_varying_model][INFO] - Autoregressive Prediction for test.
[2026-03-09 16:35:27,292][src.models.time_varying_model][INFO] - t = 2
[2026-03-09 16:35:27,292][src.models.scip][INFO] - Predictions for test.
[2026-03-09 16:35:27,733][src.models.time_varying_model][INFO] - t = 3
[2026-03-09 16:35:27,733][src.models.scip][INFO] - Predictions for test.
[2026-03-09 16:35:28,215][__main__][INFO] - Test normalised RMSE (n-step prediction): {'2-step': 18.724978917484272, '3-step': 18.572234140966476}
