[2026-03-09 16:34:33,683][__main__][INFO] - 
model:
  dim_treatments: 2
  dim_vitals: 0
  dim_static_features: 1
  dim_outcomes: 1
  name: RMSN
  propensity_treatment:
    _target_: src.models.rmsn.RMSNPropensityNetworkTreatment
    seq_hidden_units: 8
    dropout_rate: 0.1
    num_layer: 1
    batch_size: 64
    max_grad_norm: 2.0
    optimizer:
      optimizer_cls: adam
      learning_rate: 0.01
      weight_decay: 0.0
      lr_scheduler: false
    tune_hparams: false
    tune_range: 50
    resources_per_trial: null
    hparams_grid: null
  propensity_history:
    _target_: src.models.rmsn.RMSNPropensityNetworkHistory
    seq_hidden_units: 20
    dropout_rate: 0.2
    num_layer: 2
    batch_size: 128
    max_grad_norm: 2.0
    optimizer:
      optimizer_cls: adam
      learning_rate: 0.01
      weight_decay: 0.0
      lr_scheduler: false
    tune_hparams: false
    tune_range: 50
    resources_per_trial: null
    hparams_grid: null
  encoder:
    _target_: src.models.rmsn.RMSNEncoder
    seq_hidden_units: 20
    dropout_rate: 0.1
    num_layer: 1
    batch_size: 64
    max_grad_norm: 2.0
    optimizer:
      optimizer_cls: adam
      learning_rate: 0.01
      weight_decay: 0.0
      lr_scheduler: false
    tune_hparams: false
    tune_range: 50
    resources_per_trial: null
    hparams_grid: null
  train_decoder: true
  decoder:
    _target_: src.models.rmsn.RMSNDecoder
    seq_hidden_units: 20
    dropout_rate: 0.1
    num_layer: 1
    batch_size: 512
    max_grad_norm: 0.5
    optimizer:
      optimizer_cls: adam
      learning_rate: 0.01
      weight_decay: 0.0
      lr_scheduler: false
    tune_hparams: false
    tune_range: 20
    resources_per_trial: null
dataset:
  val_batch_size: 512
  treatment_mode: multilabel
  coeff: 10.0
  _target_: src.data.SyntheticCancerDatasetCollection
  name: tumor_growth
  chemo_coeff: 10.0
  radio_coeff: 10.0
  seed: 101
  num_patients:
    train: 1000
    val: 1000
    test: 1000
  window_size: 15
  lag: 0
  max_seq_length: 30
  projection_horizon: 2
  cf_seq_mode: fixed_treatment
  treatment_sequence:
  - - 1.0
    - 0.0
  - - 0.0
    - 1.0
  - - 0.0
    - 1.0
exp:
  seed: 101
  gpus:
  - 0
  max_epochs: 1
  logging: false
  mlflow_uri: http://127.0.0.1:3335
  unscale_rmse: true
  percentage_rmse: true
  alpha: 1.0
  update_alpha: false
  alpha_rate: exp
  balancing: null
  bce_weight: false
  weights_ema: null
  beta: 0.99

[2026-03-09 16:34:33,688][root][INFO] - Simulating initial volumes for stage I  with norm params: mu=1.72, sigma=4.7, lb=-0.6221218732608373, ub=-0.023523848418276528
[2026-03-09 16:34:33,689][root][INFO] - Simulating initial volumes for stage II  with norm params: mu=1.96, sigma=1.63, lb=-1.9410876100159118, ub=0.3711345751297772
[2026-03-09 16:34:33,689][root][INFO] - Simulating initial volumes for stage IIIA  with norm params: mu=1.91, sigma=9.4, lb=-0.33127370258786554, ub=0.06967546355973796
[2026-03-09 16:34:33,689][root][INFO] - Simulating initial volumes for stage IIIB  with norm params: mu=2.76, sigma=6.87, lb=-0.5769974969906748, ub=-0.02839165102452155
[2026-03-09 16:34:33,690][root][INFO] - Simulating initial volumes for stage IV  with norm params: mu=3.86, sigma=8.82, lb=-0.5741465764541877, ub=-0.14683113860980307
[2026-03-09 16:34:33,691][root][INFO] - Got correlated params for 457 patients
[2026-03-09 16:34:33,691][root][INFO] - Got correlated params for 916 patients
[2026-03-09 16:34:33,691][root][INFO] - Got correlated params for 1362 patients
[2026-03-09 16:34:33,692][root][INFO] - Randomising outputs
[2026-03-09 16:34:33,946][root][INFO] - Simulating initial volumes for stage I  with norm params: mu=1.72, sigma=4.7, lb=-0.6221218732608373, ub=-0.023523848418276528
[2026-03-09 16:34:33,947][root][INFO] - Simulating initial volumes for stage II  with norm params: mu=1.96, sigma=1.63, lb=-1.9410876100159118, ub=0.3711345751297772
[2026-03-09 16:34:33,947][root][INFO] - Simulating initial volumes for stage IIIA  with norm params: mu=1.91, sigma=9.4, lb=-0.33127370258786554, ub=0.06967546355973796
[2026-03-09 16:34:33,948][root][INFO] - Simulating initial volumes for stage IIIB  with norm params: mu=2.76, sigma=6.87, lb=-0.5769974969906748, ub=-0.02839165102452155
[2026-03-09 16:34:33,948][root][INFO] - Simulating initial volumes for stage IV  with norm params: mu=3.86, sigma=8.82, lb=-0.5741465764541877, ub=-0.14683113860980307
[2026-03-09 16:34:33,949][root][INFO] - Got correlated params for 452 patients
[2026-03-09 16:34:33,949][root][INFO] - Got correlated params for 893 patients
[2026-03-09 16:34:33,950][root][INFO] - Got correlated params for 1342 patients
[2026-03-09 16:34:33,950][root][INFO] - Randomising outputs
[2026-03-09 16:34:34,205][root][INFO] - Simulating initial volumes for stage I  with norm params: mu=1.72, sigma=4.7, lb=-0.6221218732608373, ub=-0.023523848418276528
[2026-03-09 16:34:34,205][root][INFO] - Simulating initial volumes for stage II  with norm params: mu=1.96, sigma=1.63, lb=-1.9410876100159118, ub=0.3711345751297772
[2026-03-09 16:34:34,205][root][INFO] - Simulating initial volumes for stage IIIA  with norm params: mu=1.91, sigma=9.4, lb=-0.33127370258786554, ub=0.06967546355973796
[2026-03-09 16:34:34,206][root][INFO] - Simulating initial volumes for stage IIIB  with norm params: mu=2.76, sigma=6.87, lb=-0.5769974969906748, ub=-0.02839165102452155
[2026-03-09 16:34:34,206][root][INFO] - Simulating initial volumes for stage IV  with norm params: mu=3.86, sigma=8.82, lb=-0.5741465764541877, ub=-0.14683113860980307
[2026-03-09 16:34:34,207][root][INFO] - Got correlated params for 436 patients
[2026-03-09 16:34:34,207][root][INFO] - Got correlated params for 892 patients
[2026-03-09 16:34:34,208][root][INFO] - Got correlated params for 1370 patients
[2026-03-09 16:34:34,208][root][INFO] - Randomising outputs
[2026-03-09 16:34:34,740][root][INFO] - Simulating initial volumes for stage I  with norm params: mu=1.72, sigma=4.7, lb=-0.6221218732608373, ub=-0.023523848418276528
[2026-03-09 16:34:34,741][root][INFO] - Simulating initial volumes for stage II  with norm params: mu=1.96, sigma=1.63, lb=-1.9410876100159118, ub=0.3711345751297772
[2026-03-09 16:34:34,741][root][INFO] - Simulating initial volumes for stage IIIA  with norm params: mu=1.91, sigma=9.4, lb=-0.33127370258786554, ub=0.06967546355973796
[2026-03-09 16:34:34,741][root][INFO] - Simulating initial volumes for stage IIIB  with norm params: mu=2.76, sigma=6.87, lb=-0.5769974969906748, ub=-0.02839165102452155
[2026-03-09 16:34:34,742][root][INFO] - Simulating initial volumes for stage IV  with norm params: mu=3.86, sigma=8.82, lb=-0.5741465764541877, ub=-0.14683113860980307
[2026-03-09 16:34:34,743][root][INFO] - Got correlated params for 472 patients
[2026-03-09 16:34:34,743][root][INFO] - Got correlated params for 913 patients
[2026-03-09 16:34:34,744][root][INFO] - Got correlated params for 1366 patients
[2026-03-09 16:34:34,744][root][INFO] - Randomising outputs
[2026-03-09 16:34:35,334][src.data.cancer_sim.dataset][INFO] - Processing train dataset before training
[2026-03-09 16:34:35,337][src.data.cancer_sim.dataset][INFO] - Shape of processed train data: {'cancer_volume': (1000, 30), 'radio_dosage': (1000, 30), 'radio_application': (1000, 30), 'radio_probabilities': (1000, 30), 'sequence_lengths': (1000,), 'death_flags': (1000, 30), 'recovery_flags': (1000, 30), 'patient_types': (1000,), 'prev_treatments': (1000, 29, 1), 'current_treatments': (1000, 29, 1), 'prev_treatment_times': (1000, 29, 1), 'current_treatment_times': (1000, 29, 1), 'current_covariates': (1000, 29, 2), 'outputs': (1000, 29, 1), 'active_entries': (1000, 29, 1), 'unscaled_outputs': (1000, 29, 1), 'prev_outputs': (1000, 29, 1), 'static_features': (1000, 1)}
[2026-03-09 16:34:35,337][src.data.cancer_sim.dataset][INFO] - Processing val dataset before training
[2026-03-09 16:34:35,339][src.data.cancer_sim.dataset][INFO] - Shape of processed val data: {'cancer_volume': (1000, 30), 'radio_dosage': (1000, 30), 'radio_application': (1000, 30), 'radio_probabilities': (1000, 30), 'sequence_lengths': (1000,), 'death_flags': (1000, 30), 'recovery_flags': (1000, 30), 'patient_types': (1000,), 'prev_treatments': (1000, 29, 1), 'current_treatments': (1000, 29, 1), 'prev_treatment_times': (1000, 29, 1), 'current_treatment_times': (1000, 29, 1), 'current_covariates': (1000, 29, 2), 'outputs': (1000, 29, 1), 'active_entries': (1000, 29, 1), 'unscaled_outputs': (1000, 29, 1), 'prev_outputs': (1000, 29, 1), 'static_features': (1000, 1)}
[2026-03-09 16:34:35,340][src.data.cancer_sim.dataset][INFO] - Processing test dataset before training
[2026-03-09 16:34:35,431][src.data.cancer_sim.dataset][INFO] - Shape of processed test data: {'cancer_volume': (56678, 30), 'radio_application': (56678, 30), 'sequence_lengths': (56678,), 'patient_types': (56678,), 'prev_treatments': (56678, 29, 1), 'current_treatments': (56678, 29, 1), 'prev_treatment_times': (56678, 29, 1), 'current_treatment_times': (56678, 29, 1), 'current_covariates': (56678, 29, 2), 'outputs': (56678, 29, 1), 'active_entries': (56678, 29, 1), 'unscaled_outputs': (56678, 29, 1), 'prev_outputs': (56678, 29, 1), 'static_features': (56678, 1)}
[2026-03-09 16:34:35,438][src.models.rmsn][INFO] - Input size of propensity_treatment: 1
[2026-03-09 16:34:38,639][src.models.time_varying_model][INFO] - BCE calculation for val.
[2026-03-09 16:34:38,639][src.models.rmsn][INFO] - Propensity scores for val.
[2026-03-09 16:34:38,691][__main__][INFO] - Val normalised BCE (all): 0.7998300106139286; Val normalised RMSE (orig): 0.7997986027787689
[2026-03-09 16:34:38,691][src.models.time_varying_model][INFO] - BCE calculation for test.
[2026-03-09 16:34:38,691][src.models.rmsn][INFO] - Propensity scores for test.
[2026-03-09 16:34:40,272][__main__][INFO] - Test normalised RMSE (all): 0.7888538271834823; Test normalised RMSE (orig): 0.7988119110492602.
[2026-03-09 16:34:40,279][src.models.rmsn][INFO] - Input size of propensity_history: 4
[2026-03-09 16:34:40,479][src.models.time_varying_model][INFO] - BCE calculation for val.
[2026-03-09 16:34:40,479][src.models.rmsn][INFO] - Propensity scores for val.
[2026-03-09 16:34:40,518][__main__][INFO] - Val normalised BCE (all): 0.7817016337673264; Val normalised RMSE (orig): 0.7816346941433316
[2026-03-09 16:34:40,518][src.models.time_varying_model][INFO] - BCE calculation for test.
[2026-03-09 16:34:40,518][src.models.rmsn][INFO] - Propensity scores for test.
[2026-03-09 16:34:42,106][__main__][INFO] - Test normalised BCE (all): 0.7927906103598282; Test normalised BCE (orig): 0.8066202476060349.
[2026-03-09 16:34:42,112][src.models.rmsn][INFO] - Input size of encoder: 4
[2026-03-09 16:34:42,120][src.models.rmsn][INFO] - Propensity scores for train.
[2026-03-09 16:34:42,153][src.models.rmsn][INFO] - Propensity scores for train.
[2026-03-09 16:34:42,497][src.models.time_varying_model][INFO] - RMSE calculation for val.
[2026-03-09 16:34:42,497][src.models.rmsn][INFO] - Predictions for val.
[2026-03-09 16:34:42,538][__main__][INFO] - Val normalised RMSE (all): 4.533684071365989; Val normalised RMSE (orig): 4.5211145062045786
[2026-03-09 16:34:42,538][src.models.time_varying_model][INFO] - RMSE calculation for test.
[2026-03-09 16:34:42,538][src.models.rmsn][INFO] - Predictions for test.
[2026-03-09 16:34:44,155][__main__][INFO] - Test normalised RMSE (all): 11.687415103259571; Test normalised RMSE (orig): 11.385418772097353; Test normalised RMSE (only counterfactual): 11.02644189447455
[2026-03-09 16:34:44,162][src.models.rmsn][INFO] - Input size of decoder: 4
[2026-03-09 16:34:44,170][src.data.cancer_sim.dataset][INFO] - train Dataset already processed
[2026-03-09 16:34:44,170][src.data.cancer_sim.dataset][INFO] - val Dataset already processed
[2026-03-09 16:34:44,170][src.data.cancer_sim.dataset][INFO] - Processing test dataset before training
[2026-03-09 16:34:44,212][src.data.cancer_sim.dataset][INFO] - Shape of processed test data: {'cancer_volume': (28477, 32), 'radio_application': (28477, 32), 'sequence_lengths': (28477,), 'patient_types': (28477,), 'patient_ids_all_trajectories': (28477,), 'patient_current_t': (28477,), 'prev_treatments': (28477, 31, 1), 'current_treatments': (28477, 31, 1), 'prev_treatment_times': (28477, 31, 1), 'current_treatment_times': (28477, 31, 1), 'current_covariates': (28477, 31, 2), 'outputs': (28477, 31, 1), 'active_entries': (28477, 31, 1), 'unscaled_outputs': (28477, 31, 1), 'prev_outputs': (28477, 31, 1), 'static_features': (28477, 1)}
[2026-03-09 16:34:44,212][src.models.rmsn][INFO] - Representations inference for train.
[2026-03-09 16:34:44,254][src.models.rmsn][INFO] - Representations inference for val.
[2026-03-09 16:34:44,301][src.models.rmsn][INFO] - Representations inference for test.
[2026-03-09 16:34:45,070][src.models.rmsn][INFO] - Predictions for test.
[2026-03-09 16:34:45,851][src.data.cancer_sim.dataset][INFO] - Processing train dataset before training (multiple sequences)
[2026-03-09 16:34:45,935][src.data.cancer_sim.dataset][INFO] - Shape of processed train data: {'init_state': (25823, 20), 'original_index': (25823,), 'active_encoder_r': (25823, 29), 'prev_treatments': (25823, 2, 1), 'current_treatments': (25823, 2, 1), 'current_covariates': (25823, 2, 2), 'prev_outputs': (25823, 2, 1), 'static_features': (25823, 1), 'outputs': (25823, 2, 1), 'sequence_lengths': (25823,), 'active_entries': (25823, 2, 1), 'unscaled_outputs': (25823, 2, 1), 'stabilized_weights': (25823, 3)}
[2026-03-09 16:34:45,935][src.data.cancer_sim.dataset][INFO] - Processing val dataset before training (multiple sequences)
[2026-03-09 16:34:46,011][src.data.cancer_sim.dataset][INFO] - Shape of processed val data: {'init_state': (25770, 20), 'original_index': (25770,), 'active_encoder_r': (25770, 29), 'prev_treatments': (25770, 2, 1), 'current_treatments': (25770, 2, 1), 'current_covariates': (25770, 2, 2), 'prev_outputs': (25770, 2, 1), 'static_features': (25770, 1), 'outputs': (25770, 2, 1), 'sequence_lengths': (25770,), 'active_entries': (25770, 2, 1), 'unscaled_outputs': (25770, 2, 1)}
[2026-03-09 16:34:46,011][src.data.cancer_sim.dataset][INFO] - Processing test dataset before testing (multiple sequences)
[2026-03-09 16:34:46,175][src.data.cancer_sim.dataset][INFO] - Shape of processed test data: {'active_encoder_r': (28477, 29), 'prev_treatments': (28477, 2, 1), 'current_treatments': (28477, 2, 1), 'current_covariates': (28477, 2, 2), 'prev_outputs': (28477, 2, 1), 'static_features': (28477, 1), 'outputs': (28477, 2, 1), 'sequence_lengths': (28477,), 'active_entries': (28477, 2, 1), 'unscaled_outputs': (28477, 2, 1), 'patient_types': (28477,), 'patient_ids_all_trajectories': (28477,), 'patient_current_t': (28477,), 'init_state': (28477, 20)}
[2026-03-09 16:34:46,176][src.data.cancer_sim.dataset][INFO] - Processing test dataset before testing (autoregressive)
[2026-03-09 16:34:46,269][src.data.cancer_sim.dataset][INFO] - Shape of processed test data: {'current_covariates': (28477, 2, 2), 'prev_treatments': (28477, 2, 1), 'current_treatments': (28477, 2, 1), 'init_state': (28477, 20), 'active_encoder_r': (28477, 29), 'active_entries': (28477, 2, 1), 'prev_outputs': (28477, 2, 1), 'static_features': (28477, 1)}
[2026-03-09 16:34:47,201][src.models.time_varying_model][INFO] - RMSE calculation for val.
[2026-03-09 16:34:47,201][src.models.rmsn][INFO] - Predictions for val.
[2026-03-09 16:34:47,682][__main__][INFO] - Val normalised RMSE (all): 1.618784130961625; Val normalised RMSE (orig): 1.618784130961625
[2026-03-09 16:34:47,683][src.models.time_varying_model][INFO] - RMSE calculation for test.
[2026-03-09 16:34:47,683][src.models.time_varying_model][INFO] - Autoregressive Prediction for test.
[2026-03-09 16:34:47,683][src.models.time_varying_model][INFO] - t = 2
[2026-03-09 16:34:47,683][src.models.rmsn][INFO] - Predictions for test.
[2026-03-09 16:34:48,096][src.models.time_varying_model][INFO] - t = 3
[2026-03-09 16:34:48,096][src.models.rmsn][INFO] - Predictions for test.
[2026-03-09 16:34:48,544][__main__][INFO] - Test normalised RMSE (n-step prediction): {'2-step': 16.149813273741533, '3-step': 16.53829289035609}
