/home/letter_night/anaconda3/envs/scip_stable/lib/python3.10/site-packages/torchmetrics/utilities/imports.py:21: UserWarning: pkg_resources is deprecated as an API. See https://setuptools.pypa.io/en/latest/pkg_resources.html. The pkg_resources package is slated for removal as early as 2025-11-30. Refrain from using this package or pin to Setuptools<81.
  from pkg_resources import DistributionNotFound, get_distribution
/data1/letternight/test_simple-1/runnables/train_dynamic_causal_pfn.py:20: UserWarning: 
The version_base parameter is not specified.
Please specify a compatability version level, or None.
Will assume defaults for version 1.1
  @hydra.main(config_name=f'config.yaml', config_path='../config/')
/home/letter_night/anaconda3/envs/scip_stable/lib/python3.10/site-packages/hydra/_internal/hydra.py:119: UserWarning: Future Hydra versions will no longer change working directory at job runtime by default.
See https://hydra.cc/docs/1.2/upgrades/1.1_to_1.2/changes_to_job_working_dir/ for more information.
  ret = run_job(
[[36m2026-03-09 17:08:24,075[0m][[34m__main__[0m][[32mINFO[0m] - 
model:
  dim_treatments: 2
  dim_vitals: 0
  dim_static_features: 1
  dim_outcomes: 1
  name: DynamicCausalPFN
  dynamic_causal_pfn:
    _target_: src.models.dynamic_causal_pfn.DynamicCausalPFN
    max_seq_length: 32
    seq_hidden_units: null
    hr_size: null
    fc_hidden_units: null
    dropout_rate: null
    num_layer: 1
    num_heads: 1
    max_grad_norm: 0.0
    batch_size: null
    attn_dropout: true
    disable_cross_attention: false
    isolate_subnetwork: _
    projection_horizon: 0
    self_positional_encoding:
      absolute: true
      trainable: false
    optimizer:
      optimizer_cls: adam
      learning_rate: null
      weight_decay: 0.0
      lr_scheduler: false
    pretrained_ckpt: null
    transfer_mode: null
    few_shot_samples: 50
    tune_hparams: true
    tune_range: 20
    hparams_grid:
      num_layer:
      - 4
      - 6
      - 8
      num_heads:
      - 4
      - 8
      learning_rate:
      - 0.001
      - 0.0005
      batch_size:
      - 256
      - 512
      seq_hidden_units:
      - 32
      - 64
      - 128
      hr_size:
      - 16
      - 32
      - 64
      fc_hidden_units:
      - 32
      - 64
      dropout_rate:
      - 0.1
      - 0.2
    resources_per_trial:
      cpu: 0.5
      gpu: 0.5
dataset:
  val_batch_size: 512
  treatment_mode: multiclass
  _target_: src.data.PretrainCancerDatasetCollection
  name: tumor_generator_pretrain
  coeff: 10.0
  seed: 101
  num_patients:
    train: 1000
    val: 1000
  max_seq_length: 30
  num_pretrain_datasets_train: 50
  num_pretrain_dataset_val: 5
  projection_horizon: 2
  treatment_sequence:
  - - 1.0
    - 0.0
  - - 0.0
    - 1.0
  - - 0.0
    - 1.0
exp:
  seed: 101
  gpus:
  - 0
  max_epochs: 20
  logging: false
  mlflow_uri: http://127.0.0.1:3335
  unscale_rmse: true
  percentage_rmse: true
  alpha: 1.0
  update_alpha: false
  alpha_rate: exp
  balancing: null
  bce_weight: false
  weights_ema: null
  beta: 0.99
[0m
Global seed set to 101
