[2026-03-09 16:32:05,166][__main__][INFO] - 
model:
  dim_treatments: 2
  dim_vitals: 0
  dim_static_features: 1
  dim_outcomes: 1
  name: CRN
  encoder:
    _target_: src.models.crn.CRNEncoder
    seq_hidden_units: 20
    br_size: 20
    fc_hidden_units: 10
    dropout_rate: 0.1
    num_layer: 1
    batch_size: 128
    optimizer:
      optimizer_cls: adam
      learning_rate: 0.01
      weight_decay: 0.0
      lr_scheduler: false
    tune_hparams: false
    tune_range: 50
    hparams_grid: null
    resources_per_trial: null
  train_decoder: true
  decoder:
    _target_: src.models.crn.CRNDecoder
    seq_hidden_units: 20
    br_size: 2
    fc_hidden_units: 6
    dropout_rate: 0.1
    num_layer: 1
    batch_size: 1024
    optimizer:
      optimizer_cls: adam
      learning_rate: 0.001
      weight_decay: 0.0
      lr_scheduler: false
    tune_hparams: false
    tune_range: 30
    hparams_grid: null
    resources_per_trial: null
dataset:
  val_batch_size: 512
  treatment_mode: multiclass
  coeff: 10.0
  _target_: src.data.SyntheticCancerDatasetCollection
  name: tumor_growth
  chemo_coeff: 10.0
  radio_coeff: 10.0
  seed: 101
  num_patients:
    train: 1000
    val: 1000
    test: 1000
  window_size: 15
  lag: 0
  max_seq_length: 30
  projection_horizon: 2
  cf_seq_mode: fixed_treatment
  treatment_sequence:
  - - 1.0
    - 0.0
  - - 0.0
    - 1.0
  - - 0.0
    - 1.0
exp:
  seed: 101
  gpus:
  - 0
  max_epochs: 1
  logging: false
  mlflow_uri: http://127.0.0.1:3335
  unscale_rmse: true
  percentage_rmse: true
  alpha: 1.0
  update_alpha: true
  alpha_rate: exp
  balancing: grad_reverse
  bce_weight: false
  weights_ema: false
  beta: 0.99

[2026-03-09 16:32:05,171][root][INFO] - Simulating initial volumes for stage I  with norm params: mu=1.72, sigma=4.7, lb=-0.6221218732608373, ub=-0.023523848418276528
[2026-03-09 16:32:05,171][root][INFO] - Simulating initial volumes for stage II  with norm params: mu=1.96, sigma=1.63, lb=-1.9410876100159118, ub=0.3711345751297772
[2026-03-09 16:32:05,172][root][INFO] - Simulating initial volumes for stage IIIA  with norm params: mu=1.91, sigma=9.4, lb=-0.33127370258786554, ub=0.06967546355973796
[2026-03-09 16:32:05,172][root][INFO] - Simulating initial volumes for stage IIIB  with norm params: mu=2.76, sigma=6.87, lb=-0.5769974969906748, ub=-0.02839165102452155
[2026-03-09 16:32:05,172][root][INFO] - Simulating initial volumes for stage IV  with norm params: mu=3.86, sigma=8.82, lb=-0.5741465764541877, ub=-0.14683113860980307
[2026-03-09 16:32:05,173][root][INFO] - Got correlated params for 457 patients
[2026-03-09 16:32:05,174][root][INFO] - Got correlated params for 916 patients
[2026-03-09 16:32:05,174][root][INFO] - Got correlated params for 1362 patients
[2026-03-09 16:32:05,175][root][INFO] - Randomising outputs
[2026-03-09 16:32:05,430][root][INFO] - Simulating initial volumes for stage I  with norm params: mu=1.72, sigma=4.7, lb=-0.6221218732608373, ub=-0.023523848418276528
[2026-03-09 16:32:05,431][root][INFO] - Simulating initial volumes for stage II  with norm params: mu=1.96, sigma=1.63, lb=-1.9410876100159118, ub=0.3711345751297772
[2026-03-09 16:32:05,431][root][INFO] - Simulating initial volumes for stage IIIA  with norm params: mu=1.91, sigma=9.4, lb=-0.33127370258786554, ub=0.06967546355973796
[2026-03-09 16:32:05,431][root][INFO] - Simulating initial volumes for stage IIIB  with norm params: mu=2.76, sigma=6.87, lb=-0.5769974969906748, ub=-0.02839165102452155
[2026-03-09 16:32:05,432][root][INFO] - Simulating initial volumes for stage IV  with norm params: mu=3.86, sigma=8.82, lb=-0.5741465764541877, ub=-0.14683113860980307
[2026-03-09 16:32:05,432][root][INFO] - Got correlated params for 452 patients
[2026-03-09 16:32:05,433][root][INFO] - Got correlated params for 893 patients
[2026-03-09 16:32:05,433][root][INFO] - Got correlated params for 1342 patients
[2026-03-09 16:32:05,434][root][INFO] - Randomising outputs
[2026-03-09 16:32:05,688][root][INFO] - Simulating initial volumes for stage I  with norm params: mu=1.72, sigma=4.7, lb=-0.6221218732608373, ub=-0.023523848418276528
[2026-03-09 16:32:05,689][root][INFO] - Simulating initial volumes for stage II  with norm params: mu=1.96, sigma=1.63, lb=-1.9410876100159118, ub=0.3711345751297772
[2026-03-09 16:32:05,689][root][INFO] - Simulating initial volumes for stage IIIA  with norm params: mu=1.91, sigma=9.4, lb=-0.33127370258786554, ub=0.06967546355973796
[2026-03-09 16:32:05,689][root][INFO] - Simulating initial volumes for stage IIIB  with norm params: mu=2.76, sigma=6.87, lb=-0.5769974969906748, ub=-0.02839165102452155
[2026-03-09 16:32:05,690][root][INFO] - Simulating initial volumes for stage IV  with norm params: mu=3.86, sigma=8.82, lb=-0.5741465764541877, ub=-0.14683113860980307
[2026-03-09 16:32:05,691][root][INFO] - Got correlated params for 436 patients
[2026-03-09 16:32:05,691][root][INFO] - Got correlated params for 892 patients
[2026-03-09 16:32:05,691][root][INFO] - Got correlated params for 1370 patients
[2026-03-09 16:32:05,692][root][INFO] - Randomising outputs
[2026-03-09 16:32:06,213][root][INFO] - Simulating initial volumes for stage I  with norm params: mu=1.72, sigma=4.7, lb=-0.6221218732608373, ub=-0.023523848418276528
[2026-03-09 16:32:06,213][root][INFO] - Simulating initial volumes for stage II  with norm params: mu=1.96, sigma=1.63, lb=-1.9410876100159118, ub=0.3711345751297772
[2026-03-09 16:32:06,214][root][INFO] - Simulating initial volumes for stage IIIA  with norm params: mu=1.91, sigma=9.4, lb=-0.33127370258786554, ub=0.06967546355973796
[2026-03-09 16:32:06,214][root][INFO] - Simulating initial volumes for stage IIIB  with norm params: mu=2.76, sigma=6.87, lb=-0.5769974969906748, ub=-0.02839165102452155
[2026-03-09 16:32:06,214][root][INFO] - Simulating initial volumes for stage IV  with norm params: mu=3.86, sigma=8.82, lb=-0.5741465764541877, ub=-0.14683113860980307
[2026-03-09 16:32:06,215][root][INFO] - Got correlated params for 472 patients
[2026-03-09 16:32:06,215][root][INFO] - Got correlated params for 913 patients
[2026-03-09 16:32:06,216][root][INFO] - Got correlated params for 1366 patients
[2026-03-09 16:32:06,216][root][INFO] - Randomising outputs
[2026-03-09 16:32:06,798][src.data.cancer_sim.dataset][INFO] - Processing train dataset before training
[2026-03-09 16:32:06,817][src.data.cancer_sim.dataset][INFO] - Shape of processed train data: {'cancer_volume': (1000, 30), 'radio_dosage': (1000, 30), 'radio_application': (1000, 30), 'radio_probabilities': (1000, 30), 'sequence_lengths': (1000,), 'death_flags': (1000, 30), 'recovery_flags': (1000, 30), 'patient_types': (1000,), 'prev_treatments': (1000, 29, 2), 'current_treatments': (1000, 29, 2), 'prev_treatment_times': (1000, 29, 1), 'current_treatment_times': (1000, 29, 1), 'current_covariates': (1000, 29, 2), 'outputs': (1000, 29, 1), 'active_entries': (1000, 29, 1), 'unscaled_outputs': (1000, 29, 1), 'prev_outputs': (1000, 29, 1), 'static_features': (1000, 1)}
[2026-03-09 16:32:06,817][src.data.cancer_sim.dataset][INFO] - Processing val dataset before training
[2026-03-09 16:32:06,834][src.data.cancer_sim.dataset][INFO] - Shape of processed val data: {'cancer_volume': (1000, 30), 'radio_dosage': (1000, 30), 'radio_application': (1000, 30), 'radio_probabilities': (1000, 30), 'sequence_lengths': (1000,), 'death_flags': (1000, 30), 'recovery_flags': (1000, 30), 'patient_types': (1000,), 'prev_treatments': (1000, 29, 2), 'current_treatments': (1000, 29, 2), 'prev_treatment_times': (1000, 29, 1), 'current_treatment_times': (1000, 29, 1), 'current_covariates': (1000, 29, 2), 'outputs': (1000, 29, 1), 'active_entries': (1000, 29, 1), 'unscaled_outputs': (1000, 29, 1), 'prev_outputs': (1000, 29, 1), 'static_features': (1000, 1)}
[2026-03-09 16:32:06,834][src.data.cancer_sim.dataset][INFO] - Processing test dataset before training
[2026-03-09 16:32:07,736][src.data.cancer_sim.dataset][INFO] - Shape of processed test data: {'cancer_volume': (56678, 30), 'radio_application': (56678, 30), 'sequence_lengths': (56678,), 'patient_types': (56678,), 'prev_treatments': (56678, 29, 2), 'current_treatments': (56678, 29, 2), 'prev_treatment_times': (56678, 29, 1), 'current_treatment_times': (56678, 29, 1), 'current_covariates': (56678, 29, 2), 'outputs': (56678, 29, 1), 'active_entries': (56678, 29, 1), 'unscaled_outputs': (56678, 29, 1), 'prev_outputs': (56678, 29, 1), 'static_features': (56678, 1)}
[2026-03-09 16:32:07,743][src.models.crn][INFO] - Input size of encoder: 5
[2026-03-09 16:32:10,161][src.models.time_varying_model][INFO] - RMSE calculation for val.
[2026-03-09 16:32:10,162][src.models.time_varying_model][INFO] - Predictions for val.
[2026-03-09 16:32:10,217][__main__][INFO] - Val normalised RMSE (all): 4.739228673887073; Val normalised RMSE (orig): 4.727211352191831
[2026-03-09 16:32:10,217][src.models.time_varying_model][INFO] - RMSE calculation for test.
[2026-03-09 16:32:10,217][src.models.time_varying_model][INFO] - Predictions for test.
[2026-03-09 16:32:12,084][__main__][INFO] - Test normalised RMSE (all): 11.976423780354857; Test normalised RMSE (orig): 11.68287444870986; Test normalised RMSE (only counterfactual): 11.422115621320065
[2026-03-09 16:32:12,091][src.models.crn][INFO] - Input size of decoder: 5
[2026-03-09 16:32:12,098][src.data.cancer_sim.dataset][INFO] - train Dataset already processed
[2026-03-09 16:32:12,098][src.data.cancer_sim.dataset][INFO] - val Dataset already processed
[2026-03-09 16:32:12,098][src.data.cancer_sim.dataset][INFO] - Processing test dataset before training
[2026-03-09 16:32:12,566][src.data.cancer_sim.dataset][INFO] - Shape of processed test data: {'cancer_volume': (28477, 32), 'radio_application': (28477, 32), 'sequence_lengths': (28477,), 'patient_types': (28477,), 'patient_ids_all_trajectories': (28477,), 'patient_current_t': (28477,), 'prev_treatments': (28477, 31, 2), 'current_treatments': (28477, 31, 2), 'prev_treatment_times': (28477, 31, 1), 'current_treatment_times': (28477, 31, 1), 'current_covariates': (28477, 31, 2), 'outputs': (28477, 31, 1), 'active_entries': (28477, 31, 1), 'unscaled_outputs': (28477, 31, 1), 'prev_outputs': (28477, 31, 1), 'static_features': (28477, 1)}
[2026-03-09 16:32:12,566][src.models.time_varying_model][INFO] - Balanced representations inference for train.
[2026-03-09 16:32:12,606][src.models.time_varying_model][INFO] - Balanced representations inference for val.
[2026-03-09 16:32:12,647][src.models.time_varying_model][INFO] - Balanced representations inference for test.
[2026-03-09 16:32:13,450][src.models.time_varying_model][INFO] - Predictions for test.
[2026-03-09 16:32:14,263][src.data.cancer_sim.dataset][INFO] - Processing train dataset before training (multiple sequences)
[2026-03-09 16:32:14,340][src.data.cancer_sim.dataset][INFO] - Shape of processed train data: {'init_state': (25823, 20), 'original_index': (25823,), 'active_encoder_r': (25823, 29), 'prev_treatments': (25823, 2, 2), 'current_treatments': (25823, 2, 2), 'current_covariates': (25823, 2, 2), 'prev_outputs': (25823, 2, 1), 'static_features': (25823, 1), 'outputs': (25823, 2, 1), 'sequence_lengths': (25823,), 'active_entries': (25823, 2, 1), 'unscaled_outputs': (25823, 2, 1)}
[2026-03-09 16:32:14,340][src.data.cancer_sim.dataset][INFO] - Processing val dataset before training (multiple sequences)
[2026-03-09 16:32:14,418][src.data.cancer_sim.dataset][INFO] - Shape of processed val data: {'init_state': (25770, 20), 'original_index': (25770,), 'active_encoder_r': (25770, 29), 'prev_treatments': (25770, 2, 2), 'current_treatments': (25770, 2, 2), 'current_covariates': (25770, 2, 2), 'prev_outputs': (25770, 2, 1), 'static_features': (25770, 1), 'outputs': (25770, 2, 1), 'sequence_lengths': (25770,), 'active_entries': (25770, 2, 1), 'unscaled_outputs': (25770, 2, 1)}
[2026-03-09 16:32:14,418][src.data.cancer_sim.dataset][INFO] - Processing test dataset before testing (multiple sequences)
[2026-03-09 16:32:14,587][src.data.cancer_sim.dataset][INFO] - Shape of processed test data: {'active_encoder_r': (28477, 29), 'prev_treatments': (28477, 2, 2), 'current_treatments': (28477, 2, 2), 'current_covariates': (28477, 2, 2), 'prev_outputs': (28477, 2, 1), 'static_features': (28477, 1), 'outputs': (28477, 2, 1), 'sequence_lengths': (28477,), 'active_entries': (28477, 2, 1), 'unscaled_outputs': (28477, 2, 1), 'patient_types': (28477,), 'patient_ids_all_trajectories': (28477,), 'patient_current_t': (28477,), 'init_state': (28477, 20)}
[2026-03-09 16:32:14,588][src.data.cancer_sim.dataset][INFO] - Processing test dataset before testing (autoregressive)
[2026-03-09 16:32:14,685][src.data.cancer_sim.dataset][INFO] - Shape of processed test data: {'current_covariates': (28477, 2, 2), 'prev_treatments': (28477, 2, 2), 'current_treatments': (28477, 2, 2), 'init_state': (28477, 20), 'active_encoder_r': (28477, 29), 'active_entries': (28477, 2, 1), 'prev_outputs': (28477, 2, 1), 'static_features': (28477, 1)}
[2026-03-09 16:32:15,905][src.models.time_varying_model][INFO] - RMSE calculation for val.
[2026-03-09 16:32:15,906][src.models.time_varying_model][INFO] - Predictions for val.
[2026-03-09 16:32:16,395][__main__][INFO] - Val normalised RMSE (all): 4.793013989794298; Val normalised RMSE (orig): 4.793013989794301
[2026-03-09 16:32:16,396][src.models.time_varying_model][INFO] - RMSE calculation for test.
[2026-03-09 16:32:16,396][src.models.time_varying_model][INFO] - Autoregressive Prediction for test.
[2026-03-09 16:32:16,396][src.models.time_varying_model][INFO] - t = 2
[2026-03-09 16:32:16,396][src.models.time_varying_model][INFO] - Predictions for test.
[2026-03-09 16:32:16,989][src.models.time_varying_model][INFO] - t = 3
[2026-03-09 16:32:16,989][src.models.time_varying_model][INFO] - Predictions for test.
[2026-03-09 16:32:17,452][__main__][INFO] - Test normalised RMSE (n-step prediction): {'2-step': 20.139209891369646, '3-step': 20.557936075660567}
